<?xml version="1.0" encoding="UTF-8"?>
<!-- Generated by org.testng.reporters.JUnitXMLReporter -->
<testsuite hostname="Anmolsingh" name="CTC-FISH Workflow for Global Cases" tests="46" failures="1" timestamp="24 Jul 2019 10:23:24 GMT" time="442.999" errors="0">
  <testcase name="LIMSLogin" time="10.814" classname="biocept.qa.testcases.CTCWorkflow"/>
  <testcase name="dashboard" time="0.028" classname="biocept.qa.testcases.CTCWorkflow"/>
  <testcase name="PlaceNewOrder" time="50.631" classname="biocept.qa.testcases.CTCWorkflow"/>
  <testcase name="PatientNameOnBarcodePage" time="16.623" classname="biocept.qa.testcases.CTCWorkflow"/>
  <testcase name="UploadAccessionImagesPageTitle" time="8.099" classname="biocept.qa.testcases.CTCWorkflow"/>
  <testcase name="MyWorklistTitle" time="8.327" classname="biocept.qa.testcases.CTCWorkflow"/>
  <testcase name="CTC_FISH_SummaryReport" time="0.002" classname="biocept.qa.testcases.CTCWorkflow"/>
  <testcase name="CTC_FISH_ScoreSheet" time="0.002" classname="biocept.qa.testcases.CTCWorkflow"/>
  <testcase name="CTC_FISH_SampleTraveler" time="0.001" classname="biocept.qa.testcases.CTCWorkflow"/>
  <testcase name="GenerateLongLabel" time="0.003" classname="biocept.qa.testcases.CTCWorkflow"/>
  <testcase name="GenerateSmallLabel" time="0.002" classname="biocept.qa.testcases.CTCWorkflow"/>
  <testcase name="GenerateMolecularLabel" time="0.001" classname="biocept.qa.testcases.CTCWorkflow"/>
  <testcase name="AccesstionType" time="0.951" classname="biocept.qa.testcases.CTCWorkflow"/>
  <testcase name="CellCepProcessingActivityTitle" time="5.179" classname="biocept.qa.testcases.CTCWorkflow"/>
  <testcase name="DownloadPlasmaCSV" time="0.016" classname="biocept.qa.testcases.CTCWorkflow"/>
  <testcase name="CellCepProcessing" time="6.653" classname="biocept.qa.testcases.CTCWorkflow"/>
  <testcase name="CellSepBatchingActivityTitle" time="7.442" classname="biocept.qa.testcases.CTCWorkflow"/>
  <testcase name="CellSepBatching" time="6.577" classname="biocept.qa.testcases.CTCWorkflow"/>
  <testcase name="MEMSProcessingActivityTitle" time="6.876" classname="biocept.qa.testcases.CTCWorkflow"/>
  <testcase name="MEMSProcessing" time="5.441" classname="biocept.qa.testcases.CTCWorkflow"/>
  <testcase name="MemsBatchingActivityTitle" time="6.678" classname="biocept.qa.testcases.CTCWorkflow"/>
  <testcase name="MemsBatching" time="5.815" classname="biocept.qa.testcases.CTCWorkflow"/>
  <testcase name="BioviewScanDataActivityTitle" time="6.486" classname="biocept.qa.testcases.CTCWorkflow"/>
  <testcase name="BioviewScanData" time="6.637" classname="biocept.qa.testcases.CTCWorkflow"/>
  <testcase name="EnumerationImageReviewActivityTitle" time="7.097" classname="biocept.qa.testcases.CTCWorkflow"/>
  <testcase name="EnumerationImageReview" time="18.605" classname="biocept.qa.testcases.CTCWorkflow"/>
  <testcase name="CTCICCResultsSummaryActivityTitle" time="6.963" classname="biocept.qa.testcases.CTCWorkflow"/>
  <testcase name="CTCICCResultsSummary" time="8.011" classname="biocept.qa.testcases.CTCWorkflow"/>
  <testcase name="FISHAutobatchedworklistActivityTitle" time="6.43" classname="biocept.qa.testcases.CTCWorkflow"/>
  <testcase name="FISHAutobatchedworklist" time="6.662" classname="biocept.qa.testcases.CTCWorkflow"/>
  <testcase name="FISHReloAnalysisActivityTitle" time="7.118" classname="biocept.qa.testcases.CTCWorkflow"/>
  <testcase name="FISHReloAnalysis" time="8.594" classname="biocept.qa.testcases.CTCWorkflow"/>
  <testcase name="FISHResultsSummaryActivityTitle" time="8.696" classname="biocept.qa.testcases.CTCWorkflow"/>
  <testcase name="FISHResultsSummary" time="29.617" classname="biocept.qa.testcases.CTCWorkflow"/>
  <testcase name="PIActivityTitle" time="7.614" classname="biocept.qa.testcases.CTCWorkflow"/>
  <testcase name="TechOnlyProfessionalInterpretation" time="6.139" classname="biocept.qa.testcases.CTCWorkflow"/>
  <testcase name="QAReportingWorklistTitle" time="4.6" classname="biocept.qa.testcases.CTCWorkflow"/>
  <testcase name="QAReportingWorklist" time="14.796" classname="biocept.qa.testcases.CTCWorkflow"/>
  <testcase name="FishBatchReviewApproveWorklistTitle" time="4.972" classname="biocept.qa.testcases.CTCWorkflow"/>
  <testcase name="FishReportSignoff_Batch" time="8.477" classname="biocept.qa.testcases.CTCWorkflow"/>
  <testcase name="CompletedWorklist" time="5.233" classname="biocept.qa.testcases.CTCWorkflow"/>
  <testcase name="ConfirmationPopupOnCompletedWorklist" time="3.337" classname="biocept.qa.testcases.CTCWorkflow"/>
  <testcase name="ActivityTitleAfterReOpen" time="24.011" classname="biocept.qa.testcases.CTCWorkflow"/>
  <testcase name="FishReviewApproveTitle" time="5.248" classname="biocept.qa.testcases.CTCWorkflow"/>
  <testcase name="ReportVersionSelectionPopUp" time="82.207" classname="biocept.qa.testcases.CTCWorkflow">
    <failure type="org.openqa.selenium.TimeoutException" message="Expected condition failed: waiting for visibility of Proxy element for: DefaultElementLocator &amp;apos;By.cssSelector: h4[id=&amp;apos;myModalLabel&amp;apos;]&amp;apos; (tried for 40 second(s) with 500 milliseconds interval)">
      <![CDATA[org.openqa.selenium.TimeoutException: Expected condition failed: waiting for visibility of Proxy element for: DefaultElementLocator 'By.cssSelector: h4[id='myModalLabel']' (tried for 40 second(s) with 500 milliseconds interval)
	at org.openqa.selenium.support.ui.WebDriverWait.timeoutException(WebDriverWait.java:95)
	at org.openqa.selenium.support.ui.FluentWait.until(FluentWait.java:272)
	at biocept.qa.utill.ExplicitWait.waitUntilElementToBeVisible(ExplicitWait.java:35)
	at biocept.qa.pages.FISHReviewAndApproveWorklist.reportVersionSelectionPopup(FISHReviewAndApproveWorklist.java:80)
	at biocept.qa.testcases.CTCWorkflow.ReportVersionSelectionPopUp(CTCWorkflow.java:583)
Caused by: org.openqa.selenium.NoSuchElementException: no such element: Unable to locate element: {"method":"css selector","selector":"h4[id='myModalLabel']"}
  (Session info: chrome=75.0.3770.142)
  (Driver info: chromedriver=74.0.3729.6 (255758eccf3d244491b8a1317aa76e1ce10d57e9-refs/branch-heads/3729@{#29}),platform=Windows NT 10.0.16299 x86_64) (WARNING: The server did not provide any stacktrace information)
Command duration or timeout: 0 milliseconds
For documentation on this error, please visit: https://www.seleniumhq.org/exceptions/no_such_element.html
Build info: version: '3.141.59', revision: 'e82be7d358', time: '2018-11-14T08:25:48'
System info: host: 'ANMOLSINGH', ip: '10.60.1.128', os.name: 'Windows 10', os.arch: 'amd64', os.version: '10.0', java.version: '1.8.0_161'
Driver info: org.openqa.selenium.chrome.ChromeDriver
Capabilities {acceptInsecureCerts: false, acceptSslCerts: false, applicationCacheEnabled: false, browserConnectionEnabled: false, browserName: chrome, chrome: {chromedriverVersion: 74.0.3729.6 (255758eccf3d24..., userDataDir: C:\Users\ANMOL~1.SIN\AppDat...}, cssSelectorsEnabled: true, databaseEnabled: false, goog:chromeOptions: {debuggerAddress: localhost:56156}, handlesAlerts: true, hasTouchScreen: false, javascriptEnabled: true, locationContextEnabled: true, mobileEmulationEnabled: false, nativeEvents: true, networkConnectionEnabled: false, pageLoadStrategy: normal, platform: XP, platformName: XP, proxy: Proxy(), rotatable: false, setWindowRect: true, strictFileInteractability: false, takesHeapSnapshot: true, takesScreenshot: true, timeouts: {implicit: 0, pageLoad: 300000, script: 30000}, unexpectedAlertBehaviour: ignore, unhandledPromptBehavior: ignore, version: 75.0.3770.142, webStorageEnabled: true}
Session ID: 75c9ef874d8f7b9077b324a7f7565d41
*** Element info: {Using=css selector, value=h4[id='myModalLabel']}
	at org.openqa.selenium.remote.ErrorHandler.createThrowable(ErrorHandler.java:214)
	at org.openqa.selenium.remote.ErrorHandler.throwIfResponseFailed(ErrorHandler.java:166)
	at org.openqa.selenium.remote.http.JsonHttpResponseCodec.reconstructValue(JsonHttpResponseCodec.java:40)
	at org.openqa.selenium.remote.http.AbstractHttpResponseCodec.decode(AbstractHttpResponseCodec.java:80)
	at org.openqa.selenium.remote.http.AbstractHttpResponseCodec.decode(AbstractHttpResponseCodec.java:44)
	at org.openqa.selenium.remote.HttpCommandExecutor.execute(HttpCommandExecutor.java:158)
	at org.openqa.selenium.remote.service.DriverCommandExecutor.execute(DriverCommandExecutor.java:83)
	at org.openqa.selenium.remote.RemoteWebDriver.execute(RemoteWebDriver.java:552)
	at org.openqa.selenium.remote.RemoteWebDriver.findElement(RemoteWebDriver.java:323)
	at org.openqa.selenium.remote.RemoteWebDriver.findElementByCssSelector(RemoteWebDriver.java:420)
	at org.openqa.selenium.By$ByCssSelector.findElement(By.java:431)
	at org.openqa.selenium.remote.RemoteWebDriver.findElement(RemoteWebDriver.java:315)
	at org.openqa.selenium.support.pagefactory.DefaultElementLocator.findElement(DefaultElementLocator.java:69)
	at org.openqa.selenium.support.pagefactory.internal.LocatingElementHandler.invoke(LocatingElementHandler.java:38)
	at com.sun.proxy.$Proxy13.isDisplayed(Unknown Source)
	at org.openqa.selenium.support.ui.ExpectedConditions.elementIfVisible(ExpectedConditions.java:314)
	at org.openqa.selenium.support.ui.ExpectedConditions.access$000(ExpectedConditions.java:43)
	at org.openqa.selenium.support.ui.ExpectedConditions$10.apply(ExpectedConditions.java:300)
	at org.openqa.selenium.support.ui.ExpectedConditions$10.apply(ExpectedConditions.java:297)
	at org.openqa.selenium.support.ui.FluentWait.until(FluentWait.java:249)
	... 27 more
... Removed 28 stack frames]]>
    </failure>
  </testcase> <!-- ReportVersionSelectionPopUp -->
  <testcase name="SignoffTheReportForNewVersion" time="0.0" classname="biocept.qa.testcases.CTCWorkflow">
    <skipped/>
  </testcase> <!-- SignoffTheReportForNewVersion -->
</testsuite> <!-- CTC-FISH Workflow for Global Cases -->
