<html>
<head>
<title>TestNG:  CTC-FISH Workflow for Global Cases</title>
<link href="../testng.css" rel="stylesheet" type="text/css" />
<link href="../my-testng.css" rel="stylesheet" type="text/css" />

<style type="text/css">
.log { display: none;} 
.stack-trace { display: none;} 
</style>
<script type="text/javascript">
<!--
function flip(e) {
  current = e.style.display;
  if (current == 'block') {
    e.style.display = 'none';
    return 0;
  }
  else {
    e.style.display = 'block';
    return 1;
  }
}

function toggleBox(szDivId, elem, msg1, msg2)
{
  var res = -1;  if (document.getElementById) {
    res = flip(document.getElementById(szDivId));
  }
  else if (document.all) {
    // this is the way old msie versions work
    res = flip(document.all[szDivId]);
  }
  if(elem) {
    if(res == 0) elem.innerHTML = msg1; else elem.innerHTML = msg2;
  }

}

function toggleAllBoxes() {
  if (document.getElementsByTagName) {
    d = document.getElementsByTagName('div');
    for (i = 0; i < d.length; i++) {
      if (d[i].className == 'log') {
        flip(d[i]);
      }
    }
  }
}

// -->
</script>

</head>
<body>
<h2 align='center'>CTC-FISH Workflow for Global Cases</h2><table border='1' align="center">
<tr>
<td>Tests passed/Failed/Skipped:</td><td>44/1/1</td>
</tr><tr>
<td>Started on:</td><td>Wed Jul 24 15:46:01 IST 2019</td>
</tr>
<tr><td>Total time:</td><td>442 seconds (442999 ms)</td>
</tr><tr>
<td>Included groups:</td><td></td>
</tr><tr>
<td>Excluded groups:</td><td></td>
</tr>
</table><p/>
<small><i>(Hover the method name to see the test class name)</i></small><p/>
<table width='100%' border='1' class='invocation-failed'>
<tr><td colspan='4' align='center'><b>FAILED TESTS</b></td></tr>
<tr><td><b>Test method</b></td>
<td width="30%"><b>Exception</b></td>
<td width="10%"><b>Time (seconds)</b></td>
<td><b>Instance</b></td>
</tr>
<tr>
<td title='biocept.qa.testcases.CTCWorkflow.ReportVersionSelectionPopUp()'><b>ReportVersionSelectionPopUp</b><br>Test class: biocept.qa.testcases.CTCWorkflow<br>Test method: Verify the functionality when user tries to signoff the report again</td>
<td><div><pre>org.openqa.selenium.TimeoutException: Expected condition failed: waiting for visibility of Proxy element for: DefaultElementLocator &apos;By.cssSelector: h4[id=&apos;myModalLabel&apos;]&apos; (tried for 40 second(s) with 500 milliseconds interval)
	at org.openqa.selenium.support.ui.WebDriverWait.timeoutException(WebDriverWait.java:95)
	at org.openqa.selenium.support.ui.FluentWait.until(FluentWait.java:272)
	at biocept.qa.utill.ExplicitWait.waitUntilElementToBeVisible(ExplicitWait.java:35)
	at biocept.qa.pages.FISHReviewAndApproveWorklist.reportVersionSelectionPopup(FISHReviewAndApproveWorklist.java:80)
	at biocept.qa.testcases.CTCWorkflow.ReportVersionSelectionPopUp(CTCWorkflow.java:583)
Caused by: org.openqa.selenium.NoSuchElementException: no such element: Unable to locate element: {&quot;method&quot;:&quot;css selector&quot;,&quot;selector&quot;:&quot;h4[id=&apos;myModalLabel&apos;]&quot;}
  (Session info: chrome=75.0.3770.142)
  (Driver info: chromedriver=74.0.3729.6 (255758eccf3d244491b8a1317aa76e1ce10d57e9-refs/branch-heads/3729@{#29}),platform=Windows NT 10.0.16299 x86_64) (WARNING: The server did not provide any stacktrace information)
Command duration or timeout: 0 milliseconds
For documentation on this error, please visit: https://www.seleniumhq.org/exceptions/no_such_element.html
Build info: version: &apos;3.141.59&apos;, revision: &apos;e82be7d358&apos;, time: &apos;2018-11-14T08:25:48&apos;
System info: host: &apos;ANMOLSINGH&apos;, ip: &apos;10.60.1.128&apos;, os.name: &apos;Windows 10&apos;, os.arch: &apos;amd64&apos;, os.version: &apos;10.0&apos;, java.version: &apos;1.8.0_161&apos;
Driver info: org.openqa.selenium.chrome.ChromeDriver
Capabilities {acceptInsecureCerts: false, acceptSslCerts: false, applicationCacheEnabled: false, browserConnectionEnabled: false, browserName: chrome, chrome: {chromedriverVersion: 74.0.3729.6 (255758eccf3d24..., userDataDir: C:\Users\ANMOL~1.SIN\AppDat...}, cssSelectorsEnabled: true, databaseEnabled: false, goog:chromeOptions: {debuggerAddress: localhost:56156}, handlesAlerts: true, hasTouchScreen: false, javascriptEnabled: true, locationContextEnabled: true, mobileEmulationEnabled: false, nativeEvents: true, networkConnectionEnabled: false, pageLoadStrategy: normal, platform: XP, platformName: XP, proxy: Proxy(), rotatable: false, setWindowRect: true, strictFileInteractability: false, takesHeapSnapshot: true, takesScreenshot: true, timeouts: {implicit: 0, pageLoad: 300000, script: 30000}, unexpectedAlertBehaviour: ignore, unhandledPromptBehavior: ignore, version: 75.0.3770.142, webStorageEnabled: true}
Session ID: 75c9ef874d8f7b9077b324a7f7565d41
*** Element info: {Using=css selector, value=h4[id=&apos;myModalLabel&apos;]}
	at org.openqa.selenium.remote.ErrorHandler.createThrowable(ErrorHandler.java:214)
	at org.openqa.selenium.remote.ErrorHandler.throwIfResponseFailed(ErrorHandler.java:166)
	at org.openqa.selenium.remote.http.JsonHttpResponseCodec.reconstructValue(JsonHttpResponseCodec.java:40)
	at org.openqa.selenium.remote.http.AbstractHttpResponseCodec.decode(AbstractHttpResponseCodec.java:80)
	at org.openqa.selenium.remote.http.AbstractHttpResponseCodec.decode(AbstractHttpResponseCodec.java:44)
	at org.openqa.selenium.remote.HttpCommandExecutor.execute(HttpCommandExecutor.java:158)
	at org.openqa.selenium.remote.service.DriverCommandExecutor.execute(DriverCommandExecutor.java:83)
	at org.openqa.selenium.remote.RemoteWebDriver.execute(RemoteWebDriver.java:552)
	at org.openqa.selenium.remote.RemoteWebDriver.findElement(RemoteWebDriver.java:323)
	at org.openqa.selenium.remote.RemoteWebDriver.findElementByCssSelector(RemoteWebDriver.java:420)
	at org.openqa.selenium.By$ByCssSelector.findElement(By.java:431)
	at org.openqa.selenium.remote.RemoteWebDriver.findElement(RemoteWebDriver.java:315)
	at org.openqa.selenium.support.pagefactory.DefaultElementLocator.findElement(DefaultElementLocator.java:69)
	at org.openqa.selenium.support.pagefactory.internal.LocatingElementHandler.invoke(LocatingElementHandler.java:38)
	at com.sun.proxy.$Proxy13.isDisplayed(Unknown Source)
	at org.openqa.selenium.support.ui.ExpectedConditions.elementIfVisible(ExpectedConditions.java:314)
	at org.openqa.selenium.support.ui.ExpectedConditions.access$000(ExpectedConditions.java:43)
	at org.openqa.selenium.support.ui.ExpectedConditions$10.apply(ExpectedConditions.java:300)
	at org.openqa.selenium.support.ui.ExpectedConditions$10.apply(ExpectedConditions.java:297)
	at org.openqa.selenium.support.ui.FluentWait.until(FluentWait.java:249)
	... 27 more
... Removed 28 stack frames</pre></div><a href='#' onClick='toggleBox("stack-trace475871084", this, "Click to show all stack frames", "Click to hide stack frames")'>Click to show all stack frames</a>
<div class='stack-trace' id='stack-trace475871084'><pre>org.openqa.selenium.TimeoutException: Expected condition failed: waiting for visibility of Proxy element for: DefaultElementLocator &apos;By.cssSelector: h4[id=&apos;myModalLabel&apos;]&apos; (tried for 40 second(s) with 500 milliseconds interval)
	at org.openqa.selenium.support.ui.WebDriverWait.timeoutException(WebDriverWait.java:95)
	at org.openqa.selenium.support.ui.FluentWait.until(FluentWait.java:272)
	at biocept.qa.utill.ExplicitWait.waitUntilElementToBeVisible(ExplicitWait.java:35)
	at biocept.qa.pages.FISHReviewAndApproveWorklist.reportVersionSelectionPopup(FISHReviewAndApproveWorklist.java:80)
	at biocept.qa.testcases.CTCWorkflow.ReportVersionSelectionPopUp(CTCWorkflow.java:583)
	at sun.reflect.NativeMethodAccessorImpl.invoke0(Native Method)
	at sun.reflect.NativeMethodAccessorImpl.invoke(NativeMethodAccessorImpl.java:62)
	at sun.reflect.DelegatingMethodAccessorImpl.invoke(DelegatingMethodAccessorImpl.java:43)
	at java.lang.reflect.Method.invoke(Method.java:498)
	at org.testng.internal.MethodInvocationHelper.invokeMethod(MethodInvocationHelper.java:85)
	at org.testng.internal.Invoker.invokeMethod(Invoker.java:639)
	at org.testng.internal.Invoker.invokeTestMethod(Invoker.java:816)
	at org.testng.internal.Invoker.invokeTestMethods(Invoker.java:1124)
	at org.testng.internal.TestMethodWorker.invokeTestMethods(TestMethodWorker.java:125)
	at org.testng.internal.TestMethodWorker.run(TestMethodWorker.java:108)
	at org.testng.TestRunner.privateRun(TestRunner.java:774)
	at org.testng.TestRunner.run(TestRunner.java:624)
	at org.testng.SuiteRunner.runTest(SuiteRunner.java:359)
	at org.testng.SuiteRunner.runSequentially(SuiteRunner.java:354)
	at org.testng.SuiteRunner.privateRun(SuiteRunner.java:312)
	at org.testng.SuiteRunner.run(SuiteRunner.java:261)
	at org.testng.SuiteRunnerWorker.runSuite(SuiteRunnerWorker.java:52)
	at org.testng.SuiteRunnerWorker.run(SuiteRunnerWorker.java:86)
	at org.testng.TestNG.runSuitesSequentially(TestNG.java:1191)
	at org.testng.TestNG.runSuitesLocally(TestNG.java:1116)
	at org.testng.TestNG.run(TestNG.java:1024)
	at org.testng.remote.AbstractRemoteTestNG.run(AbstractRemoteTestNG.java:126)
	at org.testng.remote.RemoteTestNG.initAndRun(RemoteTestNG.java:137)
	at org.testng.remote.RemoteTestNG.main(RemoteTestNG.java:58)
Caused by: org.openqa.selenium.NoSuchElementException: no such element: Unable to locate element: {&quot;method&quot;:&quot;css selector&quot;,&quot;selector&quot;:&quot;h4[id=&apos;myModalLabel&apos;]&quot;}
  (Session info: chrome=75.0.3770.142)
  (Driver info: chromedriver=74.0.3729.6 (255758eccf3d244491b8a1317aa76e1ce10d57e9-refs/branch-heads/3729@{#29}),platform=Windows NT 10.0.16299 x86_64) (WARNING: The server did not provide any stacktrace information)
Command duration or timeout: 0 milliseconds
For documentation on this error, please visit: https://www.seleniumhq.org/exceptions/no_such_element.html
Build info: version: &apos;3.141.59&apos;, revision: &apos;e82be7d358&apos;, time: &apos;2018-11-14T08:25:48&apos;
System info: host: &apos;ANMOLSINGH&apos;, ip: &apos;10.60.1.128&apos;, os.name: &apos;Windows 10&apos;, os.arch: &apos;amd64&apos;, os.version: &apos;10.0&apos;, java.version: &apos;1.8.0_161&apos;
Driver info: org.openqa.selenium.chrome.ChromeDriver
Capabilities {acceptInsecureCerts: false, acceptSslCerts: false, applicationCacheEnabled: false, browserConnectionEnabled: false, browserName: chrome, chrome: {chromedriverVersion: 74.0.3729.6 (255758eccf3d24..., userDataDir: C:\Users\ANMOL~1.SIN\AppDat...}, cssSelectorsEnabled: true, databaseEnabled: false, goog:chromeOptions: {debuggerAddress: localhost:56156}, handlesAlerts: true, hasTouchScreen: false, javascriptEnabled: true, locationContextEnabled: true, mobileEmulationEnabled: false, nativeEvents: true, networkConnectionEnabled: false, pageLoadStrategy: normal, platform: XP, platformName: XP, proxy: Proxy(), rotatable: false, setWindowRect: true, strictFileInteractability: false, takesHeapSnapshot: true, takesScreenshot: true, timeouts: {implicit: 0, pageLoad: 300000, script: 30000}, unexpectedAlertBehaviour: ignore, unhandledPromptBehavior: ignore, version: 75.0.3770.142, webStorageEnabled: true}
Session ID: 75c9ef874d8f7b9077b324a7f7565d41
*** Element info: {Using=css selector, value=h4[id=&apos;myModalLabel&apos;]}
	at sun.reflect.NativeConstructorAccessorImpl.newInstance0(Native Method)
	at sun.reflect.NativeConstructorAccessorImpl.newInstance(NativeConstructorAccessorImpl.java:62)
	at sun.reflect.DelegatingConstructorAccessorImpl.newInstance(DelegatingConstructorAccessorImpl.java:45)
	at java.lang.reflect.Constructor.newInstance(Constructor.java:423)
	at org.openqa.selenium.remote.ErrorHandler.createThrowable(ErrorHandler.java:214)
	at org.openqa.selenium.remote.ErrorHandler.throwIfResponseFailed(ErrorHandler.java:166)
	at org.openqa.selenium.remote.http.JsonHttpResponseCodec.reconstructValue(JsonHttpResponseCodec.java:40)
	at org.openqa.selenium.remote.http.AbstractHttpResponseCodec.decode(AbstractHttpResponseCodec.java:80)
	at org.openqa.selenium.remote.http.AbstractHttpResponseCodec.decode(AbstractHttpResponseCodec.java:44)
	at org.openqa.selenium.remote.HttpCommandExecutor.execute(HttpCommandExecutor.java:158)
	at org.openqa.selenium.remote.service.DriverCommandExecutor.execute(DriverCommandExecutor.java:83)
	at org.openqa.selenium.remote.RemoteWebDriver.execute(RemoteWebDriver.java:552)
	at org.openqa.selenium.remote.RemoteWebDriver.findElement(RemoteWebDriver.java:323)
	at org.openqa.selenium.remote.RemoteWebDriver.findElementByCssSelector(RemoteWebDriver.java:420)
	at org.openqa.selenium.By$ByCssSelector.findElement(By.java:431)
	at org.openqa.selenium.remote.RemoteWebDriver.findElement(RemoteWebDriver.java:315)
	at org.openqa.selenium.support.pagefactory.DefaultElementLocator.findElement(DefaultElementLocator.java:69)
	at org.openqa.selenium.support.pagefactory.internal.LocatingElementHandler.invoke(LocatingElementHandler.java:38)
	at com.sun.proxy.$Proxy13.isDisplayed(Unknown Source)
	at org.openqa.selenium.support.ui.ExpectedConditions.elementIfVisible(ExpectedConditions.java:314)
	at org.openqa.selenium.support.ui.ExpectedConditions.access$000(ExpectedConditions.java:43)
	at org.openqa.selenium.support.ui.ExpectedConditions$10.apply(ExpectedConditions.java:300)
	at org.openqa.selenium.support.ui.ExpectedConditions$10.apply(ExpectedConditions.java:297)
	at org.openqa.selenium.support.ui.FluentWait.until(FluentWait.java:249)
	... 27 more
</pre></div></td>
<td>82</td>
<td>biocept.qa.testcases.CTCWorkflow@57536d79</td></tr>
</table><p>
<table width='100%' border='1' class='invocation-passed'>
<tr><td colspan='4' align='center'><b>PASSED TESTS</b></td></tr>
<tr><td><b>Test method</b></td>
<td width="30%"><b>Exception</b></td>
<td width="10%"><b>Time (seconds)</b></td>
<td><b>Instance</b></td>
</tr>
<tr>
<td title='biocept.qa.testcases.CTCWorkflow.AccesstionType()'><b>AccesstionType</b><br>Test class: biocept.qa.testcases.CTCWorkflow<br>Test method: Verify the accession type when user create an accession without selecting Assign Professional Work checkbox</td>
<td></td>
<td>0</td>
<td>biocept.qa.testcases.CTCWorkflow@57536d79</td></tr>
<tr>
<td title='biocept.qa.testcases.CTCWorkflow.ActivityTitleAfterReOpen()'><b>ActivityTitleAfterReOpen</b><br>Test class: biocept.qa.testcases.CTCWorkflow<br>Test method: Verify the activity after reopen the case from completed worklist</td>
<td></td>
<td>24</td>
<td>biocept.qa.testcases.CTCWorkflow@57536d79</td></tr>
<tr>
<td title='biocept.qa.testcases.CTCWorkflow.BioviewScanData()'><b>BioviewScanData</b><br>Test class: biocept.qa.testcases.CTCWorkflow<br>Test method: Verify user is able to complete the Bioview Scan Data Activity</td>
<td></td>
<td>6</td>
<td>biocept.qa.testcases.CTCWorkflow@57536d79</td></tr>
<tr>
<td title='biocept.qa.testcases.CTCWorkflow.BioviewScanDataActivityTitle()'><b>BioviewScanDataActivityTitle</b><br>Test class: biocept.qa.testcases.CTCWorkflow<br>Test method: Verify user is able to open the Bioview Scan Data Activity</td>
<td></td>
<td>6</td>
<td>biocept.qa.testcases.CTCWorkflow@57536d79</td></tr>
<tr>
<td title='biocept.qa.testcases.CTCWorkflow.CTCICCResultsSummary()'><b>CTCICCResultsSummary</b><br>Test class: biocept.qa.testcases.CTCWorkflow<br>Test method: Verify user is able to complete the CTC ICC Results Summary Activity</td>
<td></td>
<td>8</td>
<td>biocept.qa.testcases.CTCWorkflow@57536d79</td></tr>
<tr>
<td title='biocept.qa.testcases.CTCWorkflow.CTCICCResultsSummaryActivityTitle()'><b>CTCICCResultsSummaryActivityTitle</b><br>Test class: biocept.qa.testcases.CTCWorkflow<br>Test method: Verify user is able to open the CTC ICC Results Summary Activity</td>
<td></td>
<td>6</td>
<td>biocept.qa.testcases.CTCWorkflow@57536d79</td></tr>
<tr>
<td title='biocept.qa.testcases.CTCWorkflow.CTC_FISH_SampleTraveler()'><b>CTC_FISH_SampleTraveler</b><br>Test class: biocept.qa.testcases.CTCWorkflow<br>Test method: Verify user is able to download CTC-FISH Sample Traveler</td>
<td></td>
<td>0</td>
<td>biocept.qa.testcases.CTCWorkflow@57536d79</td></tr>
<tr>
<td title='biocept.qa.testcases.CTCWorkflow.CTC_FISH_ScoreSheet()'><b>CTC_FISH_ScoreSheet</b><br>Test class: biocept.qa.testcases.CTCWorkflow<br>Test method: Verify user is able to download CTC-FISH Score Sheet</td>
<td></td>
<td>0</td>
<td>biocept.qa.testcases.CTCWorkflow@57536d79</td></tr>
<tr>
<td title='biocept.qa.testcases.CTCWorkflow.CTC_FISH_SummaryReport()'><b>CTC_FISH_SummaryReport</b><br>Test class: biocept.qa.testcases.CTCWorkflow<br>Test method: Verify user is able to download CTC-FISH Summary Report</td>
<td></td>
<td>0</td>
<td>biocept.qa.testcases.CTCWorkflow@57536d79</td></tr>
<tr>
<td title='biocept.qa.testcases.CTCWorkflow.CellCepProcessing()'><b>CellCepProcessing</b><br>Test class: biocept.qa.testcases.CTCWorkflow<br>Test method: Verify user is able to complete the Cell Cep Processing Activity</td>
<td></td>
<td>6</td>
<td>biocept.qa.testcases.CTCWorkflow@57536d79</td></tr>
<tr>
<td title='biocept.qa.testcases.CTCWorkflow.CellCepProcessingActivityTitle()'><b>CellCepProcessingActivityTitle</b><br>Test class: biocept.qa.testcases.CTCWorkflow<br>Test method: Verify user is able to open the Cell Cep Processing Activity</td>
<td></td>
<td>5</td>
<td>biocept.qa.testcases.CTCWorkflow@57536d79</td></tr>
<tr>
<td title='biocept.qa.testcases.CTCWorkflow.CellSepBatching()'><b>CellSepBatching</b><br>Test class: biocept.qa.testcases.CTCWorkflow<br>Test method: Verify user is able to complete the Cell Cep Batching Activity</td>
<td></td>
<td>6</td>
<td>biocept.qa.testcases.CTCWorkflow@57536d79</td></tr>
<tr>
<td title='biocept.qa.testcases.CTCWorkflow.CellSepBatchingActivityTitle()'><b>CellSepBatchingActivityTitle</b><br>Test class: biocept.qa.testcases.CTCWorkflow<br>Test method: Verify user is able to open the Cell Cep Batching Activity</td>
<td></td>
<td>7</td>
<td>biocept.qa.testcases.CTCWorkflow@57536d79</td></tr>
<tr>
<td title='biocept.qa.testcases.CTCWorkflow.CompletedWorklist()'><b>CompletedWorklist</b><br>Test class: biocept.qa.testcases.CTCWorkflow<br>Test method: Verify user is able to open the Completed Worklist</td>
<td></td>
<td>5</td>
<td>biocept.qa.testcases.CTCWorkflow@57536d79</td></tr>
<tr>
<td title='biocept.qa.testcases.CTCWorkflow.ConfirmationPopupOnCompletedWorklist()'><b>ConfirmationPopupOnCompletedWorklist</b><br>Test class: biocept.qa.testcases.CTCWorkflow<br>Test method: Verify the functionality when user tries to reopen the case from completed worklist</td>
<td></td>
<td>3</td>
<td>biocept.qa.testcases.CTCWorkflow@57536d79</td></tr>
<tr>
<td title='biocept.qa.testcases.CTCWorkflow.DownloadPlasmaCSV()'><b>DownloadPlasmaCSV</b><br>Test class: biocept.qa.testcases.CTCWorkflow<br>Test method: Verify the download functionality for PlasmaCSV</td>
<td></td>
<td>0</td>
<td>biocept.qa.testcases.CTCWorkflow@57536d79</td></tr>
<tr>
<td title='biocept.qa.testcases.CTCWorkflow.EnumerationImageReview()'><b>EnumerationImageReview</b><br>Test class: biocept.qa.testcases.CTCWorkflow<br>Test method: Verify user is able to complete the Enumeration Image Review Activity</td>
<td></td>
<td>18</td>
<td>biocept.qa.testcases.CTCWorkflow@57536d79</td></tr>
<tr>
<td title='biocept.qa.testcases.CTCWorkflow.EnumerationImageReviewActivityTitle()'><b>EnumerationImageReviewActivityTitle</b><br>Test class: biocept.qa.testcases.CTCWorkflow<br>Test method: Verify user is able to open the Enumeration Image Review Activity</td>
<td></td>
<td>7</td>
<td>biocept.qa.testcases.CTCWorkflow@57536d79</td></tr>
<tr>
<td title='biocept.qa.testcases.CTCWorkflow.FISHAutobatchedworklist()'><b>FISHAutobatchedworklist</b><br>Test class: biocept.qa.testcases.CTCWorkflow<br>Test method: Verify user is able to complete the FISH Auto batched worklist Activity</td>
<td></td>
<td>6</td>
<td>biocept.qa.testcases.CTCWorkflow@57536d79</td></tr>
<tr>
<td title='biocept.qa.testcases.CTCWorkflow.FISHAutobatchedworklistActivityTitle()'><b>FISHAutobatchedworklistActivityTitle</b><br>Test class: biocept.qa.testcases.CTCWorkflow<br>Test method: Verify user is able to open the FISH Auto batched worklist Activity</td>
<td></td>
<td>6</td>
<td>biocept.qa.testcases.CTCWorkflow@57536d79</td></tr>
<tr>
<td title='biocept.qa.testcases.CTCWorkflow.FISHReloAnalysis()'><b>FISHReloAnalysis</b><br>Test class: biocept.qa.testcases.CTCWorkflow<br>Test method: Verify user is able to complete the FISH Relo Analysis Activity</td>
<td></td>
<td>8</td>
<td>biocept.qa.testcases.CTCWorkflow@57536d79</td></tr>
<tr>
<td title='biocept.qa.testcases.CTCWorkflow.FISHReloAnalysisActivityTitle()'><b>FISHReloAnalysisActivityTitle</b><br>Test class: biocept.qa.testcases.CTCWorkflow<br>Test method: Verify user is able to open the FISH Relo Analysis Activity</td>
<td></td>
<td>7</td>
<td>biocept.qa.testcases.CTCWorkflow@57536d79</td></tr>
<tr>
<td title='biocept.qa.testcases.CTCWorkflow.FISHResultsSummary()'><b>FISHResultsSummary</b><br>Test class: biocept.qa.testcases.CTCWorkflow<br>Test method: Verify user is able to complete the FISH Results Summary Activity</td>
<td></td>
<td>29</td>
<td>biocept.qa.testcases.CTCWorkflow@57536d79</td></tr>
<tr>
<td title='biocept.qa.testcases.CTCWorkflow.FISHResultsSummaryActivityTitle()'><b>FISHResultsSummaryActivityTitle</b><br>Test class: biocept.qa.testcases.CTCWorkflow<br>Test method: Verify user is able to open the FISH Results Summary Activity</td>
<td></td>
<td>8</td>
<td>biocept.qa.testcases.CTCWorkflow@57536d79</td></tr>
<tr>
<td title='biocept.qa.testcases.CTCWorkflow.FishBatchReviewApproveWorklistTitle()'><b>FishBatchReviewApproveWorklistTitle</b><br>Test class: biocept.qa.testcases.CTCWorkflow<br>Test method: Verify user is able to open FISH Batch Review & Approve Worklist</td>
<td></td>
<td>4</td>
<td>biocept.qa.testcases.CTCWorkflow@57536d79</td></tr>
<tr>
<td title='biocept.qa.testcases.CTCWorkflow.FishReportSignoff_Batch()'><b>FishReportSignoff_Batch</b><br>Test class: biocept.qa.testcases.CTCWorkflow<br>Test method: Verify user is able to Signoff the CTC-FISH Report from FISH Batch Review & Approve Worklist</td>
<td></td>
<td>8</td>
<td>biocept.qa.testcases.CTCWorkflow@57536d79</td></tr>
<tr>
<td title='biocept.qa.testcases.CTCWorkflow.FishReviewApproveTitle()'><b>FishReviewApproveTitle</b><br>Test class: biocept.qa.testcases.CTCWorkflow<br>Test method: Verify user is able to open FISH Review & Approve Worklist</td>
<td></td>
<td>5</td>
<td>biocept.qa.testcases.CTCWorkflow@57536d79</td></tr>
<tr>
<td title='biocept.qa.testcases.CTCWorkflow.GenerateLongLabel()'><b>GenerateLongLabel</b><br>Test class: biocept.qa.testcases.CTCWorkflow<br>Test method: Verify user is able to download Generate Long Label(s)</td>
<td></td>
<td>0</td>
<td>biocept.qa.testcases.CTCWorkflow@57536d79</td></tr>
<tr>
<td title='biocept.qa.testcases.CTCWorkflow.GenerateMolecularLabel()'><b>GenerateMolecularLabel</b><br>Test class: biocept.qa.testcases.CTCWorkflow<br>Test method: Verify user is able to download Generate Molecular Label</td>
<td></td>
<td>0</td>
<td>biocept.qa.testcases.CTCWorkflow@57536d79</td></tr>
<tr>
<td title='biocept.qa.testcases.CTCWorkflow.GenerateSmallLabel()'><b>GenerateSmallLabel</b><br>Test class: biocept.qa.testcases.CTCWorkflow<br>Test method: Verify user is able to download Generate Small Label</td>
<td></td>
<td>0</td>
<td>biocept.qa.testcases.CTCWorkflow@57536d79</td></tr>
<tr>
<td title='biocept.qa.testcases.CTCWorkflow.LIMSLogin()'><b>LIMSLogin</b><br>Test class: biocept.qa.testcases.CTCWorkflow<br>Test method: Verify user is able to login in LIMS portal</td>
<td></td>
<td>10</td>
<td>biocept.qa.testcases.CTCWorkflow@57536d79</td></tr>
<tr>
<td title='biocept.qa.testcases.CTCWorkflow.MEMSProcessing()'><b>MEMSProcessing</b><br>Test class: biocept.qa.testcases.CTCWorkflow<br>Test method: Verify user is able to complete the Mems Processing Activity</td>
<td></td>
<td>5</td>
<td>biocept.qa.testcases.CTCWorkflow@57536d79</td></tr>
<tr>
<td title='biocept.qa.testcases.CTCWorkflow.MEMSProcessingActivityTitle()'><b>MEMSProcessingActivityTitle</b><br>Test class: biocept.qa.testcases.CTCWorkflow<br>Test method: Verify user is able to open the Mems Processing Activity</td>
<td></td>
<td>6</td>
<td>biocept.qa.testcases.CTCWorkflow@57536d79</td></tr>
<tr>
<td title='biocept.qa.testcases.CTCWorkflow.MemsBatching()'><b>MemsBatching</b><br>Test class: biocept.qa.testcases.CTCWorkflow<br>Test method: Verify user is able to complete the Mems Batching Activity</td>
<td></td>
<td>5</td>
<td>biocept.qa.testcases.CTCWorkflow@57536d79</td></tr>
<tr>
<td title='biocept.qa.testcases.CTCWorkflow.MemsBatchingActivityTitle()'><b>MemsBatchingActivityTitle</b><br>Test class: biocept.qa.testcases.CTCWorkflow<br>Test method: Verify user is able to open the Mems Batching Activity</td>
<td></td>
<td>6</td>
<td>biocept.qa.testcases.CTCWorkflow@57536d79</td></tr>
<tr>
<td title='biocept.qa.testcases.CTCWorkflow.MyWorklistTitle()'><b>MyWorklistTitle</b><br>Test class: biocept.qa.testcases.CTCWorkflow<br>Test method: Verify user is able to open the My Worklist</td>
<td></td>
<td>8</td>
<td>biocept.qa.testcases.CTCWorkflow@57536d79</td></tr>
<tr>
<td title='biocept.qa.testcases.CTCWorkflow.PIActivityTitle()'><b>PIActivityTitle</b><br>Test class: biocept.qa.testcases.CTCWorkflow<br>Test method: Verify user is able to open the TechOnly Professional Interpretation Activity</td>
<td></td>
<td>7</td>
<td>biocept.qa.testcases.CTCWorkflow@57536d79</td></tr>
<tr>
<td title='biocept.qa.testcases.CTCWorkflow.PatientNameOnBarcodePage()'><b>PatientNameOnBarcodePage</b><br>Test class: biocept.qa.testcases.CTCWorkflow<br>Test method: Verify patient name on barcode page</td>
<td></td>
<td>16</td>
<td>biocept.qa.testcases.CTCWorkflow@57536d79</td></tr>
<tr>
<td title='biocept.qa.testcases.CTCWorkflow.PlaceNewOrder()'><b>PlaceNewOrder</b><br>Test class: biocept.qa.testcases.CTCWorkflow<br>Test method: Verify user is able to create a new accession for CTC-FISH</td>
<td></td>
<td>50</td>
<td>biocept.qa.testcases.CTCWorkflow@57536d79</td></tr>
<tr>
<td title='biocept.qa.testcases.CTCWorkflow.QAReportingWorklist()'><b>QAReportingWorklist</b><br>Test class: biocept.qa.testcases.CTCWorkflow<br>Test method: Verify user is able to complete the QA Reporting</td>
<td></td>
<td>14</td>
<td>biocept.qa.testcases.CTCWorkflow@57536d79</td></tr>
<tr>
<td title='biocept.qa.testcases.CTCWorkflow.QAReportingWorklistTitle()'><b>QAReportingWorklistTitle</b><br>Test class: biocept.qa.testcases.CTCWorkflow<br>Test method: Verify user is able to open the QA Reporting Worklist</td>
<td></td>
<td>4</td>
<td>biocept.qa.testcases.CTCWorkflow@57536d79</td></tr>
<tr>
<td title='biocept.qa.testcases.CTCWorkflow.TechOnlyProfessionalInterpretation()'><b>TechOnlyProfessionalInterpretation</b><br>Test class: biocept.qa.testcases.CTCWorkflow<br>Test method: Verify user is able to complete the PI Activity</td>
<td></td>
<td>6</td>
<td>biocept.qa.testcases.CTCWorkflow@57536d79</td></tr>
<tr>
<td title='biocept.qa.testcases.CTCWorkflow.UploadAccessionImagesPageTitle()'><b>UploadAccessionImagesPageTitle</b><br>Test class: biocept.qa.testcases.CTCWorkflow<br>Test method: Verify user is able to upload the CTC/FISH images</td>
<td></td>
<td>8</td>
<td>biocept.qa.testcases.CTCWorkflow@57536d79</td></tr>
<tr>
<td title='biocept.qa.testcases.CTCWorkflow.dashboard()'><b>dashboard</b><br>Test class: biocept.qa.testcases.CTCWorkflow<br>Test method: Verify the total link count on dashboard </td>
<td></td>
<td>0</td>
<td>biocept.qa.testcases.CTCWorkflow@57536d79</td></tr>
</table><p>
<table width='100%' border='1' class='invocation-skipped'>
<tr><td colspan='4' align='center'><b>SKIPPED TESTS</b></td></tr>
<tr><td><b>Test method</b></td>
<td width="30%"><b>Exception</b></td>
<td width="10%"><b>Time (seconds)</b></td>
<td><b>Instance</b></td>
</tr>
<tr>
<td title='biocept.qa.testcases.CTCWorkflow.SignoffTheReportForNewVersion()'><b>SignoffTheReportForNewVersion</b><br>Test class: biocept.qa.testcases.CTCWorkflow<br>Test method: Verify user is able to create a new version of report</td>
<td><div><pre>java.lang.Throwable: Method CTCWorkflow.SignoffTheReportForNewVersion()[pri:39, instance:biocept.qa.testcases.CTCWorkflow@57536d79] depends on not successfully finished methods
... Removed 17 stack frames</pre></div><a href='#' onClick='toggleBox("stack-trace500058139", this, "Click to show all stack frames", "Click to hide stack frames")'>Click to show all stack frames</a>
<div class='stack-trace' id='stack-trace500058139'><pre>java.lang.Throwable: Method CTCWorkflow.SignoffTheReportForNewVersion()[pri:39, instance:biocept.qa.testcases.CTCWorkflow@57536d79] depends on not successfully finished methods
	at org.testng.internal.Invoker.invokeTestMethods(Invoker.java:1033)
	at org.testng.internal.TestMethodWorker.invokeTestMethods(TestMethodWorker.java:125)
	at org.testng.internal.TestMethodWorker.run(TestMethodWorker.java:108)
	at org.testng.TestRunner.privateRun(TestRunner.java:774)
	at org.testng.TestRunner.run(TestRunner.java:624)
	at org.testng.SuiteRunner.runTest(SuiteRunner.java:359)
	at org.testng.SuiteRunner.runSequentially(SuiteRunner.java:354)
	at org.testng.SuiteRunner.privateRun(SuiteRunner.java:312)
	at org.testng.SuiteRunner.run(SuiteRunner.java:261)
	at org.testng.SuiteRunnerWorker.runSuite(SuiteRunnerWorker.java:52)
	at org.testng.SuiteRunnerWorker.run(SuiteRunnerWorker.java:86)
	at org.testng.TestNG.runSuitesSequentially(TestNG.java:1191)
	at org.testng.TestNG.runSuitesLocally(TestNG.java:1116)
	at org.testng.TestNG.run(TestNG.java:1024)
	at org.testng.remote.AbstractRemoteTestNG.run(AbstractRemoteTestNG.java:126)
	at org.testng.remote.RemoteTestNG.initAndRun(RemoteTestNG.java:137)
	at org.testng.remote.RemoteTestNG.main(RemoteTestNG.java:58)
</pre></div></td>
<td>0</td>
<td>null</td></tr>
</table><p>
</body>
</html>