<?xml version="1.0" encoding="UTF-8"?>
<!-- Generated by org.testng.reporters.JUnitXMLReporter -->
<testsuite hostname="Amarendra" name="Molecular Workflow for BRAS and KRAS test" tests="22" failures="1" timestamp="26 Jun 2019 20:53:33 GMT" time="13.611" errors="0">
  <testcase name="PlaceNewOrderForMolecular" time="11.822" classname="biocept.qa.testcases.MolecularWorkflow">
    <failure type="org.openqa.selenium.ElementNotInteractableException" message="element not interactable
  (Session info: chrome=75.0.3770.100)
  (Driver info: chromedriver=74.0.3729.6 (255758eccf3d244491b8a1317aa76e1ce10d57e9-refs/branch-heads/3729@{#29}),platform=Windows NT 10.0.14393 x86_64) (WARNING: The server did not provide any stacktrace information)
Command duration or timeout: 0 milliseconds
Build info: version: &amp;apos;3.141.59&amp;apos;, revision: &amp;apos;e82be7d358&amp;apos;, time: &amp;apos;2018-11-14T08:17:03&amp;apos;
System info: host: &amp;apos;AMARENDRA&amp;apos;, ip: &amp;apos;172.20.10.11&amp;apos;, os.name: &amp;apos;Windows 10&amp;apos;, os.arch: &amp;apos;amd64&amp;apos;, os.version: &amp;apos;10.0&amp;apos;, java.version: &amp;apos;1.8.0_121&amp;apos;
Driver info: org.openqa.selenium.chrome.ChromeDriver
Capabilities {acceptInsecureCerts: false, acceptSslCerts: false, applicationCacheEnabled: false, browserConnectionEnabled: false, browserName: chrome, chrome: {chromedriverVersion: 74.0.3729.6 (255758eccf3d24..., userDataDir: C:\Users\AMAREN~1.SIN\AppDa...}, cssSelectorsEnabled: true, databaseEnabled: false, goog:chromeOptions: {debuggerAddress: localhost:51488}, handlesAlerts: true, hasTouchScreen: false, javascriptEnabled: true, locationContextEnabled: true, mobileEmulationEnabled: false, nativeEvents: true, networkConnectionEnabled: false, pageLoadStrategy: normal, platform: XP, platformName: XP, proxy: Proxy(), rotatable: false, setWindowRect: true, strictFileInteractability: false, takesHeapSnapshot: true, takesScreenshot: true, timeouts: {implicit: 0, pageLoad: 300000, script: 30000}, unexpectedAlertBehaviour: ignore, unhandledPromptBehavior: ignore, version: 75.0.3770.100, webStorageEnabled: true}
Session ID: e712604b34a3692cd4fa5bc676210aaa">
      <![CDATA[org.openqa.selenium.ElementNotInteractableException: element not interactable
  (Session info: chrome=75.0.3770.100)
  (Driver info: chromedriver=74.0.3729.6 (255758eccf3d244491b8a1317aa76e1ce10d57e9-refs/branch-heads/3729@{#29}),platform=Windows NT 10.0.14393 x86_64) (WARNING: The server did not provide any stacktrace information)
Command duration or timeout: 0 milliseconds
Build info: version: '3.141.59', revision: 'e82be7d358', time: '2018-11-14T08:17:03'
System info: host: 'AMARENDRA', ip: '172.20.10.11', os.name: 'Windows 10', os.arch: 'amd64', os.version: '10.0', java.version: '1.8.0_121'
Driver info: org.openqa.selenium.chrome.ChromeDriver
Capabilities {acceptInsecureCerts: false, acceptSslCerts: false, applicationCacheEnabled: false, browserConnectionEnabled: false, browserName: chrome, chrome: {chromedriverVersion: 74.0.3729.6 (255758eccf3d24..., userDataDir: C:\Users\AMAREN~1.SIN\AppDa...}, cssSelectorsEnabled: true, databaseEnabled: false, goog:chromeOptions: {debuggerAddress: localhost:51488}, handlesAlerts: true, hasTouchScreen: false, javascriptEnabled: true, locationContextEnabled: true, mobileEmulationEnabled: false, nativeEvents: true, networkConnectionEnabled: false, pageLoadStrategy: normal, platform: XP, platformName: XP, proxy: Proxy(), rotatable: false, setWindowRect: true, strictFileInteractability: false, takesHeapSnapshot: true, takesScreenshot: true, timeouts: {implicit: 0, pageLoad: 300000, script: 30000}, unexpectedAlertBehaviour: ignore, unhandledPromptBehavior: ignore, version: 75.0.3770.100, webStorageEnabled: true}
Session ID: e712604b34a3692cd4fa5bc676210aaa
	at org.openqa.selenium.remote.ErrorHandler.createThrowable(ErrorHandler.java:214)
	at org.openqa.selenium.remote.ErrorHandler.throwIfResponseFailed(ErrorHandler.java:166)
	at org.openqa.selenium.remote.http.JsonHttpResponseCodec.reconstructValue(JsonHttpResponseCodec.java:40)
	at org.openqa.selenium.remote.http.AbstractHttpResponseCodec.decode(AbstractHttpResponseCodec.java:80)
	at org.openqa.selenium.remote.http.AbstractHttpResponseCodec.decode(AbstractHttpResponseCodec.java:44)
	at org.openqa.selenium.remote.HttpCommandExecutor.execute(HttpCommandExecutor.java:158)
	at org.openqa.selenium.remote.service.DriverCommandExecutor.execute(DriverCommandExecutor.java:83)
	at org.openqa.selenium.remote.RemoteWebDriver.execute(RemoteWebDriver.java:552)
	at org.openqa.selenium.remote.RemoteWebElement.execute(RemoteWebElement.java:285)
	at org.openqa.selenium.remote.RemoteWebElement.sendKeys(RemoteWebElement.java:106)
	at org.openqa.selenium.support.pagefactory.internal.LocatingElementHandler.invoke(LocatingElementHandler.java:51)
	at com.sun.proxy.$Proxy13.sendKeys(Unknown Source)
	at biocept.qa.pages.Accession.addLabClientPhysicianInfor(Accession.java:148)
	at biocept.qa.testcases.MolecularWorkflow.PlaceNewOrderForMolecular(MolecularWorkflow.java:76)
... Removed 31 stack frames]]>
    </failure>
  </testcase> <!-- PlaceNewOrderForMolecular -->
  <testcase name="UploadMacroFile" time="0.0" classname="biocept.qa.testcases.MolecularWorkflow">
    <skipped/>
  </testcase> <!-- UploadMacroFile -->
  <testcase name="NRASResultingActivityTitle" time="0.0" classname="biocept.qa.testcases.MolecularWorkflow">
    <skipped/>
  </testcase> <!-- NRASResultingActivityTitle -->
  <testcase name="NRASResultingUpdateResult" time="0.0" classname="biocept.qa.testcases.MolecularWorkflow">
    <skipped/>
  </testcase> <!-- NRASResultingUpdateResult -->
  <testcase name="BRAFResultingActivityTitle" time="0.0" classname="biocept.qa.testcases.MolecularWorkflow">
    <skipped/>
  </testcase> <!-- BRAFResultingActivityTitle -->
  <testcase name="BRAFResultingUpdateResult" time="0.0" classname="biocept.qa.testcases.MolecularWorkflow">
    <skipped/>
  </testcase> <!-- BRAFResultingUpdateResult -->
  <testcase name="KRASResultingActivityTitle" time="0.0" classname="biocept.qa.testcases.MolecularWorkflow">
    <skipped/>
  </testcase> <!-- KRASResultingActivityTitle -->
  <testcase name="KRASResultingUpdateResult" time="0.0" classname="biocept.qa.testcases.MolecularWorkflow">
    <skipped/>
  </testcase> <!-- KRASResultingUpdateResult -->
  <testcase name="UploadSequenceImages" time="0.0" classname="biocept.qa.testcases.MolecularWorkflow">
    <skipped/>
  </testcase> <!-- UploadSequenceImages -->
  <testcase name="NRASPIActivityTitle" time="0.0" classname="biocept.qa.testcases.MolecularWorkflow">
    <skipped/>
  </testcase> <!-- NRASPIActivityTitle -->
  <testcase name="NRASPIActivityResult" time="0.0" classname="biocept.qa.testcases.MolecularWorkflow">
    <skipped/>
  </testcase> <!-- NRASPIActivityResult -->
  <testcase name="NRASReportSignoff" time="0.0" classname="biocept.qa.testcases.MolecularWorkflow">
    <skipped/>
  </testcase> <!-- NRASReportSignoff -->
  <testcase name="BRAFSequencingActivityTitle" time="0.0" classname="biocept.qa.testcases.MolecularWorkflow">
    <skipped/>
  </testcase> <!-- BRAFSequencingActivityTitle -->
  <testcase name="BRAFSequencingActivityResult" time="0.0" classname="biocept.qa.testcases.MolecularWorkflow">
    <skipped/>
  </testcase> <!-- BRAFSequencingActivityResult -->
  <testcase name="KRASSequencingActivityTitle" time="0.0" classname="biocept.qa.testcases.MolecularWorkflow">
    <skipped/>
  </testcase> <!-- KRASSequencingActivityTitle -->
  <testcase name="KRASSequencingActivityResult" time="0.0" classname="biocept.qa.testcases.MolecularWorkflow">
    <skipped/>
  </testcase> <!-- KRASSequencingActivityResult -->
  <testcase name="BRAFPIActivityTitle" time="0.0" classname="biocept.qa.testcases.MolecularWorkflow">
    <skipped/>
  </testcase> <!-- BRAFPIActivityTitle -->
  <testcase name="BRAFPIActivityResult" time="0.0" classname="biocept.qa.testcases.MolecularWorkflow">
    <skipped/>
  </testcase> <!-- BRAFPIActivityResult -->
  <testcase name="BRAFReportSignoff" time="0.0" classname="biocept.qa.testcases.MolecularWorkflow">
    <skipped/>
  </testcase> <!-- BRAFReportSignoff -->
  <testcase name="KRASPIActivityTitle" time="0.0" classname="biocept.qa.testcases.MolecularWorkflow">
    <skipped/>
  </testcase> <!-- KRASPIActivityTitle -->
  <testcase name="KRASPIActivityResult" time="0.0" classname="biocept.qa.testcases.MolecularWorkflow">
    <skipped/>
  </testcase> <!-- KRASPIActivityResult -->
  <testcase name="KRASReportSignoff" time="0.0" classname="biocept.qa.testcases.MolecularWorkflow">
    <skipped/>
  </testcase> <!-- KRASReportSignoff -->
</testsuite> <!-- Molecular Workflow for BRAS and KRAS test -->
