<html>
<head>
<title>TestNG:  Molecular Workflow</title>
<link href="../testng.css" rel="stylesheet" type="text/css" />
<link href="../my-testng.css" rel="stylesheet" type="text/css" />

<style type="text/css">
.log { display: none;} 
.stack-trace { display: none;} 
</style>
<script type="text/javascript">
<!--
function flip(e) {
  current = e.style.display;
  if (current == 'block') {
    e.style.display = 'none';
    return 0;
  }
  else {
    e.style.display = 'block';
    return 1;
  }
}

function toggleBox(szDivId, elem, msg1, msg2)
{
  var res = -1;  if (document.getElementById) {
    res = flip(document.getElementById(szDivId));
  }
  else if (document.all) {
    // this is the way old msie versions work
    res = flip(document.all[szDivId]);
  }
  if(elem) {
    if(res == 0) elem.innerHTML = msg1; else elem.innerHTML = msg2;
  }

}

function toggleAllBoxes() {
  if (document.getElementsByTagName) {
    d = document.getElementsByTagName('div');
    for (i = 0; i < d.length; i++) {
      if (d[i].className == 'log') {
        flip(d[i]);
      }
    }
  }
}

// -->
</script>

</head>
<body>
<h2 align='center'>Molecular Workflow</h2><table border='1' align="center">
<tr>
<td>Tests passed/Failed/Skipped:</td><td>18/1/3</td>
</tr><tr>
<td>Started on:</td><td>Thu Jun 27 15:43:48 IST 2019</td>
</tr>
<tr><td>Total time:</td><td>290 seconds (290971 ms)</td>
</tr><tr>
<td>Included groups:</td><td></td>
</tr><tr>
<td>Excluded groups:</td><td></td>
</tr>
</table><p/>
<small><i>(Hover the method name to see the test class name)</i></small><p/>
<table width='100%' border='1' class='invocation-failed'>
<tr><td colspan='4' align='center'><b>FAILED TESTS</b></td></tr>
<tr><td><b>Test method</b></td>
<td width="30%"><b>Exception</b></td>
<td width="10%"><b>Time (seconds)</b></td>
<td><b>Instance</b></td>
</tr>
<tr>
<td title='biocept.qa.testcases.MolecularWorkflow.BRAFReportSignoff()'><b>BRAFReportSignoff</b><br>Test class: biocept.qa.testcases.MolecularWorkflow<br>Test method: Verify user is able to Signoff the BRAF Test Report from Molecular Review & Approve Worklist</td>
<td><div><pre>org.openqa.selenium.StaleElementReferenceException: stale element reference: element is not attached to the page document
  (Session info: chrome=75.0.3770.100)
  (Driver info: chromedriver=74.0.3729.6 (255758eccf3d244491b8a1317aa76e1ce10d57e9-refs/branch-heads/3729@{#29}),platform=Windows NT 10.0.14393 x86_64) (WARNING: The server did not provide any stacktrace information)
Command duration or timeout: 0 milliseconds
For documentation on this error, please visit: https://www.seleniumhq.org/exceptions/stale_element_reference.html
Build info: version: &apos;3.141.59&apos;, revision: &apos;e82be7d358&apos;, time: &apos;2018-11-14T08:17:03&apos;
System info: host: &apos;AMARENDRA&apos;, ip: &apos;10.60.1.107&apos;, os.name: &apos;Windows 10&apos;, os.arch: &apos;amd64&apos;, os.version: &apos;10.0&apos;, java.version: &apos;1.8.0_121&apos;
Driver info: org.openqa.selenium.chrome.ChromeDriver
Capabilities {acceptInsecureCerts: false, acceptSslCerts: false, applicationCacheEnabled: false, browserConnectionEnabled: false, browserName: chrome, chrome: {chromedriverVersion: 74.0.3729.6 (255758eccf3d24..., userDataDir: C:\Users\AMAREN~1.SIN\AppDa...}, cssSelectorsEnabled: true, databaseEnabled: false, goog:chromeOptions: {debuggerAddress: localhost:64751}, handlesAlerts: true, hasTouchScreen: false, javascriptEnabled: true, locationContextEnabled: true, mobileEmulationEnabled: false, nativeEvents: true, networkConnectionEnabled: false, pageLoadStrategy: normal, platform: XP, platformName: XP, proxy: Proxy(), rotatable: false, setWindowRect: true, strictFileInteractability: false, takesHeapSnapshot: true, takesScreenshot: true, timeouts: {implicit: 0, pageLoad: 300000, script: 30000}, unexpectedAlertBehaviour: ignore, unhandledPromptBehavior: ignore, version: 75.0.3770.100, webStorageEnabled: true}
Session ID: d6b7dc6bb4da4c69a65fbbd29bedde91
	at org.openqa.selenium.remote.ErrorHandler.createThrowable(ErrorHandler.java:214)
	at org.openqa.selenium.remote.ErrorHandler.throwIfResponseFailed(ErrorHandler.java:166)
	at org.openqa.selenium.remote.http.JsonHttpResponseCodec.reconstructValue(JsonHttpResponseCodec.java:40)
	at org.openqa.selenium.remote.http.AbstractHttpResponseCodec.decode(AbstractHttpResponseCodec.java:80)
	at org.openqa.selenium.remote.http.AbstractHttpResponseCodec.decode(AbstractHttpResponseCodec.java:44)
	at org.openqa.selenium.remote.HttpCommandExecutor.execute(HttpCommandExecutor.java:158)
	at org.openqa.selenium.remote.service.DriverCommandExecutor.execute(DriverCommandExecutor.java:83)
	at org.openqa.selenium.remote.RemoteWebDriver.execute(RemoteWebDriver.java:552)
	at org.openqa.selenium.remote.RemoteWebElement.execute(RemoteWebElement.java:285)
	at org.openqa.selenium.remote.RemoteWebElement.getText(RemoteWebElement.java:166)
	at org.openqa.selenium.support.pagefactory.internal.LocatingElementHandler.invoke(LocatingElementHandler.java:51)
	at com.sun.proxy.$Proxy13.getText(Unknown Source)
	at biocept.qa.utill.WorkflowCommonMethods.completeMessage(WorkflowCommonMethods.java:77)
	at biocept.qa.testcases.MolecularWorkflow.BRAFReportSignoff(MolecularWorkflow.java:394)
... Removed 31 stack frames</pre></div><a href='#' onClick='toggleBox("stack-trace1868874764", this, "Click to show all stack frames", "Click to hide stack frames")'>Click to show all stack frames</a>
<div class='stack-trace' id='stack-trace1868874764'><pre>org.openqa.selenium.StaleElementReferenceException: stale element reference: element is not attached to the page document
  (Session info: chrome=75.0.3770.100)
  (Driver info: chromedriver=74.0.3729.6 (255758eccf3d244491b8a1317aa76e1ce10d57e9-refs/branch-heads/3729@{#29}),platform=Windows NT 10.0.14393 x86_64) (WARNING: The server did not provide any stacktrace information)
Command duration or timeout: 0 milliseconds
For documentation on this error, please visit: https://www.seleniumhq.org/exceptions/stale_element_reference.html
Build info: version: &apos;3.141.59&apos;, revision: &apos;e82be7d358&apos;, time: &apos;2018-11-14T08:17:03&apos;
System info: host: &apos;AMARENDRA&apos;, ip: &apos;10.60.1.107&apos;, os.name: &apos;Windows 10&apos;, os.arch: &apos;amd64&apos;, os.version: &apos;10.0&apos;, java.version: &apos;1.8.0_121&apos;
Driver info: org.openqa.selenium.chrome.ChromeDriver
Capabilities {acceptInsecureCerts: false, acceptSslCerts: false, applicationCacheEnabled: false, browserConnectionEnabled: false, browserName: chrome, chrome: {chromedriverVersion: 74.0.3729.6 (255758eccf3d24..., userDataDir: C:\Users\AMAREN~1.SIN\AppDa...}, cssSelectorsEnabled: true, databaseEnabled: false, goog:chromeOptions: {debuggerAddress: localhost:64751}, handlesAlerts: true, hasTouchScreen: false, javascriptEnabled: true, locationContextEnabled: true, mobileEmulationEnabled: false, nativeEvents: true, networkConnectionEnabled: false, pageLoadStrategy: normal, platform: XP, platformName: XP, proxy: Proxy(), rotatable: false, setWindowRect: true, strictFileInteractability: false, takesHeapSnapshot: true, takesScreenshot: true, timeouts: {implicit: 0, pageLoad: 300000, script: 30000}, unexpectedAlertBehaviour: ignore, unhandledPromptBehavior: ignore, version: 75.0.3770.100, webStorageEnabled: true}
Session ID: d6b7dc6bb4da4c69a65fbbd29bedde91
	at sun.reflect.NativeConstructorAccessorImpl.newInstance0(Native Method)
	at sun.reflect.NativeConstructorAccessorImpl.newInstance(Unknown Source)
	at sun.reflect.DelegatingConstructorAccessorImpl.newInstance(Unknown Source)
	at java.lang.reflect.Constructor.newInstance(Unknown Source)
	at org.openqa.selenium.remote.ErrorHandler.createThrowable(ErrorHandler.java:214)
	at org.openqa.selenium.remote.ErrorHandler.throwIfResponseFailed(ErrorHandler.java:166)
	at org.openqa.selenium.remote.http.JsonHttpResponseCodec.reconstructValue(JsonHttpResponseCodec.java:40)
	at org.openqa.selenium.remote.http.AbstractHttpResponseCodec.decode(AbstractHttpResponseCodec.java:80)
	at org.openqa.selenium.remote.http.AbstractHttpResponseCodec.decode(AbstractHttpResponseCodec.java:44)
	at org.openqa.selenium.remote.HttpCommandExecutor.execute(HttpCommandExecutor.java:158)
	at org.openqa.selenium.remote.service.DriverCommandExecutor.execute(DriverCommandExecutor.java:83)
	at org.openqa.selenium.remote.RemoteWebDriver.execute(RemoteWebDriver.java:552)
	at org.openqa.selenium.remote.RemoteWebElement.execute(RemoteWebElement.java:285)
	at org.openqa.selenium.remote.RemoteWebElement.getText(RemoteWebElement.java:166)
	at sun.reflect.GeneratedMethodAccessor83.invoke(Unknown Source)
	at sun.reflect.DelegatingMethodAccessorImpl.invoke(Unknown Source)
	at java.lang.reflect.Method.invoke(Unknown Source)
	at org.openqa.selenium.support.pagefactory.internal.LocatingElementHandler.invoke(LocatingElementHandler.java:51)
	at com.sun.proxy.$Proxy13.getText(Unknown Source)
	at biocept.qa.utill.WorkflowCommonMethods.completeMessage(WorkflowCommonMethods.java:77)
	at biocept.qa.testcases.MolecularWorkflow.BRAFReportSignoff(MolecularWorkflow.java:394)
	at sun.reflect.NativeMethodAccessorImpl.invoke0(Native Method)
	at sun.reflect.NativeMethodAccessorImpl.invoke(Unknown Source)
	at sun.reflect.DelegatingMethodAccessorImpl.invoke(Unknown Source)
	at java.lang.reflect.Method.invoke(Unknown Source)
	at org.testng.internal.MethodInvocationHelper.invokeMethod(MethodInvocationHelper.java:85)
	at org.testng.internal.Invoker.invokeMethod(Invoker.java:639)
	at org.testng.internal.Invoker.invokeTestMethod(Invoker.java:816)
	at org.testng.internal.Invoker.invokeTestMethods(Invoker.java:1124)
	at org.testng.internal.TestMethodWorker.invokeTestMethods(TestMethodWorker.java:125)
	at org.testng.internal.TestMethodWorker.run(TestMethodWorker.java:108)
	at org.testng.TestRunner.privateRun(TestRunner.java:774)
	at org.testng.TestRunner.run(TestRunner.java:624)
	at org.testng.SuiteRunner.runTest(SuiteRunner.java:359)
	at org.testng.SuiteRunner.runSequentially(SuiteRunner.java:354)
	at org.testng.SuiteRunner.privateRun(SuiteRunner.java:312)
	at org.testng.SuiteRunner.run(SuiteRunner.java:261)
	at org.testng.SuiteRunnerWorker.runSuite(SuiteRunnerWorker.java:52)
	at org.testng.SuiteRunnerWorker.run(SuiteRunnerWorker.java:86)
	at org.testng.TestNG.runSuitesSequentially(TestNG.java:1191)
	at org.testng.TestNG.runSuitesLocally(TestNG.java:1116)
	at org.testng.TestNG.run(TestNG.java:1024)
	at org.testng.remote.AbstractRemoteTestNG.run(AbstractRemoteTestNG.java:126)
	at org.testng.remote.RemoteTestNG.initAndRun(RemoteTestNG.java:137)
	at org.testng.remote.RemoteTestNG.main(RemoteTestNG.java:58)
</pre></div></td>
<td>19</td>
<td>biocept.qa.testcases.MolecularWorkflow@2758fe70</td></tr>
</table><p>
<table width='100%' border='1' class='invocation-passed'>
<tr><td colspan='4' align='center'><b>PASSED TESTS</b></td></tr>
<tr><td><b>Test method</b></td>
<td width="30%"><b>Exception</b></td>
<td width="10%"><b>Time (seconds)</b></td>
<td><b>Instance</b></td>
</tr>
<tr>
<td title='biocept.qa.testcases.MolecularWorkflow.BRAFPIActivityResult()'><b>BRAFPIActivityResult</b><br>Test class: biocept.qa.testcases.MolecularWorkflow<br>Test method: Verify user is able to complete the BRAF Molecular Professional Interpretation activity</td>
<td></td>
<td>7</td>
<td>biocept.qa.testcases.MolecularWorkflow@2758fe70</td></tr>
<tr>
<td title='biocept.qa.testcases.MolecularWorkflow.BRAFPIActivityTitle()'><b>BRAFPIActivityTitle</b><br>Test class: biocept.qa.testcases.MolecularWorkflow<br>Test method: Verify user is able to open BRAF Molecular Professional Interpretation activity</td>
<td></td>
<td>7</td>
<td>biocept.qa.testcases.MolecularWorkflow@2758fe70</td></tr>
<tr>
<td title='biocept.qa.testcases.MolecularWorkflow.BRAFResultingActivityTitle()'><b>BRAFResultingActivityTitle</b><br>Test class: biocept.qa.testcases.MolecularWorkflow<br>Test method: Verify user is able to open the BRAF Molecular Generic Resulting Activity</td>
<td></td>
<td>12</td>
<td>biocept.qa.testcases.MolecularWorkflow@2758fe70</td></tr>
<tr>
<td title='biocept.qa.testcases.MolecularWorkflow.BRAFResultingUpdateResult()'><b>BRAFResultingUpdateResult</b><br>Test class: biocept.qa.testcases.MolecularWorkflow<br>Test method: Verify user is able to complete the BRAF Molecular Generic Resulting activity</td>
<td></td>
<td>4</td>
<td>biocept.qa.testcases.MolecularWorkflow@2758fe70</td></tr>
<tr>
<td title='biocept.qa.testcases.MolecularWorkflow.BRAFSequencingActivityResult()'><b>BRAFSequencingActivityResult</b><br>Test class: biocept.qa.testcases.MolecularWorkflow<br>Test method: Verify user is able to complete the BRAF Sequencing activity</td>
<td></td>
<td>7</td>
<td>biocept.qa.testcases.MolecularWorkflow@2758fe70</td></tr>
<tr>
<td title='biocept.qa.testcases.MolecularWorkflow.BRAFSequencingActivityTitle()'><b>BRAFSequencingActivityTitle</b><br>Test class: biocept.qa.testcases.MolecularWorkflow<br>Test method: Verify user is able to open BRAF Sequencing activity</td>
<td></td>
<td>19</td>
<td>biocept.qa.testcases.MolecularWorkflow@2758fe70</td></tr>
<tr>
<td title='biocept.qa.testcases.MolecularWorkflow.KRASResultingActivityTitle()'><b>KRASResultingActivityTitle</b><br>Test class: biocept.qa.testcases.MolecularWorkflow<br>Test method: Verify user is able to open the KRAS Molecular Generic Resulting activity</td>
<td></td>
<td>12</td>
<td>biocept.qa.testcases.MolecularWorkflow@2758fe70</td></tr>
<tr>
<td title='biocept.qa.testcases.MolecularWorkflow.KRASResultingUpdateResult()'><b>KRASResultingUpdateResult</b><br>Test class: biocept.qa.testcases.MolecularWorkflow<br>Test method: Verify user is able to complete the KRAS Molecular Generic Resulting activity</td>
<td></td>
<td>8</td>
<td>biocept.qa.testcases.MolecularWorkflow@2758fe70</td></tr>
<tr>
<td title='biocept.qa.testcases.MolecularWorkflow.KRASSequencingActivityResult()'><b>KRASSequencingActivityResult</b><br>Test class: biocept.qa.testcases.MolecularWorkflow<br>Test method: Verify user is able to complete the KRAS Sequencing activity</td>
<td></td>
<td>8</td>
<td>biocept.qa.testcases.MolecularWorkflow@2758fe70</td></tr>
<tr>
<td title='biocept.qa.testcases.MolecularWorkflow.KRASSequencingActivityTitle()'><b>KRASSequencingActivityTitle</b><br>Test class: biocept.qa.testcases.MolecularWorkflow<br>Test method: Verify user is able to open KRAS Sequencing activity</td>
<td></td>
<td>16</td>
<td>biocept.qa.testcases.MolecularWorkflow@2758fe70</td></tr>
<tr>
<td title='biocept.qa.testcases.MolecularWorkflow.NRASPIActivityResult()'><b>NRASPIActivityResult</b><br>Test class: biocept.qa.testcases.MolecularWorkflow<br>Test method: Verify user is able to complete the NRAS Molecular Professional Interpretation activity</td>
<td></td>
<td>9</td>
<td>biocept.qa.testcases.MolecularWorkflow@2758fe70</td></tr>
<tr>
<td title='biocept.qa.testcases.MolecularWorkflow.NRASPIActivityTitle()'><b>NRASPIActivityTitle</b><br>Test class: biocept.qa.testcases.MolecularWorkflow<br>Test method: Verify user is able to open NRAS Molecular Professional Interpretation activity</td>
<td></td>
<td>11</td>
<td>biocept.qa.testcases.MolecularWorkflow@2758fe70</td></tr>
<tr>
<td title='biocept.qa.testcases.MolecularWorkflow.NRASReportSignoff()'><b>NRASReportSignoff</b><br>Test class: biocept.qa.testcases.MolecularWorkflow<br>Test method: Verify user is able to Signoff the NRAS Test Report from Molecular Review & Approve Worklist</td>
<td></td>
<td>22</td>
<td>biocept.qa.testcases.MolecularWorkflow@2758fe70</td></tr>
<tr>
<td title='biocept.qa.testcases.MolecularWorkflow.NRASResultingActivityTitle()'><b>NRASResultingActivityTitle</b><br>Test class: biocept.qa.testcases.MolecularWorkflow<br>Test method: Verify user is able to open the NRAS Molecular Generic Resulting Activity</td>
<td></td>
<td>37</td>
<td>biocept.qa.testcases.MolecularWorkflow@2758fe70</td></tr>
<tr>
<td title='biocept.qa.testcases.MolecularWorkflow.NRASResultingUpdateResult()'><b>NRASResultingUpdateResult</b><br>Test class: biocept.qa.testcases.MolecularWorkflow<br>Test method: Verify user is able to complete the NRAS Molecular Generic Resulting activity</td>
<td></td>
<td>5</td>
<td>biocept.qa.testcases.MolecularWorkflow@2758fe70</td></tr>
<tr>
<td title='biocept.qa.testcases.MolecularWorkflow.PlaceNewOrderForMolecular()'><b>PlaceNewOrderForMolecular</b><br>Test class: biocept.qa.testcases.MolecularWorkflow<br>Test method: Verify user is able to create a new accession for Molecular Test</td>
<td></td>
<td>54</td>
<td>biocept.qa.testcases.MolecularWorkflow@2758fe70</td></tr>
<tr>
<td title='biocept.qa.testcases.MolecularWorkflow.UploadMacroFile()'><b>UploadMacroFile</b><br>Test class: biocept.qa.testcases.MolecularWorkflow<br>Test method: Verify user is able to open the upload Macro File page</td>
<td></td>
<td>5</td>
<td>biocept.qa.testcases.MolecularWorkflow@2758fe70</td></tr>
<tr>
<td title='biocept.qa.testcases.MolecularWorkflow.UploadSequenceImages()'><b>UploadSequenceImages</b><br>Test class: biocept.qa.testcases.MolecularWorkflow<br>Test method: Verify user is able to upload the Sequence image</td>
<td></td>
<td>17</td>
<td>biocept.qa.testcases.MolecularWorkflow@2758fe70</td></tr>
</table><p>
<table width='100%' border='1' class='invocation-skipped'>
<tr><td colspan='4' align='center'><b>SKIPPED TESTS</b></td></tr>
<tr><td><b>Test method</b></td>
<td width="30%"><b>Exception</b></td>
<td width="10%"><b>Time (seconds)</b></td>
<td><b>Instance</b></td>
</tr>
<tr>
<td title='biocept.qa.testcases.MolecularWorkflow.KRASPIActivityResult()'><b>KRASPIActivityResult</b><br>Test class: biocept.qa.testcases.MolecularWorkflow<br>Test method: Verify user is able to complete the KRAS Molecular Professional Interpretation activity</td>
<td><div><pre>java.lang.Throwable: Method MolecularWorkflow.KRASPIActivityResult()[pri:21, instance:biocept.qa.testcases.MolecularWorkflow@2758fe70] depends on not successfully finished methods
... Removed 17 stack frames</pre></div><a href='#' onClick='toggleBox("stack-trace316882043", this, "Click to show all stack frames", "Click to hide stack frames")'>Click to show all stack frames</a>
<div class='stack-trace' id='stack-trace316882043'><pre>java.lang.Throwable: Method MolecularWorkflow.KRASPIActivityResult()[pri:21, instance:biocept.qa.testcases.MolecularWorkflow@2758fe70] depends on not successfully finished methods
	at org.testng.internal.Invoker.invokeTestMethods(Invoker.java:1033)
	at org.testng.internal.TestMethodWorker.invokeTestMethods(TestMethodWorker.java:125)
	at org.testng.internal.TestMethodWorker.run(TestMethodWorker.java:108)
	at org.testng.TestRunner.privateRun(TestRunner.java:774)
	at org.testng.TestRunner.run(TestRunner.java:624)
	at org.testng.SuiteRunner.runTest(SuiteRunner.java:359)
	at org.testng.SuiteRunner.runSequentially(SuiteRunner.java:354)
	at org.testng.SuiteRunner.privateRun(SuiteRunner.java:312)
	at org.testng.SuiteRunner.run(SuiteRunner.java:261)
	at org.testng.SuiteRunnerWorker.runSuite(SuiteRunnerWorker.java:52)
	at org.testng.SuiteRunnerWorker.run(SuiteRunnerWorker.java:86)
	at org.testng.TestNG.runSuitesSequentially(TestNG.java:1191)
	at org.testng.TestNG.runSuitesLocally(TestNG.java:1116)
	at org.testng.TestNG.run(TestNG.java:1024)
	at org.testng.remote.AbstractRemoteTestNG.run(AbstractRemoteTestNG.java:126)
	at org.testng.remote.RemoteTestNG.initAndRun(RemoteTestNG.java:137)
	at org.testng.remote.RemoteTestNG.main(RemoteTestNG.java:58)
</pre></div></td>
<td>0</td>
<td>null</td></tr>
<tr>
<td title='biocept.qa.testcases.MolecularWorkflow.KRASPIActivityTitle()'><b>KRASPIActivityTitle</b><br>Test class: biocept.qa.testcases.MolecularWorkflow<br>Test method: Verify user is able to open KRAS Molecular Professional Interpretation activity</td>
<td><div><pre>java.lang.Throwable: Method MolecularWorkflow.KRASPIActivityTitle()[pri:20, instance:biocept.qa.testcases.MolecularWorkflow@2758fe70] depends on not successfully finished methods
... Removed 17 stack frames</pre></div><a href='#' onClick='toggleBox("stack-trace232479158", this, "Click to show all stack frames", "Click to hide stack frames")'>Click to show all stack frames</a>
<div class='stack-trace' id='stack-trace232479158'><pre>java.lang.Throwable: Method MolecularWorkflow.KRASPIActivityTitle()[pri:20, instance:biocept.qa.testcases.MolecularWorkflow@2758fe70] depends on not successfully finished methods
	at org.testng.internal.Invoker.invokeTestMethods(Invoker.java:1033)
	at org.testng.internal.TestMethodWorker.invokeTestMethods(TestMethodWorker.java:125)
	at org.testng.internal.TestMethodWorker.run(TestMethodWorker.java:108)
	at org.testng.TestRunner.privateRun(TestRunner.java:774)
	at org.testng.TestRunner.run(TestRunner.java:624)
	at org.testng.SuiteRunner.runTest(SuiteRunner.java:359)
	at org.testng.SuiteRunner.runSequentially(SuiteRunner.java:354)
	at org.testng.SuiteRunner.privateRun(SuiteRunner.java:312)
	at org.testng.SuiteRunner.run(SuiteRunner.java:261)
	at org.testng.SuiteRunnerWorker.runSuite(SuiteRunnerWorker.java:52)
	at org.testng.SuiteRunnerWorker.run(SuiteRunnerWorker.java:86)
	at org.testng.TestNG.runSuitesSequentially(TestNG.java:1191)
	at org.testng.TestNG.runSuitesLocally(TestNG.java:1116)
	at org.testng.TestNG.run(TestNG.java:1024)
	at org.testng.remote.AbstractRemoteTestNG.run(AbstractRemoteTestNG.java:126)
	at org.testng.remote.RemoteTestNG.initAndRun(RemoteTestNG.java:137)
	at org.testng.remote.RemoteTestNG.main(RemoteTestNG.java:58)
</pre></div></td>
<td>0</td>
<td>null</td></tr>
<tr>
<td title='biocept.qa.testcases.MolecularWorkflow.KRASReportSignoff()'><b>KRASReportSignoff</b><br>Test class: biocept.qa.testcases.MolecularWorkflow<br>Test method: Verify user is able to Signoff the KRAS Test Report from Molecular Review & Approve Worklist</td>
<td><div><pre>java.lang.Throwable: Method MolecularWorkflow.KRASReportSignoff()[pri:22, instance:biocept.qa.testcases.MolecularWorkflow@2758fe70] depends on not successfully finished methods
... Removed 17 stack frames</pre></div><a href='#' onClick='toggleBox("stack-trace1945648127", this, "Click to show all stack frames", "Click to hide stack frames")'>Click to show all stack frames</a>
<div class='stack-trace' id='stack-trace1945648127'><pre>java.lang.Throwable: Method MolecularWorkflow.KRASReportSignoff()[pri:22, instance:biocept.qa.testcases.MolecularWorkflow@2758fe70] depends on not successfully finished methods
	at org.testng.internal.Invoker.invokeTestMethods(Invoker.java:1033)
	at org.testng.internal.TestMethodWorker.invokeTestMethods(TestMethodWorker.java:125)
	at org.testng.internal.TestMethodWorker.run(TestMethodWorker.java:108)
	at org.testng.TestRunner.privateRun(TestRunner.java:774)
	at org.testng.TestRunner.run(TestRunner.java:624)
	at org.testng.SuiteRunner.runTest(SuiteRunner.java:359)
	at org.testng.SuiteRunner.runSequentially(SuiteRunner.java:354)
	at org.testng.SuiteRunner.privateRun(SuiteRunner.java:312)
	at org.testng.SuiteRunner.run(SuiteRunner.java:261)
	at org.testng.SuiteRunnerWorker.runSuite(SuiteRunnerWorker.java:52)
	at org.testng.SuiteRunnerWorker.run(SuiteRunnerWorker.java:86)
	at org.testng.TestNG.runSuitesSequentially(TestNG.java:1191)
	at org.testng.TestNG.runSuitesLocally(TestNG.java:1116)
	at org.testng.TestNG.run(TestNG.java:1024)
	at org.testng.remote.AbstractRemoteTestNG.run(AbstractRemoteTestNG.java:126)
	at org.testng.remote.RemoteTestNG.initAndRun(RemoteTestNG.java:137)
	at org.testng.remote.RemoteTestNG.main(RemoteTestNG.java:58)
</pre></div></td>
<td>0</td>
<td>null</td></tr>
</table><p>
</body>
</html>