<?xml version="1.0" encoding="UTF-8"?>
<!-- Generated by org.testng.reporters.JUnitXMLReporter -->
<testsuite hostname="Amarendra" name="Molecular Workflow" tests="22" failures="1" timestamp="27 Jun 2019 10:18:39 GMT" time="290.971" errors="0">
  <testcase name="PlaceNewOrderForMolecular" time="54.004" classname="biocept.qa.testcases.MolecularWorkflow"/>
  <testcase name="UploadMacroFile" time="5.828" classname="biocept.qa.testcases.MolecularWorkflow"/>
  <testcase name="NRASResultingActivityTitle" time="37.133" classname="biocept.qa.testcases.MolecularWorkflow"/>
  <testcase name="NRASResultingUpdateResult" time="5.94" classname="biocept.qa.testcases.MolecularWorkflow"/>
  <testcase name="BRAFResultingActivityTitle" time="12.356" classname="biocept.qa.testcases.MolecularWorkflow"/>
  <testcase name="BRAFResultingUpdateResult" time="4.482" classname="biocept.qa.testcases.MolecularWorkflow"/>
  <testcase name="KRASResultingActivityTitle" time="12.078" classname="biocept.qa.testcases.MolecularWorkflow"/>
  <testcase name="KRASResultingUpdateResult" time="8.182" classname="biocept.qa.testcases.MolecularWorkflow"/>
  <testcase name="UploadSequenceImages" time="17.995" classname="biocept.qa.testcases.MolecularWorkflow"/>
  <testcase name="NRASPIActivityTitle" time="11.332" classname="biocept.qa.testcases.MolecularWorkflow"/>
  <testcase name="NRASPIActivityResult" time="9.475" classname="biocept.qa.testcases.MolecularWorkflow"/>
  <testcase name="NRASReportSignoff" time="22.807" classname="biocept.qa.testcases.MolecularWorkflow"/>
  <testcase name="BRAFSequencingActivityTitle" time="19.242" classname="biocept.qa.testcases.MolecularWorkflow"/>
  <testcase name="BRAFSequencingActivityResult" time="7.904" classname="biocept.qa.testcases.MolecularWorkflow"/>
  <testcase name="KRASSequencingActivityTitle" time="16.294" classname="biocept.qa.testcases.MolecularWorkflow"/>
  <testcase name="KRASSequencingActivityResult" time="8.205" classname="biocept.qa.testcases.MolecularWorkflow"/>
  <testcase name="BRAFPIActivityTitle" time="7.718" classname="biocept.qa.testcases.MolecularWorkflow"/>
  <testcase name="BRAFPIActivityResult" time="7.282" classname="biocept.qa.testcases.MolecularWorkflow"/>
  <testcase name="BRAFReportSignoff" time="19.053" classname="biocept.qa.testcases.MolecularWorkflow">
    <failure type="org.openqa.selenium.StaleElementReferenceException" message="stale element reference: element is not attached to the page document
  (Session info: chrome=75.0.3770.100)
  (Driver info: chromedriver=74.0.3729.6 (255758eccf3d244491b8a1317aa76e1ce10d57e9-refs/branch-heads/3729@{#29}),platform=Windows NT 10.0.14393 x86_64) (WARNING: The server did not provide any stacktrace information)
Command duration or timeout: 0 milliseconds
For documentation on this error, please visit: https://www.seleniumhq.org/exceptions/stale_element_reference.html
Build info: version: &amp;apos;3.141.59&amp;apos;, revision: &amp;apos;e82be7d358&amp;apos;, time: &amp;apos;2018-11-14T08:17:03&amp;apos;
System info: host: &amp;apos;AMARENDRA&amp;apos;, ip: &amp;apos;10.60.1.107&amp;apos;, os.name: &amp;apos;Windows 10&amp;apos;, os.arch: &amp;apos;amd64&amp;apos;, os.version: &amp;apos;10.0&amp;apos;, java.version: &amp;apos;1.8.0_121&amp;apos;
Driver info: org.openqa.selenium.chrome.ChromeDriver
Capabilities {acceptInsecureCerts: false, acceptSslCerts: false, applicationCacheEnabled: false, browserConnectionEnabled: false, browserName: chrome, chrome: {chromedriverVersion: 74.0.3729.6 (255758eccf3d24..., userDataDir: C:\Users\AMAREN~1.SIN\AppDa...}, cssSelectorsEnabled: true, databaseEnabled: false, goog:chromeOptions: {debuggerAddress: localhost:64751}, handlesAlerts: true, hasTouchScreen: false, javascriptEnabled: true, locationContextEnabled: true, mobileEmulationEnabled: false, nativeEvents: true, networkConnectionEnabled: false, pageLoadStrategy: normal, platform: XP, platformName: XP, proxy: Proxy(), rotatable: false, setWindowRect: true, strictFileInteractability: false, takesHeapSnapshot: true, takesScreenshot: true, timeouts: {implicit: 0, pageLoad: 300000, script: 30000}, unexpectedAlertBehaviour: ignore, unhandledPromptBehavior: ignore, version: 75.0.3770.100, webStorageEnabled: true}
Session ID: d6b7dc6bb4da4c69a65fbbd29bedde91">
      <![CDATA[org.openqa.selenium.StaleElementReferenceException: stale element reference: element is not attached to the page document
  (Session info: chrome=75.0.3770.100)
  (Driver info: chromedriver=74.0.3729.6 (255758eccf3d244491b8a1317aa76e1ce10d57e9-refs/branch-heads/3729@{#29}),platform=Windows NT 10.0.14393 x86_64) (WARNING: The server did not provide any stacktrace information)
Command duration or timeout: 0 milliseconds
For documentation on this error, please visit: https://www.seleniumhq.org/exceptions/stale_element_reference.html
Build info: version: '3.141.59', revision: 'e82be7d358', time: '2018-11-14T08:17:03'
System info: host: 'AMARENDRA', ip: '10.60.1.107', os.name: 'Windows 10', os.arch: 'amd64', os.version: '10.0', java.version: '1.8.0_121'
Driver info: org.openqa.selenium.chrome.ChromeDriver
Capabilities {acceptInsecureCerts: false, acceptSslCerts: false, applicationCacheEnabled: false, browserConnectionEnabled: false, browserName: chrome, chrome: {chromedriverVersion: 74.0.3729.6 (255758eccf3d24..., userDataDir: C:\Users\AMAREN~1.SIN\AppDa...}, cssSelectorsEnabled: true, databaseEnabled: false, goog:chromeOptions: {debuggerAddress: localhost:64751}, handlesAlerts: true, hasTouchScreen: false, javascriptEnabled: true, locationContextEnabled: true, mobileEmulationEnabled: false, nativeEvents: true, networkConnectionEnabled: false, pageLoadStrategy: normal, platform: XP, platformName: XP, proxy: Proxy(), rotatable: false, setWindowRect: true, strictFileInteractability: false, takesHeapSnapshot: true, takesScreenshot: true, timeouts: {implicit: 0, pageLoad: 300000, script: 30000}, unexpectedAlertBehaviour: ignore, unhandledPromptBehavior: ignore, version: 75.0.3770.100, webStorageEnabled: true}
Session ID: d6b7dc6bb4da4c69a65fbbd29bedde91
	at org.openqa.selenium.remote.ErrorHandler.createThrowable(ErrorHandler.java:214)
	at org.openqa.selenium.remote.ErrorHandler.throwIfResponseFailed(ErrorHandler.java:166)
	at org.openqa.selenium.remote.http.JsonHttpResponseCodec.reconstructValue(JsonHttpResponseCodec.java:40)
	at org.openqa.selenium.remote.http.AbstractHttpResponseCodec.decode(AbstractHttpResponseCodec.java:80)
	at org.openqa.selenium.remote.http.AbstractHttpResponseCodec.decode(AbstractHttpResponseCodec.java:44)
	at org.openqa.selenium.remote.HttpCommandExecutor.execute(HttpCommandExecutor.java:158)
	at org.openqa.selenium.remote.service.DriverCommandExecutor.execute(DriverCommandExecutor.java:83)
	at org.openqa.selenium.remote.RemoteWebDriver.execute(RemoteWebDriver.java:552)
	at org.openqa.selenium.remote.RemoteWebElement.execute(RemoteWebElement.java:285)
	at org.openqa.selenium.remote.RemoteWebElement.getText(RemoteWebElement.java:166)
	at org.openqa.selenium.support.pagefactory.internal.LocatingElementHandler.invoke(LocatingElementHandler.java:51)
	at com.sun.proxy.$Proxy13.getText(Unknown Source)
	at biocept.qa.utill.WorkflowCommonMethods.completeMessage(WorkflowCommonMethods.java:77)
	at biocept.qa.testcases.MolecularWorkflow.BRAFReportSignoff(MolecularWorkflow.java:394)
... Removed 31 stack frames]]>
    </failure>
  </testcase> <!-- BRAFReportSignoff -->
  <testcase name="KRASPIActivityTitle" time="0.0" classname="biocept.qa.testcases.MolecularWorkflow">
    <skipped/>
  </testcase> <!-- KRASPIActivityTitle -->
  <testcase name="KRASPIActivityResult" time="0.0" classname="biocept.qa.testcases.MolecularWorkflow">
    <skipped/>
  </testcase> <!-- KRASPIActivityResult -->
  <testcase name="KRASReportSignoff" time="0.0" classname="biocept.qa.testcases.MolecularWorkflow">
    <skipped/>
  </testcase> <!-- KRASReportSignoff -->
</testsuite> <!-- Molecular Workflow -->
