<?xml version="1.0" encoding="UTF-8"?>
<testng-results skipped="10" failed="2" total="76" passed="64">
  <reporter-output>
  </reporter-output>
  <suite name="Biocept" duration-ms="823924" started-at="2019-06-27T10:06:01Z" finished-at="2019-06-27T10:19:45Z">
    <groups>
    </groups>
    <test name="CTC-FISH Workflow for Global Cases" duration-ms="466940" started-at="2019-06-27T10:06:01Z" finished-at="2019-06-27T10:13:48Z">
      <class name="biocept.qa.testcases.CTCWorkflow">
        <test-method status="PASS" signature="setup()[pri:0, instance:biocept.qa.testcases.CTCWorkflow@520a3426]" name="setup" is-config="true" duration-ms="68" started-at="2019-06-27T15:36:05Z" finished-at="2019-06-27T15:36:05Z">
          <reporter-output>
          </reporter-output>
        </test-method> <!-- setup -->
        <test-method status="PASS" signature="LIMSLogin()[pri:1, instance:biocept.qa.testcases.CTCWorkflow@520a3426]" name="LIMSLogin" duration-ms="22818" started-at="2019-06-27T15:36:05Z" description="Verify user is able to login in LIMS portal" finished-at="2019-06-27T15:36:28Z">
          <reporter-output>
          </reporter-output>
        </test-method> <!-- LIMSLogin -->
        <test-method status="PASS" signature="getResult(org.testng.ITestResult)[pri:0, instance:biocept.qa.testcases.CTCWorkflow@520a3426]" name="getResult" is-config="true" duration-ms="379" started-at="2019-06-27T15:36:28Z" finished-at="2019-06-27T15:36:28Z">
          <params>
            <param index="0">
              <value>
                <![CDATA[[TestResult name=LIMSLogin status=SUCCESS method=CTCWorkflow.LIMSLogin()[pri:1, instance:biocept.qa.testcases.CTCWorkflow@520a3426] output={null}]]]>
              </value>
            </param>
          </params>
          <reporter-output>
          </reporter-output>
        </test-method> <!-- getResult -->
        <test-method status="PASS" signature="setup()[pri:0, instance:biocept.qa.testcases.CTCWorkflow@520a3426]" name="setup" is-config="true" duration-ms="14" started-at="2019-06-27T15:36:28Z" finished-at="2019-06-27T15:36:28Z">
          <reporter-output>
          </reporter-output>
        </test-method> <!-- setup -->
        <test-method status="PASS" signature="dashboard()[pri:2, instance:biocept.qa.testcases.CTCWorkflow@520a3426]" name="dashboard" duration-ms="126" started-at="2019-06-27T15:36:28Z" description="Verify the total link count on dashboard " depends-on-methods="biocept.qa.testcases.CTCWorkflow.LIMSLogin" finished-at="2019-06-27T15:36:28Z">
          <reporter-output>
          </reporter-output>
        </test-method> <!-- dashboard -->
        <test-method status="PASS" signature="getResult(org.testng.ITestResult)[pri:0, instance:biocept.qa.testcases.CTCWorkflow@520a3426]" name="getResult" is-config="true" duration-ms="65" started-at="2019-06-27T15:36:28Z" finished-at="2019-06-27T15:36:28Z">
          <params>
            <param index="0">
              <value>
                <![CDATA[[TestResult name=dashboard status=SUCCESS method=CTCWorkflow.dashboard()[pri:2, instance:biocept.qa.testcases.CTCWorkflow@520a3426] output={null}]]]>
              </value>
            </param>
          </params>
          <reporter-output>
          </reporter-output>
        </test-method> <!-- getResult -->
        <test-method status="PASS" signature="setup()[pri:0, instance:biocept.qa.testcases.CTCWorkflow@520a3426]" name="setup" is-config="true" duration-ms="17" started-at="2019-06-27T15:36:28Z" finished-at="2019-06-27T15:36:28Z">
          <reporter-output>
          </reporter-output>
        </test-method> <!-- setup -->
        <test-method status="PASS" signature="PlaceNewOrder()[pri:3, instance:biocept.qa.testcases.CTCWorkflow@520a3426]" name="PlaceNewOrder" duration-ms="63140" started-at="2019-06-27T15:36:28Z" description="Verify user is able to create a new accession for CTC-FISH" depends-on-methods="biocept.qa.testcases.CTCWorkflow.LIMSLogin" finished-at="2019-06-27T15:37:31Z">
          <reporter-output>
          </reporter-output>
        </test-method> <!-- PlaceNewOrder -->
        <test-method status="PASS" signature="getResult(org.testng.ITestResult)[pri:0, instance:biocept.qa.testcases.CTCWorkflow@520a3426]" name="getResult" is-config="true" duration-ms="69" started-at="2019-06-27T15:37:31Z" finished-at="2019-06-27T15:37:32Z">
          <params>
            <param index="0">
              <value>
                <![CDATA[[TestResult name=PlaceNewOrder status=SUCCESS method=CTCWorkflow.PlaceNewOrder()[pri:3, instance:biocept.qa.testcases.CTCWorkflow@520a3426] output={null}]]]>
              </value>
            </param>
          </params>
          <reporter-output>
          </reporter-output>
        </test-method> <!-- getResult -->
        <test-method status="PASS" signature="setup()[pri:0, instance:biocept.qa.testcases.CTCWorkflow@520a3426]" name="setup" is-config="true" duration-ms="12" started-at="2019-06-27T15:37:32Z" finished-at="2019-06-27T15:37:32Z">
          <reporter-output>
          </reporter-output>
        </test-method> <!-- setup -->
        <test-method status="PASS" signature="PatientNameOnBarcodePage()[pri:4, instance:biocept.qa.testcases.CTCWorkflow@520a3426]" name="PatientNameOnBarcodePage" duration-ms="18636" started-at="2019-06-27T15:37:32Z" description="Verify patient name on barcode page" depends-on-methods="biocept.qa.testcases.CTCWorkflow.PlaceNewOrder" finished-at="2019-06-27T15:37:50Z">
          <reporter-output>
          </reporter-output>
        </test-method> <!-- PatientNameOnBarcodePage -->
        <test-method status="PASS" signature="getResult(org.testng.ITestResult)[pri:0, instance:biocept.qa.testcases.CTCWorkflow@520a3426]" name="getResult" is-config="true" duration-ms="71" started-at="2019-06-27T15:37:50Z" finished-at="2019-06-27T15:37:50Z">
          <params>
            <param index="0">
              <value>
                <![CDATA[[TestResult name=PatientNameOnBarcodePage status=SUCCESS method=CTCWorkflow.PatientNameOnBarcodePage()[pri:4, instance:biocept.qa.testcases.CTCWorkflow@520a3426] output={null}]]]>
              </value>
            </param>
          </params>
          <reporter-output>
          </reporter-output>
        </test-method> <!-- getResult -->
        <test-method status="PASS" signature="setup()[pri:0, instance:biocept.qa.testcases.CTCWorkflow@520a3426]" name="setup" is-config="true" duration-ms="8" started-at="2019-06-27T15:37:50Z" finished-at="2019-06-27T15:37:50Z">
          <reporter-output>
          </reporter-output>
        </test-method> <!-- setup -->
        <test-method status="PASS" signature="UploadAccessionImagesPageTitle()[pri:5, instance:biocept.qa.testcases.CTCWorkflow@520a3426]" name="UploadAccessionImagesPageTitle" duration-ms="8820" started-at="2019-06-27T15:37:50Z" description="Verify user is able to upload the CTC/FISH images" depends-on-methods="biocept.qa.testcases.CTCWorkflow.PlaceNewOrder" finished-at="2019-06-27T15:37:59Z">
          <reporter-output>
          </reporter-output>
        </test-method> <!-- UploadAccessionImagesPageTitle -->
        <test-method status="PASS" signature="getResult(org.testng.ITestResult)[pri:0, instance:biocept.qa.testcases.CTCWorkflow@520a3426]" name="getResult" is-config="true" duration-ms="60" started-at="2019-06-27T15:37:59Z" finished-at="2019-06-27T15:37:59Z">
          <params>
            <param index="0">
              <value>
                <![CDATA[[TestResult name=UploadAccessionImagesPageTitle status=SUCCESS method=CTCWorkflow.UploadAccessionImagesPageTitle()[pri:5, instance:biocept.qa.testcases.CTCWorkflow@520a3426] output={null}]]]>
              </value>
            </param>
          </params>
          <reporter-output>
          </reporter-output>
        </test-method> <!-- getResult -->
        <test-method status="PASS" signature="setup()[pri:0, instance:biocept.qa.testcases.CTCWorkflow@520a3426]" name="setup" is-config="true" duration-ms="12" started-at="2019-06-27T15:37:59Z" finished-at="2019-06-27T15:37:59Z">
          <reporter-output>
          </reporter-output>
        </test-method> <!-- setup -->
        <test-method status="PASS" signature="MyWorklistTitle()[pri:6, instance:biocept.qa.testcases.CTCWorkflow@520a3426]" name="MyWorklistTitle" duration-ms="7837" started-at="2019-06-27T15:37:59Z" description="Verify user is able to open the My Worklist" depends-on-methods="biocept.qa.testcases.CTCWorkflow.PlaceNewOrder" finished-at="2019-06-27T15:38:07Z">
          <reporter-output>
          </reporter-output>
        </test-method> <!-- MyWorklistTitle -->
        <test-method status="PASS" signature="getResult(org.testng.ITestResult)[pri:0, instance:biocept.qa.testcases.CTCWorkflow@520a3426]" name="getResult" is-config="true" duration-ms="46" started-at="2019-06-27T15:38:07Z" finished-at="2019-06-27T15:38:07Z">
          <params>
            <param index="0">
              <value>
                <![CDATA[[TestResult name=MyWorklistTitle status=SUCCESS method=CTCWorkflow.MyWorklistTitle()[pri:6, instance:biocept.qa.testcases.CTCWorkflow@520a3426] output={null}]]]>
              </value>
            </param>
          </params>
          <reporter-output>
          </reporter-output>
        </test-method> <!-- getResult -->
        <test-method status="PASS" signature="setup()[pri:0, instance:biocept.qa.testcases.CTCWorkflow@520a3426]" name="setup" is-config="true" duration-ms="7" started-at="2019-06-27T15:38:07Z" finished-at="2019-06-27T15:38:07Z">
          <reporter-output>
          </reporter-output>
        </test-method> <!-- setup -->
        <test-method status="PASS" signature="CTC_FISH_SummaryReport()[pri:40, instance:biocept.qa.testcases.CTCWorkflow@520a3426]" name="CTC_FISH_SummaryReport" duration-ms="2" started-at="2019-06-27T15:38:07Z" description="Verify user is able to download CTC-FISH Summary Report" depends-on-methods="biocept.qa.testcases.CTCWorkflow.PlaceNewOrder" finished-at="2019-06-27T15:38:07Z">
          <reporter-output>
          </reporter-output>
        </test-method> <!-- CTC_FISH_SummaryReport -->
        <test-method status="PASS" signature="getResult(org.testng.ITestResult)[pri:0, instance:biocept.qa.testcases.CTCWorkflow@520a3426]" name="getResult" is-config="true" duration-ms="51" started-at="2019-06-27T15:38:07Z" finished-at="2019-06-27T15:38:07Z">
          <params>
            <param index="0">
              <value>
                <![CDATA[[TestResult name=CTC_FISH_SummaryReport status=SUCCESS method=CTCWorkflow.CTC_FISH_SummaryReport()[pri:40, instance:biocept.qa.testcases.CTCWorkflow@520a3426] output={null}]]]>
              </value>
            </param>
          </params>
          <reporter-output>
          </reporter-output>
        </test-method> <!-- getResult -->
        <test-method status="PASS" signature="setup()[pri:0, instance:biocept.qa.testcases.CTCWorkflow@520a3426]" name="setup" is-config="true" duration-ms="7" started-at="2019-06-27T15:38:07Z" finished-at="2019-06-27T15:38:07Z">
          <reporter-output>
          </reporter-output>
        </test-method> <!-- setup -->
        <test-method status="PASS" signature="CTC_FISH_ScoreSheet()[pri:41, instance:biocept.qa.testcases.CTCWorkflow@520a3426]" name="CTC_FISH_ScoreSheet" duration-ms="2" started-at="2019-06-27T15:38:07Z" description="Verify user is able to download CTC-FISH Score Sheet" depends-on-methods="biocept.qa.testcases.CTCWorkflow.PlaceNewOrder" finished-at="2019-06-27T15:38:07Z">
          <reporter-output>
          </reporter-output>
        </test-method> <!-- CTC_FISH_ScoreSheet -->
        <test-method status="PASS" signature="getResult(org.testng.ITestResult)[pri:0, instance:biocept.qa.testcases.CTCWorkflow@520a3426]" name="getResult" is-config="true" duration-ms="46" started-at="2019-06-27T15:38:07Z" finished-at="2019-06-27T15:38:07Z">
          <params>
            <param index="0">
              <value>
                <![CDATA[[TestResult name=CTC_FISH_ScoreSheet status=SUCCESS method=CTCWorkflow.CTC_FISH_ScoreSheet()[pri:41, instance:biocept.qa.testcases.CTCWorkflow@520a3426] output={null}]]]>
              </value>
            </param>
          </params>
          <reporter-output>
          </reporter-output>
        </test-method> <!-- getResult -->
        <test-method status="PASS" signature="setup()[pri:0, instance:biocept.qa.testcases.CTCWorkflow@520a3426]" name="setup" is-config="true" duration-ms="11" started-at="2019-06-27T15:38:07Z" finished-at="2019-06-27T15:38:07Z">
          <reporter-output>
          </reporter-output>
        </test-method> <!-- setup -->
        <test-method status="PASS" signature="CTC_FISH_SampleTraveler()[pri:42, instance:biocept.qa.testcases.CTCWorkflow@520a3426]" name="CTC_FISH_SampleTraveler" duration-ms="2" started-at="2019-06-27T15:38:07Z" description="Verify user is able to download CTC-FISH Sample Traveler" depends-on-methods="biocept.qa.testcases.CTCWorkflow.PlaceNewOrder" finished-at="2019-06-27T15:38:07Z">
          <reporter-output>
          </reporter-output>
        </test-method> <!-- CTC_FISH_SampleTraveler -->
        <test-method status="PASS" signature="getResult(org.testng.ITestResult)[pri:0, instance:biocept.qa.testcases.CTCWorkflow@520a3426]" name="getResult" is-config="true" duration-ms="46" started-at="2019-06-27T15:38:07Z" finished-at="2019-06-27T15:38:07Z">
          <params>
            <param index="0">
              <value>
                <![CDATA[[TestResult name=CTC_FISH_SampleTraveler status=SUCCESS method=CTCWorkflow.CTC_FISH_SampleTraveler()[pri:42, instance:biocept.qa.testcases.CTCWorkflow@520a3426] output={null}]]]>
              </value>
            </param>
          </params>
          <reporter-output>
          </reporter-output>
        </test-method> <!-- getResult -->
        <test-method status="PASS" signature="setup()[pri:0, instance:biocept.qa.testcases.CTCWorkflow@520a3426]" name="setup" is-config="true" duration-ms="6" started-at="2019-06-27T15:38:07Z" finished-at="2019-06-27T15:38:07Z">
          <reporter-output>
          </reporter-output>
        </test-method> <!-- setup -->
        <test-method status="PASS" signature="GenerateLongLabel()[pri:43, instance:biocept.qa.testcases.CTCWorkflow@520a3426]" name="GenerateLongLabel" duration-ms="1" started-at="2019-06-27T15:38:07Z" description="Verify user is able to download Generate Long Label(s)" depends-on-methods="biocept.qa.testcases.CTCWorkflow.PlaceNewOrder" finished-at="2019-06-27T15:38:07Z">
          <reporter-output>
          </reporter-output>
        </test-method> <!-- GenerateLongLabel -->
        <test-method status="PASS" signature="getResult(org.testng.ITestResult)[pri:0, instance:biocept.qa.testcases.CTCWorkflow@520a3426]" name="getResult" is-config="true" duration-ms="40" started-at="2019-06-27T15:38:07Z" finished-at="2019-06-27T15:38:07Z">
          <params>
            <param index="0">
              <value>
                <![CDATA[[TestResult name=GenerateLongLabel status=SUCCESS method=CTCWorkflow.GenerateLongLabel()[pri:43, instance:biocept.qa.testcases.CTCWorkflow@520a3426] output={null}]]]>
              </value>
            </param>
          </params>
          <reporter-output>
          </reporter-output>
        </test-method> <!-- getResult -->
        <test-method status="PASS" signature="setup()[pri:0, instance:biocept.qa.testcases.CTCWorkflow@520a3426]" name="setup" is-config="true" duration-ms="3" started-at="2019-06-27T15:38:07Z" finished-at="2019-06-27T15:38:07Z">
          <reporter-output>
          </reporter-output>
        </test-method> <!-- setup -->
        <test-method status="PASS" signature="GenerateSmallLabel()[pri:44, instance:biocept.qa.testcases.CTCWorkflow@520a3426]" name="GenerateSmallLabel" duration-ms="2" started-at="2019-06-27T15:38:07Z" description="Verify user is able to download Generate Small Label" depends-on-methods="biocept.qa.testcases.CTCWorkflow.PlaceNewOrder" finished-at="2019-06-27T15:38:07Z">
          <reporter-output>
          </reporter-output>
        </test-method> <!-- GenerateSmallLabel -->
        <test-method status="PASS" signature="getResult(org.testng.ITestResult)[pri:0, instance:biocept.qa.testcases.CTCWorkflow@520a3426]" name="getResult" is-config="true" duration-ms="34" started-at="2019-06-27T15:38:07Z" finished-at="2019-06-27T15:38:07Z">
          <params>
            <param index="0">
              <value>
                <![CDATA[[TestResult name=GenerateSmallLabel status=SUCCESS method=CTCWorkflow.GenerateSmallLabel()[pri:44, instance:biocept.qa.testcases.CTCWorkflow@520a3426] output={null}]]]>
              </value>
            </param>
          </params>
          <reporter-output>
          </reporter-output>
        </test-method> <!-- getResult -->
        <test-method status="PASS" signature="setup()[pri:0, instance:biocept.qa.testcases.CTCWorkflow@520a3426]" name="setup" is-config="true" duration-ms="5" started-at="2019-06-27T15:38:07Z" finished-at="2019-06-27T15:38:07Z">
          <reporter-output>
          </reporter-output>
        </test-method> <!-- setup -->
        <test-method status="PASS" signature="GenerateMolecularLabel()[pri:45, instance:biocept.qa.testcases.CTCWorkflow@520a3426]" name="GenerateMolecularLabel" duration-ms="1" started-at="2019-06-27T15:38:07Z" description="Verify user is able to download Generate Molecular Label" depends-on-methods="biocept.qa.testcases.CTCWorkflow.PlaceNewOrder" finished-at="2019-06-27T15:38:07Z">
          <reporter-output>
          </reporter-output>
        </test-method> <!-- GenerateMolecularLabel -->
        <test-method status="PASS" signature="getResult(org.testng.ITestResult)[pri:0, instance:biocept.qa.testcases.CTCWorkflow@520a3426]" name="getResult" is-config="true" duration-ms="48" started-at="2019-06-27T15:38:07Z" finished-at="2019-06-27T15:38:07Z">
          <params>
            <param index="0">
              <value>
                <![CDATA[[TestResult name=GenerateMolecularLabel status=SUCCESS method=CTCWorkflow.GenerateMolecularLabel()[pri:45, instance:biocept.qa.testcases.CTCWorkflow@520a3426] output={null}]]]>
              </value>
            </param>
          </params>
          <reporter-output>
          </reporter-output>
        </test-method> <!-- getResult -->
        <test-method status="PASS" signature="setup()[pri:0, instance:biocept.qa.testcases.CTCWorkflow@520a3426]" name="setup" is-config="true" duration-ms="6" started-at="2019-06-27T15:38:07Z" finished-at="2019-06-27T15:38:07Z">
          <reporter-output>
          </reporter-output>
        </test-method> <!-- setup -->
        <test-method status="PASS" signature="AccesstionType()[pri:7, instance:biocept.qa.testcases.CTCWorkflow@520a3426]" name="AccesstionType" duration-ms="783" started-at="2019-06-27T15:38:07Z" description="Verify the accession type when user create an accession without selecting Assign Professional Work checkbox" depends-on-methods="biocept.qa.testcases.CTCWorkflow.MyWorklistTitle" finished-at="2019-06-27T15:38:08Z">
          <reporter-output>
          </reporter-output>
        </test-method> <!-- AccesstionType -->
        <test-method status="PASS" signature="getResult(org.testng.ITestResult)[pri:0, instance:biocept.qa.testcases.CTCWorkflow@520a3426]" name="getResult" is-config="true" duration-ms="38" started-at="2019-06-27T15:38:08Z" finished-at="2019-06-27T15:38:08Z">
          <params>
            <param index="0">
              <value>
                <![CDATA[[TestResult name=AccesstionType status=SUCCESS method=CTCWorkflow.AccesstionType()[pri:7, instance:biocept.qa.testcases.CTCWorkflow@520a3426] output={null}]]]>
              </value>
            </param>
          </params>
          <reporter-output>
          </reporter-output>
        </test-method> <!-- getResult -->
        <test-method status="PASS" signature="setup()[pri:0, instance:biocept.qa.testcases.CTCWorkflow@520a3426]" name="setup" is-config="true" duration-ms="4" started-at="2019-06-27T15:38:08Z" finished-at="2019-06-27T15:38:08Z">
          <reporter-output>
          </reporter-output>
        </test-method> <!-- setup -->
        <test-method status="PASS" signature="CellCepProcessingActivityTitle()[pri:8, instance:biocept.qa.testcases.CTCWorkflow@520a3426]" name="CellCepProcessingActivityTitle" duration-ms="5536" started-at="2019-06-27T15:38:08Z" description="Verify user is able to open the Cell Cep Processing Activity" depends-on-methods="biocept.qa.testcases.CTCWorkflow.MyWorklistTitle" finished-at="2019-06-27T15:38:14Z">
          <reporter-output>
          </reporter-output>
        </test-method> <!-- CellCepProcessingActivityTitle -->
        <test-method status="PASS" signature="getResult(org.testng.ITestResult)[pri:0, instance:biocept.qa.testcases.CTCWorkflow@520a3426]" name="getResult" is-config="true" duration-ms="43" started-at="2019-06-27T15:38:14Z" finished-at="2019-06-27T15:38:14Z">
          <params>
            <param index="0">
              <value>
                <![CDATA[[TestResult name=CellCepProcessingActivityTitle status=SUCCESS method=CTCWorkflow.CellCepProcessingActivityTitle()[pri:8, instance:biocept.qa.testcases.CTCWorkflow@520a3426] output={null}]]]>
              </value>
            </param>
          </params>
          <reporter-output>
          </reporter-output>
        </test-method> <!-- getResult -->
        <test-method status="PASS" signature="setup()[pri:0, instance:biocept.qa.testcases.CTCWorkflow@520a3426]" name="setup" is-config="true" duration-ms="4" started-at="2019-06-27T15:38:14Z" finished-at="2019-06-27T15:38:14Z">
          <reporter-output>
          </reporter-output>
        </test-method> <!-- setup -->
        <test-method status="PASS" signature="DownloadPlasmaCSV()[pri:46, instance:biocept.qa.testcases.CTCWorkflow@520a3426]" name="DownloadPlasmaCSV" duration-ms="22" started-at="2019-06-27T15:38:14Z" description="Verify the download functionality for PlasmaCSV" depends-on-methods="biocept.qa.testcases.CTCWorkflow.MyWorklistTitle" finished-at="2019-06-27T15:38:14Z">
          <reporter-output>
          </reporter-output>
        </test-method> <!-- DownloadPlasmaCSV -->
        <test-method status="PASS" signature="getResult(org.testng.ITestResult)[pri:0, instance:biocept.qa.testcases.CTCWorkflow@520a3426]" name="getResult" is-config="true" duration-ms="35" started-at="2019-06-27T15:38:14Z" finished-at="2019-06-27T15:38:14Z">
          <params>
            <param index="0">
              <value>
                <![CDATA[[TestResult name=DownloadPlasmaCSV status=SUCCESS method=CTCWorkflow.DownloadPlasmaCSV()[pri:46, instance:biocept.qa.testcases.CTCWorkflow@520a3426] output={null}]]]>
              </value>
            </param>
          </params>
          <reporter-output>
          </reporter-output>
        </test-method> <!-- getResult -->
        <test-method status="PASS" signature="setup()[pri:0, instance:biocept.qa.testcases.CTCWorkflow@520a3426]" name="setup" is-config="true" duration-ms="4" started-at="2019-06-27T15:38:14Z" finished-at="2019-06-27T15:38:14Z">
          <reporter-output>
          </reporter-output>
        </test-method> <!-- setup -->
        <test-method status="PASS" signature="CellCepProcessing()[pri:9, instance:biocept.qa.testcases.CTCWorkflow@520a3426]" name="CellCepProcessing" duration-ms="8570" started-at="2019-06-27T15:38:14Z" description="Verify user is able to complete the Cell Cep Processing Activity" depends-on-methods="biocept.qa.testcases.CTCWorkflow.CellCepProcessingActivityTitle" finished-at="2019-06-27T15:38:22Z">
          <reporter-output>
          </reporter-output>
        </test-method> <!-- CellCepProcessing -->
        <test-method status="PASS" signature="getResult(org.testng.ITestResult)[pri:0, instance:biocept.qa.testcases.CTCWorkflow@520a3426]" name="getResult" is-config="true" duration-ms="69" started-at="2019-06-27T15:38:22Z" finished-at="2019-06-27T15:38:23Z">
          <params>
            <param index="0">
              <value>
                <![CDATA[[TestResult name=CellCepProcessing status=SUCCESS method=CTCWorkflow.CellCepProcessing()[pri:9, instance:biocept.qa.testcases.CTCWorkflow@520a3426] output={null}]]]>
              </value>
            </param>
          </params>
          <reporter-output>
          </reporter-output>
        </test-method> <!-- getResult -->
        <test-method status="PASS" signature="setup()[pri:0, instance:biocept.qa.testcases.CTCWorkflow@520a3426]" name="setup" is-config="true" duration-ms="12" started-at="2019-06-27T15:38:23Z" finished-at="2019-06-27T15:38:23Z">
          <reporter-output>
          </reporter-output>
        </test-method> <!-- setup -->
        <test-method status="PASS" signature="CellSepBatchingActivityTitle()[pri:10, instance:biocept.qa.testcases.CTCWorkflow@520a3426]" name="CellSepBatchingActivityTitle" duration-ms="7610" started-at="2019-06-27T15:38:23Z" description="Verify user is able to open the Cell Cep Batching Activity" depends-on-methods="biocept.qa.testcases.CTCWorkflow.CellCepProcessing" finished-at="2019-06-27T15:38:30Z">
          <reporter-output>
          </reporter-output>
        </test-method> <!-- CellSepBatchingActivityTitle -->
        <test-method status="PASS" signature="getResult(org.testng.ITestResult)[pri:0, instance:biocept.qa.testcases.CTCWorkflow@520a3426]" name="getResult" is-config="true" duration-ms="50" started-at="2019-06-27T15:38:30Z" finished-at="2019-06-27T15:38:30Z">
          <params>
            <param index="0">
              <value>
                <![CDATA[[TestResult name=CellSepBatchingActivityTitle status=SUCCESS method=CTCWorkflow.CellSepBatchingActivityTitle()[pri:10, instance:biocept.qa.testcases.CTCWorkflow@520a3426] output={null}]]]>
              </value>
            </param>
          </params>
          <reporter-output>
          </reporter-output>
        </test-method> <!-- getResult -->
        <test-method status="PASS" signature="setup()[pri:0, instance:biocept.qa.testcases.CTCWorkflow@520a3426]" name="setup" is-config="true" duration-ms="5" started-at="2019-06-27T15:38:30Z" finished-at="2019-06-27T15:38:30Z">
          <reporter-output>
          </reporter-output>
        </test-method> <!-- setup -->
        <test-method status="PASS" signature="CellSepBatching()[pri:11, instance:biocept.qa.testcases.CTCWorkflow@520a3426]" name="CellSepBatching" duration-ms="6840" started-at="2019-06-27T15:38:30Z" description="Verify user is able to complete the Cell Cep Batching Activity" depends-on-methods="biocept.qa.testcases.CTCWorkflow.CellSepBatchingActivityTitle" finished-at="2019-06-27T15:38:37Z">
          <reporter-output>
          </reporter-output>
        </test-method> <!-- CellSepBatching -->
        <test-method status="PASS" signature="getResult(org.testng.ITestResult)[pri:0, instance:biocept.qa.testcases.CTCWorkflow@520a3426]" name="getResult" is-config="true" duration-ms="58" started-at="2019-06-27T15:38:37Z" finished-at="2019-06-27T15:38:37Z">
          <params>
            <param index="0">
              <value>
                <![CDATA[[TestResult name=CellSepBatching status=SUCCESS method=CTCWorkflow.CellSepBatching()[pri:11, instance:biocept.qa.testcases.CTCWorkflow@520a3426] output={null}]]]>
              </value>
            </param>
          </params>
          <reporter-output>
          </reporter-output>
        </test-method> <!-- getResult -->
        <test-method status="PASS" signature="setup()[pri:0, instance:biocept.qa.testcases.CTCWorkflow@520a3426]" name="setup" is-config="true" duration-ms="6" started-at="2019-06-27T15:38:37Z" finished-at="2019-06-27T15:38:37Z">
          <reporter-output>
          </reporter-output>
        </test-method> <!-- setup -->
        <test-method status="PASS" signature="MEMSProcessingActivityTitle()[pri:12, instance:biocept.qa.testcases.CTCWorkflow@520a3426]" name="MEMSProcessingActivityTitle" duration-ms="6981" started-at="2019-06-27T15:38:37Z" description="Verify user is able to open the Mems Processing Activity" depends-on-methods="biocept.qa.testcases.CTCWorkflow.CellSepBatching" finished-at="2019-06-27T15:38:44Z">
          <reporter-output>
          </reporter-output>
        </test-method> <!-- MEMSProcessingActivityTitle -->
        <test-method status="PASS" signature="getResult(org.testng.ITestResult)[pri:0, instance:biocept.qa.testcases.CTCWorkflow@520a3426]" name="getResult" is-config="true" duration-ms="73" started-at="2019-06-27T15:38:44Z" finished-at="2019-06-27T15:38:44Z">
          <params>
            <param index="0">
              <value>
                <![CDATA[[TestResult name=MEMSProcessingActivityTitle status=SUCCESS method=CTCWorkflow.MEMSProcessingActivityTitle()[pri:12, instance:biocept.qa.testcases.CTCWorkflow@520a3426] output={null}]]]>
              </value>
            </param>
          </params>
          <reporter-output>
          </reporter-output>
        </test-method> <!-- getResult -->
        <test-method status="PASS" signature="setup()[pri:0, instance:biocept.qa.testcases.CTCWorkflow@520a3426]" name="setup" is-config="true" duration-ms="10" started-at="2019-06-27T15:38:44Z" finished-at="2019-06-27T15:38:44Z">
          <reporter-output>
          </reporter-output>
        </test-method> <!-- setup -->
        <test-method status="PASS" signature="MEMSProcessing()[pri:13, instance:biocept.qa.testcases.CTCWorkflow@520a3426]" name="MEMSProcessing" duration-ms="5659" started-at="2019-06-27T15:38:44Z" description="Verify user is able to complete the Mems Processing Activity" depends-on-methods="biocept.qa.testcases.CTCWorkflow.MEMSProcessingActivityTitle" finished-at="2019-06-27T15:38:50Z">
          <reporter-output>
          </reporter-output>
        </test-method> <!-- MEMSProcessing -->
        <test-method status="PASS" signature="getResult(org.testng.ITestResult)[pri:0, instance:biocept.qa.testcases.CTCWorkflow@520a3426]" name="getResult" is-config="true" duration-ms="98" started-at="2019-06-27T15:38:50Z" finished-at="2019-06-27T15:38:50Z">
          <params>
            <param index="0">
              <value>
                <![CDATA[[TestResult name=MEMSProcessing status=SUCCESS method=CTCWorkflow.MEMSProcessing()[pri:13, instance:biocept.qa.testcases.CTCWorkflow@520a3426] output={null}]]]>
              </value>
            </param>
          </params>
          <reporter-output>
          </reporter-output>
        </test-method> <!-- getResult -->
        <test-method status="PASS" signature="setup()[pri:0, instance:biocept.qa.testcases.CTCWorkflow@520a3426]" name="setup" is-config="true" duration-ms="20" started-at="2019-06-27T15:38:50Z" finished-at="2019-06-27T15:38:50Z">
          <reporter-output>
          </reporter-output>
        </test-method> <!-- setup -->
        <test-method status="PASS" signature="MemsBatchingActivityTitle()[pri:14, instance:biocept.qa.testcases.CTCWorkflow@520a3426]" name="MemsBatchingActivityTitle" duration-ms="9395" started-at="2019-06-27T15:38:50Z" description="Verify user is able to open the Mems Batching Activity" depends-on-methods="biocept.qa.testcases.CTCWorkflow.MEMSProcessing" finished-at="2019-06-27T15:38:59Z">
          <reporter-output>
          </reporter-output>
        </test-method> <!-- MemsBatchingActivityTitle -->
        <test-method status="PASS" signature="getResult(org.testng.ITestResult)[pri:0, instance:biocept.qa.testcases.CTCWorkflow@520a3426]" name="getResult" is-config="true" duration-ms="58" started-at="2019-06-27T15:38:59Z" finished-at="2019-06-27T15:38:59Z">
          <params>
            <param index="0">
              <value>
                <![CDATA[[TestResult name=MemsBatchingActivityTitle status=SUCCESS method=CTCWorkflow.MemsBatchingActivityTitle()[pri:14, instance:biocept.qa.testcases.CTCWorkflow@520a3426] output={null}]]]>
              </value>
            </param>
          </params>
          <reporter-output>
          </reporter-output>
        </test-method> <!-- getResult -->
        <test-method status="PASS" signature="setup()[pri:0, instance:biocept.qa.testcases.CTCWorkflow@520a3426]" name="setup" is-config="true" duration-ms="4" started-at="2019-06-27T15:38:59Z" finished-at="2019-06-27T15:38:59Z">
          <reporter-output>
          </reporter-output>
        </test-method> <!-- setup -->
        <test-method status="PASS" signature="MemsBatching()[pri:15, instance:biocept.qa.testcases.CTCWorkflow@520a3426]" name="MemsBatching" duration-ms="5191" started-at="2019-06-27T15:38:59Z" description="Verify user is able to complete the Mems Batching Activity" depends-on-methods="biocept.qa.testcases.CTCWorkflow.MemsBatchingActivityTitle" finished-at="2019-06-27T15:39:05Z">
          <reporter-output>
          </reporter-output>
        </test-method> <!-- MemsBatching -->
        <test-method status="PASS" signature="getResult(org.testng.ITestResult)[pri:0, instance:biocept.qa.testcases.CTCWorkflow@520a3426]" name="getResult" is-config="true" duration-ms="78" started-at="2019-06-27T15:39:05Z" finished-at="2019-06-27T15:39:05Z">
          <params>
            <param index="0">
              <value>
                <![CDATA[[TestResult name=MemsBatching status=SUCCESS method=CTCWorkflow.MemsBatching()[pri:15, instance:biocept.qa.testcases.CTCWorkflow@520a3426] output={null}]]]>
              </value>
            </param>
          </params>
          <reporter-output>
          </reporter-output>
        </test-method> <!-- getResult -->
        <test-method status="PASS" signature="setup()[pri:0, instance:biocept.qa.testcases.CTCWorkflow@520a3426]" name="setup" is-config="true" duration-ms="17" started-at="2019-06-27T15:39:05Z" finished-at="2019-06-27T15:39:05Z">
          <reporter-output>
          </reporter-output>
        </test-method> <!-- setup -->
        <test-method status="PASS" signature="BioviewScanDataActivityTitle()[pri:16, instance:biocept.qa.testcases.CTCWorkflow@520a3426]" name="BioviewScanDataActivityTitle" duration-ms="7725" started-at="2019-06-27T15:39:05Z" description="Verify user is able to open the Bioview Scan Data Activity" depends-on-methods="biocept.qa.testcases.CTCWorkflow.MemsBatching" finished-at="2019-06-27T15:39:12Z">
          <reporter-output>
          </reporter-output>
        </test-method> <!-- BioviewScanDataActivityTitle -->
        <test-method status="PASS" signature="getResult(org.testng.ITestResult)[pri:0, instance:biocept.qa.testcases.CTCWorkflow@520a3426]" name="getResult" is-config="true" duration-ms="43" started-at="2019-06-27T15:39:12Z" finished-at="2019-06-27T15:39:12Z">
          <params>
            <param index="0">
              <value>
                <![CDATA[[TestResult name=BioviewScanDataActivityTitle status=SUCCESS method=CTCWorkflow.BioviewScanDataActivityTitle()[pri:16, instance:biocept.qa.testcases.CTCWorkflow@520a3426] output={null}]]]>
              </value>
            </param>
          </params>
          <reporter-output>
          </reporter-output>
        </test-method> <!-- getResult -->
        <test-method status="PASS" signature="setup()[pri:0, instance:biocept.qa.testcases.CTCWorkflow@520a3426]" name="setup" is-config="true" duration-ms="6" started-at="2019-06-27T15:39:12Z" finished-at="2019-06-27T15:39:12Z">
          <reporter-output>
          </reporter-output>
        </test-method> <!-- setup -->
        <test-method status="PASS" signature="BioviewScanData()[pri:17, instance:biocept.qa.testcases.CTCWorkflow@520a3426]" name="BioviewScanData" duration-ms="6701" started-at="2019-06-27T15:39:12Z" description="Verify user is able to complete the Bioview Scan Data Activity" depends-on-methods="biocept.qa.testcases.CTCWorkflow.BioviewScanDataActivityTitle" finished-at="2019-06-27T15:39:19Z">
          <reporter-output>
          </reporter-output>
        </test-method> <!-- BioviewScanData -->
        <test-method status="PASS" signature="getResult(org.testng.ITestResult)[pri:0, instance:biocept.qa.testcases.CTCWorkflow@520a3426]" name="getResult" is-config="true" duration-ms="87" started-at="2019-06-27T15:39:19Z" finished-at="2019-06-27T15:39:19Z">
          <params>
            <param index="0">
              <value>
                <![CDATA[[TestResult name=BioviewScanData status=SUCCESS method=CTCWorkflow.BioviewScanData()[pri:17, instance:biocept.qa.testcases.CTCWorkflow@520a3426] output={null}]]]>
              </value>
            </param>
          </params>
          <reporter-output>
          </reporter-output>
        </test-method> <!-- getResult -->
        <test-method status="PASS" signature="setup()[pri:0, instance:biocept.qa.testcases.CTCWorkflow@520a3426]" name="setup" is-config="true" duration-ms="11" started-at="2019-06-27T15:39:19Z" finished-at="2019-06-27T15:39:19Z">
          <reporter-output>
          </reporter-output>
        </test-method> <!-- setup -->
        <test-method status="PASS" signature="EnumerationImageReviewActivityTitle()[pri:18, instance:biocept.qa.testcases.CTCWorkflow@520a3426]" name="EnumerationImageReviewActivityTitle" duration-ms="7360" started-at="2019-06-27T15:39:19Z" description="Verify user is able to open the Enumeration Image Review Activity" depends-on-methods="biocept.qa.testcases.CTCWorkflow.BioviewScanData" finished-at="2019-06-27T15:39:27Z">
          <reporter-output>
          </reporter-output>
        </test-method> <!-- EnumerationImageReviewActivityTitle -->
        <test-method status="PASS" signature="getResult(org.testng.ITestResult)[pri:0, instance:biocept.qa.testcases.CTCWorkflow@520a3426]" name="getResult" is-config="true" duration-ms="44" started-at="2019-06-27T15:39:27Z" finished-at="2019-06-27T15:39:27Z">
          <params>
            <param index="0">
              <value>
                <![CDATA[[TestResult name=EnumerationImageReviewActivityTitle status=SUCCESS method=CTCWorkflow.EnumerationImageReviewActivityTitle()[pri:18, instance:biocept.qa.testcases.CTCWorkflow@520a3426] output={null}]]]>
              </value>
            </param>
          </params>
          <reporter-output>
          </reporter-output>
        </test-method> <!-- getResult -->
        <test-method status="PASS" signature="setup()[pri:0, instance:biocept.qa.testcases.CTCWorkflow@520a3426]" name="setup" is-config="true" duration-ms="4" started-at="2019-06-27T15:39:27Z" finished-at="2019-06-27T15:39:27Z">
          <reporter-output>
          </reporter-output>
        </test-method> <!-- setup -->
        <test-method status="PASS" signature="EnumerationImageReview()[pri:19, instance:biocept.qa.testcases.CTCWorkflow@520a3426]" name="EnumerationImageReview" duration-ms="19064" started-at="2019-06-27T15:39:27Z" description="Verify user is able to complete the Enumeration Image Review Activity" depends-on-methods="biocept.qa.testcases.CTCWorkflow.EnumerationImageReviewActivityTitle" finished-at="2019-06-27T15:39:46Z">
          <reporter-output>
          </reporter-output>
        </test-method> <!-- EnumerationImageReview -->
        <test-method status="PASS" signature="getResult(org.testng.ITestResult)[pri:0, instance:biocept.qa.testcases.CTCWorkflow@520a3426]" name="getResult" is-config="true" duration-ms="69" started-at="2019-06-27T15:39:46Z" finished-at="2019-06-27T15:39:46Z">
          <params>
            <param index="0">
              <value>
                <![CDATA[[TestResult name=EnumerationImageReview status=SUCCESS method=CTCWorkflow.EnumerationImageReview()[pri:19, instance:biocept.qa.testcases.CTCWorkflow@520a3426] output={null}]]]>
              </value>
            </param>
          </params>
          <reporter-output>
          </reporter-output>
        </test-method> <!-- getResult -->
        <test-method status="PASS" signature="setup()[pri:0, instance:biocept.qa.testcases.CTCWorkflow@520a3426]" name="setup" is-config="true" duration-ms="9" started-at="2019-06-27T15:39:46Z" finished-at="2019-06-27T15:39:46Z">
          <reporter-output>
          </reporter-output>
        </test-method> <!-- setup -->
        <test-method status="PASS" signature="CTCICCResultsSummaryActivityTitle()[pri:20, instance:biocept.qa.testcases.CTCWorkflow@520a3426]" name="CTCICCResultsSummaryActivityTitle" duration-ms="7266" started-at="2019-06-27T15:39:46Z" description="Verify user is able to open the CTC ICC Results Summary Activity" depends-on-methods="biocept.qa.testcases.CTCWorkflow.EnumerationImageReview" finished-at="2019-06-27T15:39:53Z">
          <reporter-output>
          </reporter-output>
        </test-method> <!-- CTCICCResultsSummaryActivityTitle -->
        <test-method status="PASS" signature="getResult(org.testng.ITestResult)[pri:0, instance:biocept.qa.testcases.CTCWorkflow@520a3426]" name="getResult" is-config="true" duration-ms="44" started-at="2019-06-27T15:39:53Z" finished-at="2019-06-27T15:39:53Z">
          <params>
            <param index="0">
              <value>
                <![CDATA[[TestResult name=CTCICCResultsSummaryActivityTitle status=SUCCESS method=CTCWorkflow.CTCICCResultsSummaryActivityTitle()[pri:20, instance:biocept.qa.testcases.CTCWorkflow@520a3426] output={null}]]]>
              </value>
            </param>
          </params>
          <reporter-output>
          </reporter-output>
        </test-method> <!-- getResult -->
        <test-method status="PASS" signature="setup()[pri:0, instance:biocept.qa.testcases.CTCWorkflow@520a3426]" name="setup" is-config="true" duration-ms="6" started-at="2019-06-27T15:39:53Z" finished-at="2019-06-27T15:39:53Z">
          <reporter-output>
          </reporter-output>
        </test-method> <!-- setup -->
        <test-method status="PASS" signature="CTCICCResultsSummary()[pri:21, instance:biocept.qa.testcases.CTCWorkflow@520a3426]" name="CTCICCResultsSummary" duration-ms="50033" started-at="2019-06-27T15:39:53Z" description="Verify user is able to complete the CTC ICC Results Summary Activity" depends-on-methods="biocept.qa.testcases.CTCWorkflow.CTCICCResultsSummaryActivityTitle" finished-at="2019-06-27T15:40:43Z">
          <reporter-output>
          </reporter-output>
        </test-method> <!-- CTCICCResultsSummary -->
        <test-method status="PASS" signature="getResult(org.testng.ITestResult)[pri:0, instance:biocept.qa.testcases.CTCWorkflow@520a3426]" name="getResult" is-config="true" duration-ms="77" started-at="2019-06-27T15:40:43Z" finished-at="2019-06-27T15:40:43Z">
          <params>
            <param index="0">
              <value>
                <![CDATA[[TestResult name=CTCICCResultsSummary status=SUCCESS method=CTCWorkflow.CTCICCResultsSummary()[pri:21, instance:biocept.qa.testcases.CTCWorkflow@520a3426] output={null}]]]>
              </value>
            </param>
          </params>
          <reporter-output>
          </reporter-output>
        </test-method> <!-- getResult -->
        <test-method status="PASS" signature="setup()[pri:0, instance:biocept.qa.testcases.CTCWorkflow@520a3426]" name="setup" is-config="true" duration-ms="3" started-at="2019-06-27T15:40:43Z" finished-at="2019-06-27T15:40:43Z">
          <reporter-output>
          </reporter-output>
        </test-method> <!-- setup -->
        <test-method status="PASS" signature="FISHAutobatchedworklistActivityTitle()[pri:22, instance:biocept.qa.testcases.CTCWorkflow@520a3426]" name="FISHAutobatchedworklistActivityTitle" duration-ms="7569" started-at="2019-06-27T15:40:43Z" description="Verify user is able to open the FISH Auto batched worklist Activity" depends-on-methods="biocept.qa.testcases.CTCWorkflow.CTCICCResultsSummary" finished-at="2019-06-27T15:40:51Z">
          <reporter-output>
          </reporter-output>
        </test-method> <!-- FISHAutobatchedworklistActivityTitle -->
        <test-method status="PASS" signature="getResult(org.testng.ITestResult)[pri:0, instance:biocept.qa.testcases.CTCWorkflow@520a3426]" name="getResult" is-config="true" duration-ms="34" started-at="2019-06-27T15:40:51Z" finished-at="2019-06-27T15:40:51Z">
          <params>
            <param index="0">
              <value>
                <![CDATA[[TestResult name=FISHAutobatchedworklistActivityTitle status=SUCCESS method=CTCWorkflow.FISHAutobatchedworklistActivityTitle()[pri:22, instance:biocept.qa.testcases.CTCWorkflow@520a3426] output={null}]]]>
              </value>
            </param>
          </params>
          <reporter-output>
          </reporter-output>
        </test-method> <!-- getResult -->
        <test-method status="PASS" signature="setup()[pri:0, instance:biocept.qa.testcases.CTCWorkflow@520a3426]" name="setup" is-config="true" duration-ms="4" started-at="2019-06-27T15:40:51Z" finished-at="2019-06-27T15:40:51Z">
          <reporter-output>
          </reporter-output>
        </test-method> <!-- setup -->
        <test-method status="PASS" signature="FISHAutobatchedworklist()[pri:23, instance:biocept.qa.testcases.CTCWorkflow@520a3426]" name="FISHAutobatchedworklist" duration-ms="6502" started-at="2019-06-27T15:40:51Z" description="Verify user is able to complete the FISH Auto batched worklist Activity" depends-on-methods="biocept.qa.testcases.CTCWorkflow.FISHAutobatchedworklistActivityTitle" finished-at="2019-06-27T15:40:57Z">
          <reporter-output>
          </reporter-output>
        </test-method> <!-- FISHAutobatchedworklist -->
        <test-method status="PASS" signature="getResult(org.testng.ITestResult)[pri:0, instance:biocept.qa.testcases.CTCWorkflow@520a3426]" name="getResult" is-config="true" duration-ms="56" started-at="2019-06-27T15:40:57Z" finished-at="2019-06-27T15:40:57Z">
          <params>
            <param index="0">
              <value>
                <![CDATA[[TestResult name=FISHAutobatchedworklist status=SUCCESS method=CTCWorkflow.FISHAutobatchedworklist()[pri:23, instance:biocept.qa.testcases.CTCWorkflow@520a3426] output={null}]]]>
              </value>
            </param>
          </params>
          <reporter-output>
          </reporter-output>
        </test-method> <!-- getResult -->
        <test-method status="PASS" signature="setup()[pri:0, instance:biocept.qa.testcases.CTCWorkflow@520a3426]" name="setup" is-config="true" duration-ms="10" started-at="2019-06-27T15:40:57Z" finished-at="2019-06-27T15:40:57Z">
          <reporter-output>
          </reporter-output>
        </test-method> <!-- setup -->
        <test-method status="PASS" signature="FISHReloAnalysisActivityTitle()[pri:24, instance:biocept.qa.testcases.CTCWorkflow@520a3426]" name="FISHReloAnalysisActivityTitle" duration-ms="7301" started-at="2019-06-27T15:40:57Z" description="Verify user is able to open the FISH Relo Analysis Activity" depends-on-methods="biocept.qa.testcases.CTCWorkflow.FISHAutobatchedworklist" finished-at="2019-06-27T15:41:05Z">
          <reporter-output>
          </reporter-output>
        </test-method> <!-- FISHReloAnalysisActivityTitle -->
        <test-method status="PASS" signature="getResult(org.testng.ITestResult)[pri:0, instance:biocept.qa.testcases.CTCWorkflow@520a3426]" name="getResult" is-config="true" duration-ms="30" started-at="2019-06-27T15:41:05Z" finished-at="2019-06-27T15:41:05Z">
          <params>
            <param index="0">
              <value>
                <![CDATA[[TestResult name=FISHReloAnalysisActivityTitle status=SUCCESS method=CTCWorkflow.FISHReloAnalysisActivityTitle()[pri:24, instance:biocept.qa.testcases.CTCWorkflow@520a3426] output={null}]]]>
              </value>
            </param>
          </params>
          <reporter-output>
          </reporter-output>
        </test-method> <!-- getResult -->
        <test-method status="PASS" signature="setup()[pri:0, instance:biocept.qa.testcases.CTCWorkflow@520a3426]" name="setup" is-config="true" duration-ms="7" started-at="2019-06-27T15:41:05Z" finished-at="2019-06-27T15:41:05Z">
          <reporter-output>
          </reporter-output>
        </test-method> <!-- setup -->
        <test-method status="PASS" signature="FISHReloAnalysis()[pri:25, instance:biocept.qa.testcases.CTCWorkflow@520a3426]" name="FISHReloAnalysis" duration-ms="8614" started-at="2019-06-27T15:41:05Z" description="Verify user is able to complete the FISH Relo Analysis Activity" depends-on-methods="biocept.qa.testcases.CTCWorkflow.FISHReloAnalysisActivityTitle" finished-at="2019-06-27T15:41:13Z">
          <reporter-output>
          </reporter-output>
        </test-method> <!-- FISHReloAnalysis -->
        <test-method status="PASS" signature="getResult(org.testng.ITestResult)[pri:0, instance:biocept.qa.testcases.CTCWorkflow@520a3426]" name="getResult" is-config="true" duration-ms="56" started-at="2019-06-27T15:41:13Z" finished-at="2019-06-27T15:41:13Z">
          <params>
            <param index="0">
              <value>
                <![CDATA[[TestResult name=FISHReloAnalysis status=SUCCESS method=CTCWorkflow.FISHReloAnalysis()[pri:25, instance:biocept.qa.testcases.CTCWorkflow@520a3426] output={null}]]]>
              </value>
            </param>
          </params>
          <reporter-output>
          </reporter-output>
        </test-method> <!-- getResult -->
        <test-method status="PASS" signature="setup()[pri:0, instance:biocept.qa.testcases.CTCWorkflow@520a3426]" name="setup" is-config="true" duration-ms="4" started-at="2019-06-27T15:41:13Z" finished-at="2019-06-27T15:41:13Z">
          <reporter-output>
          </reporter-output>
        </test-method> <!-- setup -->
        <test-method status="PASS" signature="FISHResultsSummaryActivityTitle()[pri:26, instance:biocept.qa.testcases.CTCWorkflow@520a3426]" name="FISHResultsSummaryActivityTitle" duration-ms="9703" started-at="2019-06-27T15:41:13Z" description="Verify user is able to open the FISH Results Summary Activity" depends-on-methods="biocept.qa.testcases.CTCWorkflow.FISHReloAnalysis" finished-at="2019-06-27T15:41:23Z">
          <reporter-output>
          </reporter-output>
        </test-method> <!-- FISHResultsSummaryActivityTitle -->
        <test-method status="PASS" signature="getResult(org.testng.ITestResult)[pri:0, instance:biocept.qa.testcases.CTCWorkflow@520a3426]" name="getResult" is-config="true" duration-ms="41" started-at="2019-06-27T15:41:23Z" finished-at="2019-06-27T15:41:23Z">
          <params>
            <param index="0">
              <value>
                <![CDATA[[TestResult name=FISHResultsSummaryActivityTitle status=SUCCESS method=CTCWorkflow.FISHResultsSummaryActivityTitle()[pri:26, instance:biocept.qa.testcases.CTCWorkflow@520a3426] output={null}]]]>
              </value>
            </param>
          </params>
          <reporter-output>
          </reporter-output>
        </test-method> <!-- getResult -->
        <test-method status="PASS" signature="setup()[pri:0, instance:biocept.qa.testcases.CTCWorkflow@520a3426]" name="setup" is-config="true" duration-ms="5" started-at="2019-06-27T15:41:23Z" finished-at="2019-06-27T15:41:23Z">
          <reporter-output>
          </reporter-output>
        </test-method> <!-- setup -->
        <test-method status="PASS" signature="FISHResultsSummary()[pri:27, instance:biocept.qa.testcases.CTCWorkflow@520a3426]" name="FISHResultsSummary" duration-ms="28424" started-at="2019-06-27T15:41:23Z" description="Verify user is able to complete the FISH Results Summary Activity" depends-on-methods="biocept.qa.testcases.CTCWorkflow.FISHResultsSummaryActivityTitle" finished-at="2019-06-27T15:41:52Z">
          <reporter-output>
          </reporter-output>
        </test-method> <!-- FISHResultsSummary -->
        <test-method status="PASS" signature="getResult(org.testng.ITestResult)[pri:0, instance:biocept.qa.testcases.CTCWorkflow@520a3426]" name="getResult" is-config="true" duration-ms="61" started-at="2019-06-27T15:41:52Z" finished-at="2019-06-27T15:41:52Z">
          <params>
            <param index="0">
              <value>
                <![CDATA[[TestResult name=FISHResultsSummary status=SUCCESS method=CTCWorkflow.FISHResultsSummary()[pri:27, instance:biocept.qa.testcases.CTCWorkflow@520a3426] output={null}]]]>
              </value>
            </param>
          </params>
          <reporter-output>
          </reporter-output>
        </test-method> <!-- getResult -->
        <test-method status="PASS" signature="setup()[pri:0, instance:biocept.qa.testcases.CTCWorkflow@520a3426]" name="setup" is-config="true" duration-ms="4" started-at="2019-06-27T15:41:52Z" finished-at="2019-06-27T15:41:52Z">
          <reporter-output>
          </reporter-output>
        </test-method> <!-- setup -->
        <test-method status="PASS" signature="PIActivityTitle()[pri:28, instance:biocept.qa.testcases.CTCWorkflow@520a3426]" name="PIActivityTitle" duration-ms="8991" started-at="2019-06-27T15:41:52Z" description="Verify user is able to open the TechOnly Professional Interpretation Activity" depends-on-methods="biocept.qa.testcases.CTCWorkflow.FISHResultsSummary" finished-at="2019-06-27T15:42:01Z">
          <reporter-output>
          </reporter-output>
        </test-method> <!-- PIActivityTitle -->
        <test-method status="PASS" signature="getResult(org.testng.ITestResult)[pri:0, instance:biocept.qa.testcases.CTCWorkflow@520a3426]" name="getResult" is-config="true" duration-ms="49" started-at="2019-06-27T15:42:01Z" finished-at="2019-06-27T15:42:01Z">
          <params>
            <param index="0">
              <value>
                <![CDATA[[TestResult name=PIActivityTitle status=SUCCESS method=CTCWorkflow.PIActivityTitle()[pri:28, instance:biocept.qa.testcases.CTCWorkflow@520a3426] output={null}]]]>
              </value>
            </param>
          </params>
          <reporter-output>
          </reporter-output>
        </test-method> <!-- getResult -->
        <test-method status="PASS" signature="setup()[pri:0, instance:biocept.qa.testcases.CTCWorkflow@520a3426]" name="setup" is-config="true" duration-ms="9" started-at="2019-06-27T15:42:01Z" finished-at="2019-06-27T15:42:01Z">
          <reporter-output>
          </reporter-output>
        </test-method> <!-- setup -->
        <test-method status="PASS" signature="TechOnlyProfessionalInterpretation()[pri:29, instance:biocept.qa.testcases.CTCWorkflow@520a3426]" name="TechOnlyProfessionalInterpretation" duration-ms="5700" started-at="2019-06-27T15:42:01Z" description="Verify user is able to complete the PI Activity" depends-on-methods="biocept.qa.testcases.CTCWorkflow.PIActivityTitle" finished-at="2019-06-27T15:42:06Z">
          <reporter-output>
          </reporter-output>
        </test-method> <!-- TechOnlyProfessionalInterpretation -->
        <test-method status="PASS" signature="getResult(org.testng.ITestResult)[pri:0, instance:biocept.qa.testcases.CTCWorkflow@520a3426]" name="getResult" is-config="true" duration-ms="41" started-at="2019-06-27T15:42:06Z" finished-at="2019-06-27T15:42:06Z">
          <params>
            <param index="0">
              <value>
                <![CDATA[[TestResult name=TechOnlyProfessionalInterpretation status=SUCCESS method=CTCWorkflow.TechOnlyProfessionalInterpretation()[pri:29, instance:biocept.qa.testcases.CTCWorkflow@520a3426] output={null}]]]>
              </value>
            </param>
          </params>
          <reporter-output>
          </reporter-output>
        </test-method> <!-- getResult -->
        <test-method status="PASS" signature="setup()[pri:0, instance:biocept.qa.testcases.CTCWorkflow@520a3426]" name="setup" is-config="true" duration-ms="3" started-at="2019-06-27T15:42:06Z" finished-at="2019-06-27T15:42:06Z">
          <reporter-output>
          </reporter-output>
        </test-method> <!-- setup -->
        <test-method status="PASS" signature="QAReportingWorklistTitle()[pri:30, instance:biocept.qa.testcases.CTCWorkflow@520a3426]" name="QAReportingWorklistTitle" duration-ms="5076" started-at="2019-06-27T15:42:06Z" description="Verify user is able to open the QA Reporting Worklist" depends-on-methods="biocept.qa.testcases.CTCWorkflow.TechOnlyProfessionalInterpretation" finished-at="2019-06-27T15:42:12Z">
          <reporter-output>
          </reporter-output>
        </test-method> <!-- QAReportingWorklistTitle -->
        <test-method status="PASS" signature="getResult(org.testng.ITestResult)[pri:0, instance:biocept.qa.testcases.CTCWorkflow@520a3426]" name="getResult" is-config="true" duration-ms="32" started-at="2019-06-27T15:42:12Z" finished-at="2019-06-27T15:42:12Z">
          <params>
            <param index="0">
              <value>
                <![CDATA[[TestResult name=QAReportingWorklistTitle status=SUCCESS method=CTCWorkflow.QAReportingWorklistTitle()[pri:30, instance:biocept.qa.testcases.CTCWorkflow@520a3426] output={null}]]]>
              </value>
            </param>
          </params>
          <reporter-output>
          </reporter-output>
        </test-method> <!-- getResult -->
        <test-method status="PASS" signature="setup()[pri:0, instance:biocept.qa.testcases.CTCWorkflow@520a3426]" name="setup" is-config="true" duration-ms="4" started-at="2019-06-27T15:42:12Z" finished-at="2019-06-27T15:42:12Z">
          <reporter-output>
          </reporter-output>
        </test-method> <!-- setup -->
        <test-method status="PASS" signature="QAReportingWorklist()[pri:31, instance:biocept.qa.testcases.CTCWorkflow@520a3426]" name="QAReportingWorklist" duration-ms="16627" started-at="2019-06-27T15:42:12Z" description="Verify user is able to complete the QA Reporting" depends-on-methods="biocept.qa.testcases.CTCWorkflow.QAReportingWorklistTitle" finished-at="2019-06-27T15:42:28Z">
          <reporter-output>
          </reporter-output>
        </test-method> <!-- QAReportingWorklist -->
        <test-method status="PASS" signature="getResult(org.testng.ITestResult)[pri:0, instance:biocept.qa.testcases.CTCWorkflow@520a3426]" name="getResult" is-config="true" duration-ms="77" started-at="2019-06-27T15:42:28Z" finished-at="2019-06-27T15:42:28Z">
          <params>
            <param index="0">
              <value>
                <![CDATA[[TestResult name=QAReportingWorklist status=SUCCESS method=CTCWorkflow.QAReportingWorklist()[pri:31, instance:biocept.qa.testcases.CTCWorkflow@520a3426] output={null}]]]>
              </value>
            </param>
          </params>
          <reporter-output>
          </reporter-output>
        </test-method> <!-- getResult -->
        <test-method status="PASS" signature="setup()[pri:0, instance:biocept.qa.testcases.CTCWorkflow@520a3426]" name="setup" is-config="true" duration-ms="4" started-at="2019-06-27T15:42:28Z" finished-at="2019-06-27T15:42:28Z">
          <reporter-output>
          </reporter-output>
        </test-method> <!-- setup -->
        <test-method status="PASS" signature="FishBatchReviewApproveWorklistTitle()[pri:32, instance:biocept.qa.testcases.CTCWorkflow@520a3426]" name="FishBatchReviewApproveWorklistTitle" duration-ms="5199" started-at="2019-06-27T15:42:28Z" description="Verify user is able to open FISH Batch Review &amp; Approve Worklist" depends-on-methods="biocept.qa.testcases.CTCWorkflow.QAReportingWorklist" finished-at="2019-06-27T15:42:33Z">
          <reporter-output>
          </reporter-output>
        </test-method> <!-- FishBatchReviewApproveWorklistTitle -->
        <test-method status="PASS" signature="getResult(org.testng.ITestResult)[pri:0, instance:biocept.qa.testcases.CTCWorkflow@520a3426]" name="getResult" is-config="true" duration-ms="63" started-at="2019-06-27T15:42:33Z" finished-at="2019-06-27T15:42:34Z">
          <params>
            <param index="0">
              <value>
                <![CDATA[[TestResult name=FishBatchReviewApproveWorklistTitle status=SUCCESS method=CTCWorkflow.FishBatchReviewApproveWorklistTitle()[pri:32, instance:biocept.qa.testcases.CTCWorkflow@520a3426] output={null}]]]>
              </value>
            </param>
          </params>
          <reporter-output>
          </reporter-output>
        </test-method> <!-- getResult -->
        <test-method status="PASS" signature="setup()[pri:0, instance:biocept.qa.testcases.CTCWorkflow@520a3426]" name="setup" is-config="true" duration-ms="5" started-at="2019-06-27T15:42:34Z" finished-at="2019-06-27T15:42:34Z">
          <reporter-output>
          </reporter-output>
        </test-method> <!-- setup -->
        <test-method status="PASS" signature="FishReportSignoff_Batch()[pri:33, instance:biocept.qa.testcases.CTCWorkflow@520a3426]" name="FishReportSignoff_Batch" duration-ms="8463" started-at="2019-06-27T15:42:34Z" description="Verify user is able to Signoff the CTC-FISH Report from FISH Batch Review &amp; Approve Worklist" depends-on-methods="biocept.qa.testcases.CTCWorkflow.FishBatchReviewApproveWorklistTitle" finished-at="2019-06-27T15:42:42Z">
          <reporter-output>
          </reporter-output>
        </test-method> <!-- FishReportSignoff_Batch -->
        <test-method status="PASS" signature="getResult(org.testng.ITestResult)[pri:0, instance:biocept.qa.testcases.CTCWorkflow@520a3426]" name="getResult" is-config="true" duration-ms="80" started-at="2019-06-27T15:42:42Z" finished-at="2019-06-27T15:42:42Z">
          <params>
            <param index="0">
              <value>
                <![CDATA[[TestResult name=FishReportSignoff_Batch status=SUCCESS method=CTCWorkflow.FishReportSignoff_Batch()[pri:33, instance:biocept.qa.testcases.CTCWorkflow@520a3426] output={null}]]]>
              </value>
            </param>
          </params>
          <reporter-output>
          </reporter-output>
        </test-method> <!-- getResult -->
        <test-method status="PASS" signature="setup()[pri:0, instance:biocept.qa.testcases.CTCWorkflow@520a3426]" name="setup" is-config="true" duration-ms="7" started-at="2019-06-27T15:42:42Z" finished-at="2019-06-27T15:42:42Z">
          <reporter-output>
          </reporter-output>
        </test-method> <!-- setup -->
        <test-method status="PASS" signature="CompletedWorklist()[pri:34, instance:biocept.qa.testcases.CTCWorkflow@520a3426]" name="CompletedWorklist" duration-ms="4741" started-at="2019-06-27T15:42:42Z" description="Verify user is able to open the Completed Worklist" depends-on-methods="biocept.qa.testcases.CTCWorkflow.FishReportSignoff_Batch" finished-at="2019-06-27T15:42:47Z">
          <reporter-output>
          </reporter-output>
        </test-method> <!-- CompletedWorklist -->
        <test-method status="PASS" signature="getResult(org.testng.ITestResult)[pri:0, instance:biocept.qa.testcases.CTCWorkflow@520a3426]" name="getResult" is-config="true" duration-ms="31" started-at="2019-06-27T15:42:47Z" finished-at="2019-06-27T15:42:47Z">
          <params>
            <param index="0">
              <value>
                <![CDATA[[TestResult name=CompletedWorklist status=SUCCESS method=CTCWorkflow.CompletedWorklist()[pri:34, instance:biocept.qa.testcases.CTCWorkflow@520a3426] output={null}]]]>
              </value>
            </param>
          </params>
          <reporter-output>
          </reporter-output>
        </test-method> <!-- getResult -->
        <test-method status="PASS" signature="setup()[pri:0, instance:biocept.qa.testcases.CTCWorkflow@520a3426]" name="setup" is-config="true" duration-ms="4" started-at="2019-06-27T15:42:47Z" finished-at="2019-06-27T15:42:47Z">
          <reporter-output>
          </reporter-output>
        </test-method> <!-- setup -->
        <test-method status="PASS" signature="ConfirmationPopupOnCompletedWorklist()[pri:35, instance:biocept.qa.testcases.CTCWorkflow@520a3426]" name="ConfirmationPopupOnCompletedWorklist" duration-ms="3500" started-at="2019-06-27T15:42:47Z" description="Verify the functionality when user tries to reopen the case from completed worklist" depends-on-methods="biocept.qa.testcases.CTCWorkflow.CompletedWorklist" finished-at="2019-06-27T15:42:50Z">
          <reporter-output>
          </reporter-output>
        </test-method> <!-- ConfirmationPopupOnCompletedWorklist -->
        <test-method status="PASS" signature="getResult(org.testng.ITestResult)[pri:0, instance:biocept.qa.testcases.CTCWorkflow@520a3426]" name="getResult" is-config="true" duration-ms="34" started-at="2019-06-27T15:42:50Z" finished-at="2019-06-27T15:42:50Z">
          <params>
            <param index="0">
              <value>
                <![CDATA[[TestResult name=ConfirmationPopupOnCompletedWorklist status=SUCCESS method=CTCWorkflow.ConfirmationPopupOnCompletedWorklist()[pri:35, instance:biocept.qa.testcases.CTCWorkflow@520a3426] output={null}]]]>
              </value>
            </param>
          </params>
          <reporter-output>
          </reporter-output>
        </test-method> <!-- getResult -->
        <test-method status="PASS" signature="setup()[pri:0, instance:biocept.qa.testcases.CTCWorkflow@520a3426]" name="setup" is-config="true" duration-ms="4" started-at="2019-06-27T15:42:50Z" finished-at="2019-06-27T15:42:50Z">
          <reporter-output>
          </reporter-output>
        </test-method> <!-- setup -->
        <test-method status="PASS" signature="ActivityTitleAfterReOpen()[pri:36, instance:biocept.qa.testcases.CTCWorkflow@520a3426]" name="ActivityTitleAfterReOpen" duration-ms="29239" started-at="2019-06-27T15:42:50Z" description="Verify the activity after reopen the case from completed worklist" depends-on-methods="biocept.qa.testcases.CTCWorkflow.ConfirmationPopupOnCompletedWorklist" finished-at="2019-06-27T15:43:20Z">
          <reporter-output>
          </reporter-output>
        </test-method> <!-- ActivityTitleAfterReOpen -->
        <test-method status="PASS" signature="getResult(org.testng.ITestResult)[pri:0, instance:biocept.qa.testcases.CTCWorkflow@520a3426]" name="getResult" is-config="true" duration-ms="95" started-at="2019-06-27T15:43:20Z" finished-at="2019-06-27T15:43:20Z">
          <params>
            <param index="0">
              <value>
                <![CDATA[[TestResult name=ActivityTitleAfterReOpen status=SUCCESS method=CTCWorkflow.ActivityTitleAfterReOpen()[pri:36, instance:biocept.qa.testcases.CTCWorkflow@520a3426] output={null}]]]>
              </value>
            </param>
          </params>
          <reporter-output>
          </reporter-output>
        </test-method> <!-- getResult -->
        <test-method status="PASS" signature="setup()[pri:0, instance:biocept.qa.testcases.CTCWorkflow@520a3426]" name="setup" is-config="true" duration-ms="7" started-at="2019-06-27T15:43:20Z" finished-at="2019-06-27T15:43:20Z">
          <reporter-output>
          </reporter-output>
        </test-method> <!-- setup -->
        <test-method status="PASS" signature="FishReviewApproveTitle()[pri:37, instance:biocept.qa.testcases.CTCWorkflow@520a3426]" name="FishReviewApproveTitle" duration-ms="5380" started-at="2019-06-27T15:43:20Z" description="Verify user is able to open FISH Review &amp; Approve Worklist" depends-on-methods="biocept.qa.testcases.CTCWorkflow.ActivityTitleAfterReOpen" finished-at="2019-06-27T15:43:25Z">
          <reporter-output>
          </reporter-output>
        </test-method> <!-- FishReviewApproveTitle -->
        <test-method status="PASS" signature="getResult(org.testng.ITestResult)[pri:0, instance:biocept.qa.testcases.CTCWorkflow@520a3426]" name="getResult" is-config="true" duration-ms="43" started-at="2019-06-27T15:43:25Z" finished-at="2019-06-27T15:43:25Z">
          <params>
            <param index="0">
              <value>
                <![CDATA[[TestResult name=FishReviewApproveTitle status=SUCCESS method=CTCWorkflow.FishReviewApproveTitle()[pri:37, instance:biocept.qa.testcases.CTCWorkflow@520a3426] output={null}]]]>
              </value>
            </param>
          </params>
          <reporter-output>
          </reporter-output>
        </test-method> <!-- getResult -->
        <test-method status="PASS" signature="setup()[pri:0, instance:biocept.qa.testcases.CTCWorkflow@520a3426]" name="setup" is-config="true" duration-ms="4" started-at="2019-06-27T15:43:25Z" finished-at="2019-06-27T15:43:25Z">
          <reporter-output>
          </reporter-output>
        </test-method> <!-- setup -->
        <test-method status="PASS" signature="ReportVersionSelectionPopUp()[pri:38, instance:biocept.qa.testcases.CTCWorkflow@520a3426]" name="ReportVersionSelectionPopUp" duration-ms="8163" started-at="2019-06-27T15:43:25Z" description="Verify the functionality when user tries to signoff the report again" depends-on-methods="biocept.qa.testcases.CTCWorkflow.FishReviewApproveTitle" finished-at="2019-06-27T15:43:33Z">
          <reporter-output>
          </reporter-output>
        </test-method> <!-- ReportVersionSelectionPopUp -->
        <test-method status="PASS" signature="getResult(org.testng.ITestResult)[pri:0, instance:biocept.qa.testcases.CTCWorkflow@520a3426]" name="getResult" is-config="true" duration-ms="29" started-at="2019-06-27T15:43:33Z" finished-at="2019-06-27T15:43:33Z">
          <params>
            <param index="0">
              <value>
                <![CDATA[[TestResult name=ReportVersionSelectionPopUp status=SUCCESS method=CTCWorkflow.ReportVersionSelectionPopUp()[pri:38, instance:biocept.qa.testcases.CTCWorkflow@520a3426] output={null}]]]>
              </value>
            </param>
          </params>
          <reporter-output>
          </reporter-output>
        </test-method> <!-- getResult -->
        <test-method status="PASS" signature="setup()[pri:0, instance:biocept.qa.testcases.CTCWorkflow@520a3426]" name="setup" is-config="true" duration-ms="4" started-at="2019-06-27T15:43:33Z" finished-at="2019-06-27T15:43:33Z">
          <reporter-output>
          </reporter-output>
        </test-method> <!-- setup -->
        <test-method status="PASS" signature="SignoffTheReportForNewVersion()[pri:39, instance:biocept.qa.testcases.CTCWorkflow@520a3426]" name="SignoffTheReportForNewVersion" duration-ms="12697" started-at="2019-06-27T15:43:33Z" description="Verify user is able to create a new version of report" depends-on-methods="biocept.qa.testcases.CTCWorkflow.ReportVersionSelectionPopUp" finished-at="2019-06-27T15:43:46Z">
          <reporter-output>
          </reporter-output>
        </test-method> <!-- SignoffTheReportForNewVersion -->
        <test-method status="PASS" signature="getResult(org.testng.ITestResult)[pri:0, instance:biocept.qa.testcases.CTCWorkflow@520a3426]" name="getResult" is-config="true" duration-ms="58" started-at="2019-06-27T15:43:46Z" finished-at="2019-06-27T15:43:46Z">
          <params>
            <param index="0">
              <value>
                <![CDATA[[TestResult name=SignoffTheReportForNewVersion status=SUCCESS method=CTCWorkflow.SignoffTheReportForNewVersion()[pri:39, instance:biocept.qa.testcases.CTCWorkflow@520a3426] output={null}]]]>
              </value>
            </param>
          </params>
          <reporter-output>
          </reporter-output>
        </test-method> <!-- getResult -->
        <test-method status="PASS" signature="LogOut()[pri:0, instance:biocept.qa.testcases.CTCWorkflow@520a3426]" name="LogOut" is-config="true" duration-ms="1426" started-at="2019-06-27T15:43:46Z" finished-at="2019-06-27T15:43:48Z">
          <reporter-output>
          </reporter-output>
        </test-method> <!-- LogOut -->
      </class> <!-- biocept.qa.testcases.CTCWorkflow -->
      <class name="biocept.qa.testcases.BioceptTestBase">
        <test-method status="PASS" signature="beforeTest()[pri:0, instance:biocept.qa.testcases.BioceptTestBase@6536e911]" name="beforeTest" is-config="true" duration-ms="4202" started-at="2019-06-27T15:36:01Z" finished-at="2019-06-27T15:36:05Z">
          <reporter-output>
          </reporter-output>
        </test-method> <!-- beforeTest -->
      </class> <!-- biocept.qa.testcases.BioceptTestBase -->
    </test> <!-- CTC-FISH Workflow for Global Cases -->
    <test name="Molecular Workflow" duration-ms="290971" started-at="2019-06-27T10:13:48Z" finished-at="2019-06-27T10:18:39Z">
      <class name="biocept.qa.testcases.MolecularWorkflow">
        <test-method status="PASS" signature="setup()[pri:0, instance:biocept.qa.testcases.MolecularWorkflow@2758fe70]" name="setup" is-config="true" duration-ms="6" started-at="2019-06-27T15:43:48Z" finished-at="2019-06-27T15:43:48Z">
          <reporter-output>
          </reporter-output>
        </test-method> <!-- setup -->
        <test-method status="PASS" signature="PlaceNewOrderForMolecular()[pri:1, instance:biocept.qa.testcases.MolecularWorkflow@2758fe70]" name="PlaceNewOrderForMolecular" duration-ms="54004" started-at="2019-06-27T15:43:48Z" description="Verify user is able to create a new accession for Molecular Test" finished-at="2019-06-27T15:44:42Z">
          <reporter-output>
          </reporter-output>
        </test-method> <!-- PlaceNewOrderForMolecular -->
        <test-method status="PASS" signature="getResult(org.testng.ITestResult)[pri:0, instance:biocept.qa.testcases.MolecularWorkflow@2758fe70]" name="getResult" is-config="true" duration-ms="55" started-at="2019-06-27T15:44:42Z" finished-at="2019-06-27T15:44:42Z">
          <params>
            <param index="0">
              <value>
                <![CDATA[[TestResult name=PlaceNewOrderForMolecular status=SUCCESS method=MolecularWorkflow.PlaceNewOrderForMolecular()[pri:1, instance:biocept.qa.testcases.MolecularWorkflow@2758fe70] output={null}]]]>
              </value>
            </param>
          </params>
          <reporter-output>
          </reporter-output>
        </test-method> <!-- getResult -->
        <test-method status="PASS" signature="setup()[pri:0, instance:biocept.qa.testcases.MolecularWorkflow@2758fe70]" name="setup" is-config="true" duration-ms="2" started-at="2019-06-27T15:44:42Z" finished-at="2019-06-27T15:44:42Z">
          <reporter-output>
          </reporter-output>
        </test-method> <!-- setup -->
        <test-method status="PASS" signature="UploadMacroFile()[pri:2, instance:biocept.qa.testcases.MolecularWorkflow@2758fe70]" name="UploadMacroFile" duration-ms="5828" started-at="2019-06-27T15:44:42Z" description="Verify user is able to open the upload Macro File page" depends-on-methods="biocept.qa.testcases.MolecularWorkflow.PlaceNewOrderForMolecular" finished-at="2019-06-27T15:44:48Z">
          <reporter-output>
          </reporter-output>
        </test-method> <!-- UploadMacroFile -->
        <test-method status="PASS" signature="getResult(org.testng.ITestResult)[pri:0, instance:biocept.qa.testcases.MolecularWorkflow@2758fe70]" name="getResult" is-config="true" duration-ms="42" started-at="2019-06-27T15:44:48Z" finished-at="2019-06-27T15:44:48Z">
          <params>
            <param index="0">
              <value>
                <![CDATA[[TestResult name=UploadMacroFile status=SUCCESS method=MolecularWorkflow.UploadMacroFile()[pri:2, instance:biocept.qa.testcases.MolecularWorkflow@2758fe70] output={null}]]]>
              </value>
            </param>
          </params>
          <reporter-output>
          </reporter-output>
        </test-method> <!-- getResult -->
        <test-method status="PASS" signature="setup()[pri:0, instance:biocept.qa.testcases.MolecularWorkflow@2758fe70]" name="setup" is-config="true" duration-ms="3" started-at="2019-06-27T15:44:48Z" finished-at="2019-06-27T15:44:48Z">
          <reporter-output>
          </reporter-output>
        </test-method> <!-- setup -->
        <test-method status="PASS" signature="NRASResultingActivityTitle()[pri:3, instance:biocept.qa.testcases.MolecularWorkflow@2758fe70]" name="NRASResultingActivityTitle" duration-ms="37133" started-at="2019-06-27T15:44:48Z" description="Verify user is able to open the NRAS Molecular Generic Resulting Activity" depends-on-methods="biocept.qa.testcases.MolecularWorkflow.UploadMacroFile" finished-at="2019-06-27T15:45:25Z">
          <reporter-output>
          </reporter-output>
        </test-method> <!-- NRASResultingActivityTitle -->
        <test-method status="PASS" signature="getResult(org.testng.ITestResult)[pri:0, instance:biocept.qa.testcases.MolecularWorkflow@2758fe70]" name="getResult" is-config="true" duration-ms="34" started-at="2019-06-27T15:45:25Z" finished-at="2019-06-27T15:45:25Z">
          <params>
            <param index="0">
              <value>
                <![CDATA[[TestResult name=NRASResultingActivityTitle status=SUCCESS method=MolecularWorkflow.NRASResultingActivityTitle()[pri:3, instance:biocept.qa.testcases.MolecularWorkflow@2758fe70] output={null}]]]>
              </value>
            </param>
          </params>
          <reporter-output>
          </reporter-output>
        </test-method> <!-- getResult -->
        <test-method status="PASS" signature="setup()[pri:0, instance:biocept.qa.testcases.MolecularWorkflow@2758fe70]" name="setup" is-config="true" duration-ms="3" started-at="2019-06-27T15:45:25Z" finished-at="2019-06-27T15:45:25Z">
          <reporter-output>
          </reporter-output>
        </test-method> <!-- setup -->
        <test-method status="PASS" signature="NRASResultingUpdateResult()[pri:4, instance:biocept.qa.testcases.MolecularWorkflow@2758fe70]" name="NRASResultingUpdateResult" duration-ms="5940" started-at="2019-06-27T15:45:25Z" description="Verify user is able to complete the NRAS Molecular Generic Resulting activity" depends-on-methods="biocept.qa.testcases.MolecularWorkflow.NRASResultingActivityTitle" finished-at="2019-06-27T15:45:31Z">
          <reporter-output>
          </reporter-output>
        </test-method> <!-- NRASResultingUpdateResult -->
        <test-method status="PASS" signature="getResult(org.testng.ITestResult)[pri:0, instance:biocept.qa.testcases.MolecularWorkflow@2758fe70]" name="getResult" is-config="true" duration-ms="51" started-at="2019-06-27T15:45:31Z" finished-at="2019-06-27T15:45:31Z">
          <params>
            <param index="0">
              <value>
                <![CDATA[[TestResult name=NRASResultingUpdateResult status=SUCCESS method=MolecularWorkflow.NRASResultingUpdateResult()[pri:4, instance:biocept.qa.testcases.MolecularWorkflow@2758fe70] output={null}]]]>
              </value>
            </param>
          </params>
          <reporter-output>
          </reporter-output>
        </test-method> <!-- getResult -->
        <test-method status="PASS" signature="setup()[pri:0, instance:biocept.qa.testcases.MolecularWorkflow@2758fe70]" name="setup" is-config="true" duration-ms="1" started-at="2019-06-27T15:45:31Z" finished-at="2019-06-27T15:45:31Z">
          <reporter-output>
          </reporter-output>
        </test-method> <!-- setup -->
        <test-method status="PASS" signature="BRAFResultingActivityTitle()[pri:5, instance:biocept.qa.testcases.MolecularWorkflow@2758fe70]" name="BRAFResultingActivityTitle" duration-ms="12356" started-at="2019-06-27T15:45:31Z" description="Verify user is able to open the BRAF Molecular Generic Resulting Activity" depends-on-methods="biocept.qa.testcases.MolecularWorkflow.NRASResultingUpdateResult" finished-at="2019-06-27T15:45:43Z">
          <reporter-output>
          </reporter-output>
        </test-method> <!-- BRAFResultingActivityTitle -->
        <test-method status="PASS" signature="getResult(org.testng.ITestResult)[pri:0, instance:biocept.qa.testcases.MolecularWorkflow@2758fe70]" name="getResult" is-config="true" duration-ms="37" started-at="2019-06-27T15:45:43Z" finished-at="2019-06-27T15:45:43Z">
          <params>
            <param index="0">
              <value>
                <![CDATA[[TestResult name=BRAFResultingActivityTitle status=SUCCESS method=MolecularWorkflow.BRAFResultingActivityTitle()[pri:5, instance:biocept.qa.testcases.MolecularWorkflow@2758fe70] output={null}]]]>
              </value>
            </param>
          </params>
          <reporter-output>
          </reporter-output>
        </test-method> <!-- getResult -->
        <test-method status="PASS" signature="setup()[pri:0, instance:biocept.qa.testcases.MolecularWorkflow@2758fe70]" name="setup" is-config="true" duration-ms="3" started-at="2019-06-27T15:45:43Z" finished-at="2019-06-27T15:45:43Z">
          <reporter-output>
          </reporter-output>
        </test-method> <!-- setup -->
        <test-method status="PASS" signature="BRAFResultingUpdateResult()[pri:6, instance:biocept.qa.testcases.MolecularWorkflow@2758fe70]" name="BRAFResultingUpdateResult" duration-ms="4482" started-at="2019-06-27T15:45:43Z" description="Verify user is able to complete the BRAF Molecular Generic Resulting activity" depends-on-methods="biocept.qa.testcases.MolecularWorkflow.BRAFResultingActivityTitle" finished-at="2019-06-27T15:45:48Z">
          <reporter-output>
          </reporter-output>
        </test-method> <!-- BRAFResultingUpdateResult -->
        <test-method status="PASS" signature="getResult(org.testng.ITestResult)[pri:0, instance:biocept.qa.testcases.MolecularWorkflow@2758fe70]" name="getResult" is-config="true" duration-ms="45" started-at="2019-06-27T15:45:48Z" finished-at="2019-06-27T15:45:48Z">
          <params>
            <param index="0">
              <value>
                <![CDATA[[TestResult name=BRAFResultingUpdateResult status=SUCCESS method=MolecularWorkflow.BRAFResultingUpdateResult()[pri:6, instance:biocept.qa.testcases.MolecularWorkflow@2758fe70] output={null}]]]>
              </value>
            </param>
          </params>
          <reporter-output>
          </reporter-output>
        </test-method> <!-- getResult -->
        <test-method status="PASS" signature="setup()[pri:0, instance:biocept.qa.testcases.MolecularWorkflow@2758fe70]" name="setup" is-config="true" duration-ms="2" started-at="2019-06-27T15:45:48Z" finished-at="2019-06-27T15:45:48Z">
          <reporter-output>
          </reporter-output>
        </test-method> <!-- setup -->
        <test-method status="PASS" signature="KRASResultingActivityTitle()[pri:7, instance:biocept.qa.testcases.MolecularWorkflow@2758fe70]" name="KRASResultingActivityTitle" duration-ms="12078" started-at="2019-06-27T15:45:48Z" description="Verify user is able to open the KRAS Molecular Generic Resulting activity" depends-on-methods="biocept.qa.testcases.MolecularWorkflow.BRAFResultingUpdateResult" finished-at="2019-06-27T15:46:00Z">
          <reporter-output>
          </reporter-output>
        </test-method> <!-- KRASResultingActivityTitle -->
        <test-method status="PASS" signature="getResult(org.testng.ITestResult)[pri:0, instance:biocept.qa.testcases.MolecularWorkflow@2758fe70]" name="getResult" is-config="true" duration-ms="33" started-at="2019-06-27T15:46:00Z" finished-at="2019-06-27T15:46:00Z">
          <params>
            <param index="0">
              <value>
                <![CDATA[[TestResult name=KRASResultingActivityTitle status=SUCCESS method=MolecularWorkflow.KRASResultingActivityTitle()[pri:7, instance:biocept.qa.testcases.MolecularWorkflow@2758fe70] output={null}]]]>
              </value>
            </param>
          </params>
          <reporter-output>
          </reporter-output>
        </test-method> <!-- getResult -->
        <test-method status="PASS" signature="setup()[pri:0, instance:biocept.qa.testcases.MolecularWorkflow@2758fe70]" name="setup" is-config="true" duration-ms="3" started-at="2019-06-27T15:46:00Z" finished-at="2019-06-27T15:46:00Z">
          <reporter-output>
          </reporter-output>
        </test-method> <!-- setup -->
        <test-method status="PASS" signature="KRASResultingUpdateResult()[pri:8, instance:biocept.qa.testcases.MolecularWorkflow@2758fe70]" name="KRASResultingUpdateResult" duration-ms="8182" started-at="2019-06-27T15:46:00Z" description="Verify user is able to complete the KRAS Molecular Generic Resulting activity" depends-on-methods="biocept.qa.testcases.MolecularWorkflow.KRASResultingActivityTitle" finished-at="2019-06-27T15:46:08Z">
          <reporter-output>
          </reporter-output>
        </test-method> <!-- KRASResultingUpdateResult -->
        <test-method status="PASS" signature="getResult(org.testng.ITestResult)[pri:0, instance:biocept.qa.testcases.MolecularWorkflow@2758fe70]" name="getResult" is-config="true" duration-ms="59" started-at="2019-06-27T15:46:08Z" finished-at="2019-06-27T15:46:08Z">
          <params>
            <param index="0">
              <value>
                <![CDATA[[TestResult name=KRASResultingUpdateResult status=SUCCESS method=MolecularWorkflow.KRASResultingUpdateResult()[pri:8, instance:biocept.qa.testcases.MolecularWorkflow@2758fe70] output={null}]]]>
              </value>
            </param>
          </params>
          <reporter-output>
          </reporter-output>
        </test-method> <!-- getResult -->
        <test-method status="PASS" signature="setup()[pri:0, instance:biocept.qa.testcases.MolecularWorkflow@2758fe70]" name="setup" is-config="true" duration-ms="2" started-at="2019-06-27T15:46:08Z" finished-at="2019-06-27T15:46:08Z">
          <reporter-output>
          </reporter-output>
        </test-method> <!-- setup -->
        <test-method status="PASS" signature="UploadSequenceImages()[pri:9, instance:biocept.qa.testcases.MolecularWorkflow@2758fe70]" name="UploadSequenceImages" duration-ms="17995" started-at="2019-06-27T15:46:08Z" description="Verify user is able to upload the Sequence image" depends-on-methods="biocept.qa.testcases.MolecularWorkflow.KRASResultingUpdateResult" finished-at="2019-06-27T15:46:26Z">
          <reporter-output>
          </reporter-output>
        </test-method> <!-- UploadSequenceImages -->
        <test-method status="PASS" signature="getResult(org.testng.ITestResult)[pri:0, instance:biocept.qa.testcases.MolecularWorkflow@2758fe70]" name="getResult" is-config="true" duration-ms="65" started-at="2019-06-27T15:46:26Z" finished-at="2019-06-27T15:46:26Z">
          <params>
            <param index="0">
              <value>
                <![CDATA[[TestResult name=UploadSequenceImages status=SUCCESS method=MolecularWorkflow.UploadSequenceImages()[pri:9, instance:biocept.qa.testcases.MolecularWorkflow@2758fe70] output={null}]]]>
              </value>
            </param>
          </params>
          <reporter-output>
          </reporter-output>
        </test-method> <!-- getResult -->
        <test-method status="PASS" signature="setup()[pri:0, instance:biocept.qa.testcases.MolecularWorkflow@2758fe70]" name="setup" is-config="true" duration-ms="2" started-at="2019-06-27T15:46:26Z" finished-at="2019-06-27T15:46:26Z">
          <reporter-output>
          </reporter-output>
        </test-method> <!-- setup -->
        <test-method status="PASS" signature="NRASPIActivityTitle()[pri:10, instance:biocept.qa.testcases.MolecularWorkflow@2758fe70]" name="NRASPIActivityTitle" duration-ms="11332" started-at="2019-06-27T15:46:26Z" description="Verify user is able to open NRAS Molecular Professional Interpretation activity" depends-on-methods="biocept.qa.testcases.MolecularWorkflow.UploadSequenceImages" finished-at="2019-06-27T15:46:37Z">
          <reporter-output>
          </reporter-output>
        </test-method> <!-- NRASPIActivityTitle -->
        <test-method status="PASS" signature="getResult(org.testng.ITestResult)[pri:0, instance:biocept.qa.testcases.MolecularWorkflow@2758fe70]" name="getResult" is-config="true" duration-ms="40" started-at="2019-06-27T15:46:37Z" finished-at="2019-06-27T15:46:37Z">
          <params>
            <param index="0">
              <value>
                <![CDATA[[TestResult name=NRASPIActivityTitle status=SUCCESS method=MolecularWorkflow.NRASPIActivityTitle()[pri:10, instance:biocept.qa.testcases.MolecularWorkflow@2758fe70] output={null}]]]>
              </value>
            </param>
          </params>
          <reporter-output>
          </reporter-output>
        </test-method> <!-- getResult -->
        <test-method status="PASS" signature="setup()[pri:0, instance:biocept.qa.testcases.MolecularWorkflow@2758fe70]" name="setup" is-config="true" duration-ms="2" started-at="2019-06-27T15:46:37Z" finished-at="2019-06-27T15:46:37Z">
          <reporter-output>
          </reporter-output>
        </test-method> <!-- setup -->
        <test-method status="PASS" signature="NRASPIActivityResult()[pri:11, instance:biocept.qa.testcases.MolecularWorkflow@2758fe70]" name="NRASPIActivityResult" duration-ms="9475" started-at="2019-06-27T15:46:37Z" description="Verify user is able to complete the NRAS Molecular Professional Interpretation activity" depends-on-methods="biocept.qa.testcases.MolecularWorkflow.NRASPIActivityTitle" finished-at="2019-06-27T15:46:47Z">
          <reporter-output>
          </reporter-output>
        </test-method> <!-- NRASPIActivityResult -->
        <test-method status="PASS" signature="getResult(org.testng.ITestResult)[pri:0, instance:biocept.qa.testcases.MolecularWorkflow@2758fe70]" name="getResult" is-config="true" duration-ms="64" started-at="2019-06-27T15:46:47Z" finished-at="2019-06-27T15:46:47Z">
          <params>
            <param index="0">
              <value>
                <![CDATA[[TestResult name=NRASPIActivityResult status=SUCCESS method=MolecularWorkflow.NRASPIActivityResult()[pri:11, instance:biocept.qa.testcases.MolecularWorkflow@2758fe70] output={null}]]]>
              </value>
            </param>
          </params>
          <reporter-output>
          </reporter-output>
        </test-method> <!-- getResult -->
        <test-method status="PASS" signature="setup()[pri:0, instance:biocept.qa.testcases.MolecularWorkflow@2758fe70]" name="setup" is-config="true" duration-ms="6" started-at="2019-06-27T15:46:47Z" finished-at="2019-06-27T15:46:47Z">
          <reporter-output>
          </reporter-output>
        </test-method> <!-- setup -->
        <test-method status="PASS" signature="NRASReportSignoff()[pri:12, instance:biocept.qa.testcases.MolecularWorkflow@2758fe70]" name="NRASReportSignoff" duration-ms="22807" started-at="2019-06-27T15:46:47Z" description="Verify user is able to Signoff the NRAS Test Report from Molecular Review &amp; Approve Worklist" depends-on-methods="biocept.qa.testcases.MolecularWorkflow.NRASPIActivityResult" finished-at="2019-06-27T15:47:10Z">
          <reporter-output>
          </reporter-output>
        </test-method> <!-- NRASReportSignoff -->
        <test-method status="PASS" signature="getResult(org.testng.ITestResult)[pri:0, instance:biocept.qa.testcases.MolecularWorkflow@2758fe70]" name="getResult" is-config="true" duration-ms="74" started-at="2019-06-27T15:47:10Z" finished-at="2019-06-27T15:47:10Z">
          <params>
            <param index="0">
              <value>
                <![CDATA[[TestResult name=NRASReportSignoff status=SUCCESS method=MolecularWorkflow.NRASReportSignoff()[pri:12, instance:biocept.qa.testcases.MolecularWorkflow@2758fe70] output={null}]]]>
              </value>
            </param>
          </params>
          <reporter-output>
          </reporter-output>
        </test-method> <!-- getResult -->
        <test-method status="PASS" signature="setup()[pri:0, instance:biocept.qa.testcases.MolecularWorkflow@2758fe70]" name="setup" is-config="true" duration-ms="6" started-at="2019-06-27T15:47:10Z" finished-at="2019-06-27T15:47:10Z">
          <reporter-output>
          </reporter-output>
        </test-method> <!-- setup -->
        <test-method status="PASS" signature="BRAFSequencingActivityTitle()[pri:13, instance:biocept.qa.testcases.MolecularWorkflow@2758fe70]" name="BRAFSequencingActivityTitle" duration-ms="19242" started-at="2019-06-27T15:47:10Z" description="Verify user is able to open BRAF Sequencing activity" depends-on-methods="biocept.qa.testcases.MolecularWorkflow.NRASReportSignoff" finished-at="2019-06-27T15:47:29Z">
          <reporter-output>
          </reporter-output>
        </test-method> <!-- BRAFSequencingActivityTitle -->
        <test-method status="PASS" signature="getResult(org.testng.ITestResult)[pri:0, instance:biocept.qa.testcases.MolecularWorkflow@2758fe70]" name="getResult" is-config="true" duration-ms="32" started-at="2019-06-27T15:47:29Z" finished-at="2019-06-27T15:47:29Z">
          <params>
            <param index="0">
              <value>
                <![CDATA[[TestResult name=BRAFSequencingActivityTitle status=SUCCESS method=MolecularWorkflow.BRAFSequencingActivityTitle()[pri:13, instance:biocept.qa.testcases.MolecularWorkflow@2758fe70] output={null}]]]>
              </value>
            </param>
          </params>
          <reporter-output>
          </reporter-output>
        </test-method> <!-- getResult -->
        <test-method status="PASS" signature="setup()[pri:0, instance:biocept.qa.testcases.MolecularWorkflow@2758fe70]" name="setup" is-config="true" duration-ms="2" started-at="2019-06-27T15:47:29Z" finished-at="2019-06-27T15:47:29Z">
          <reporter-output>
          </reporter-output>
        </test-method> <!-- setup -->
        <test-method status="PASS" signature="BRAFSequencingActivityResult()[pri:14, instance:biocept.qa.testcases.MolecularWorkflow@2758fe70]" name="BRAFSequencingActivityResult" duration-ms="7904" started-at="2019-06-27T15:47:29Z" description="Verify user is able to complete the BRAF Sequencing activity" depends-on-methods="biocept.qa.testcases.MolecularWorkflow.BRAFSequencingActivityTitle" finished-at="2019-06-27T15:47:37Z">
          <reporter-output>
          </reporter-output>
        </test-method> <!-- BRAFSequencingActivityResult -->
        <test-method status="PASS" signature="getResult(org.testng.ITestResult)[pri:0, instance:biocept.qa.testcases.MolecularWorkflow@2758fe70]" name="getResult" is-config="true" duration-ms="51" started-at="2019-06-27T15:47:37Z" finished-at="2019-06-27T15:47:37Z">
          <params>
            <param index="0">
              <value>
                <![CDATA[[TestResult name=BRAFSequencingActivityResult status=SUCCESS method=MolecularWorkflow.BRAFSequencingActivityResult()[pri:14, instance:biocept.qa.testcases.MolecularWorkflow@2758fe70] output={null}]]]>
              </value>
            </param>
          </params>
          <reporter-output>
          </reporter-output>
        </test-method> <!-- getResult -->
        <test-method status="PASS" signature="setup()[pri:0, instance:biocept.qa.testcases.MolecularWorkflow@2758fe70]" name="setup" is-config="true" duration-ms="4" started-at="2019-06-27T15:47:37Z" finished-at="2019-06-27T15:47:37Z">
          <reporter-output>
          </reporter-output>
        </test-method> <!-- setup -->
        <test-method status="PASS" signature="KRASSequencingActivityTitle()[pri:15, instance:biocept.qa.testcases.MolecularWorkflow@2758fe70]" name="KRASSequencingActivityTitle" duration-ms="16294" started-at="2019-06-27T15:47:37Z" description="Verify user is able to open KRAS Sequencing activity" depends-on-methods="biocept.qa.testcases.MolecularWorkflow.BRAFSequencingActivityResult" finished-at="2019-06-27T15:47:53Z">
          <reporter-output>
          </reporter-output>
        </test-method> <!-- KRASSequencingActivityTitle -->
        <test-method status="PASS" signature="getResult(org.testng.ITestResult)[pri:0, instance:biocept.qa.testcases.MolecularWorkflow@2758fe70]" name="getResult" is-config="true" duration-ms="40" started-at="2019-06-27T15:47:53Z" finished-at="2019-06-27T15:47:53Z">
          <params>
            <param index="0">
              <value>
                <![CDATA[[TestResult name=KRASSequencingActivityTitle status=SUCCESS method=MolecularWorkflow.KRASSequencingActivityTitle()[pri:15, instance:biocept.qa.testcases.MolecularWorkflow@2758fe70] output={null}]]]>
              </value>
            </param>
          </params>
          <reporter-output>
          </reporter-output>
        </test-method> <!-- getResult -->
        <test-method status="PASS" signature="setup()[pri:0, instance:biocept.qa.testcases.MolecularWorkflow@2758fe70]" name="setup" is-config="true" duration-ms="3" started-at="2019-06-27T15:47:53Z" finished-at="2019-06-27T15:47:53Z">
          <reporter-output>
          </reporter-output>
        </test-method> <!-- setup -->
        <test-method status="PASS" signature="KRASSequencingActivityResult()[pri:16, instance:biocept.qa.testcases.MolecularWorkflow@2758fe70]" name="KRASSequencingActivityResult" duration-ms="8205" started-at="2019-06-27T15:47:53Z" description="Verify user is able to complete the KRAS Sequencing activity" depends-on-methods="biocept.qa.testcases.MolecularWorkflow.KRASSequencingActivityTitle" finished-at="2019-06-27T15:48:02Z">
          <reporter-output>
          </reporter-output>
        </test-method> <!-- KRASSequencingActivityResult -->
        <test-method status="PASS" signature="getResult(org.testng.ITestResult)[pri:0, instance:biocept.qa.testcases.MolecularWorkflow@2758fe70]" name="getResult" is-config="true" duration-ms="39" started-at="2019-06-27T15:48:02Z" finished-at="2019-06-27T15:48:02Z">
          <params>
            <param index="0">
              <value>
                <![CDATA[[TestResult name=KRASSequencingActivityResult status=SUCCESS method=MolecularWorkflow.KRASSequencingActivityResult()[pri:16, instance:biocept.qa.testcases.MolecularWorkflow@2758fe70] output={null}]]]>
              </value>
            </param>
          </params>
          <reporter-output>
          </reporter-output>
        </test-method> <!-- getResult -->
        <test-method status="PASS" signature="setup()[pri:0, instance:biocept.qa.testcases.MolecularWorkflow@2758fe70]" name="setup" is-config="true" duration-ms="1" started-at="2019-06-27T15:48:02Z" finished-at="2019-06-27T15:48:02Z">
          <reporter-output>
          </reporter-output>
        </test-method> <!-- setup -->
        <test-method status="PASS" signature="BRAFPIActivityTitle()[pri:17, instance:biocept.qa.testcases.MolecularWorkflow@2758fe70]" name="BRAFPIActivityTitle" duration-ms="7718" started-at="2019-06-27T15:48:02Z" description="Verify user is able to open BRAF Molecular Professional Interpretation activity" depends-on-methods="biocept.qa.testcases.MolecularWorkflow.KRASSequencingActivityResult" finished-at="2019-06-27T15:48:09Z">
          <reporter-output>
          </reporter-output>
        </test-method> <!-- BRAFPIActivityTitle -->
        <test-method status="PASS" signature="getResult(org.testng.ITestResult)[pri:0, instance:biocept.qa.testcases.MolecularWorkflow@2758fe70]" name="getResult" is-config="true" duration-ms="64" started-at="2019-06-27T15:48:09Z" finished-at="2019-06-27T15:48:09Z">
          <params>
            <param index="0">
              <value>
                <![CDATA[[TestResult name=BRAFPIActivityTitle status=SUCCESS method=MolecularWorkflow.BRAFPIActivityTitle()[pri:17, instance:biocept.qa.testcases.MolecularWorkflow@2758fe70] output={null}]]]>
              </value>
            </param>
          </params>
          <reporter-output>
          </reporter-output>
        </test-method> <!-- getResult -->
        <test-method status="PASS" signature="setup()[pri:0, instance:biocept.qa.testcases.MolecularWorkflow@2758fe70]" name="setup" is-config="true" duration-ms="2" started-at="2019-06-27T15:48:09Z" finished-at="2019-06-27T15:48:10Z">
          <reporter-output>
          </reporter-output>
        </test-method> <!-- setup -->
        <test-method status="PASS" signature="BRAFPIActivityResult()[pri:18, instance:biocept.qa.testcases.MolecularWorkflow@2758fe70]" name="BRAFPIActivityResult" duration-ms="7282" started-at="2019-06-27T15:48:10Z" description="Verify user is able to complete the BRAF Molecular Professional Interpretation activity" depends-on-methods="biocept.qa.testcases.MolecularWorkflow.BRAFPIActivityTitle" finished-at="2019-06-27T15:48:17Z">
          <reporter-output>
          </reporter-output>
        </test-method> <!-- BRAFPIActivityResult -->
        <test-method status="PASS" signature="getResult(org.testng.ITestResult)[pri:0, instance:biocept.qa.testcases.MolecularWorkflow@2758fe70]" name="getResult" is-config="true" duration-ms="73" started-at="2019-06-27T15:48:17Z" finished-at="2019-06-27T15:48:17Z">
          <params>
            <param index="0">
              <value>
                <![CDATA[[TestResult name=BRAFPIActivityResult status=SUCCESS method=MolecularWorkflow.BRAFPIActivityResult()[pri:18, instance:biocept.qa.testcases.MolecularWorkflow@2758fe70] output={null}]]]>
              </value>
            </param>
          </params>
          <reporter-output>
          </reporter-output>
        </test-method> <!-- getResult -->
        <test-method status="PASS" signature="setup()[pri:0, instance:biocept.qa.testcases.MolecularWorkflow@2758fe70]" name="setup" is-config="true" duration-ms="6" started-at="2019-06-27T15:48:17Z" finished-at="2019-06-27T15:48:17Z">
          <reporter-output>
          </reporter-output>
        </test-method> <!-- setup -->
        <test-method status="FAIL" signature="BRAFReportSignoff()[pri:19, instance:biocept.qa.testcases.MolecularWorkflow@2758fe70]" name="BRAFReportSignoff" duration-ms="19053" started-at="2019-06-27T15:48:17Z" description="Verify user is able to Signoff the BRAF Test Report from Molecular Review &amp; Approve Worklist" depends-on-methods="biocept.qa.testcases.MolecularWorkflow.BRAFPIActivityResult" finished-at="2019-06-27T15:48:36Z">
          <exception class="org.openqa.selenium.StaleElementReferenceException">
            <message>
              <![CDATA[stale element reference: element is not attached to the page document
  (Session info: chrome=75.0.3770.100)
  (Driver info: chromedriver=74.0.3729.6 (255758eccf3d244491b8a1317aa76e1ce10d57e9-refs/branch-heads/3729@{#29}),platform=Windows NT 10.0.14393 x86_64) (WARNING: The server did not provide any stacktrace information)
Command duration or timeout: 0 milliseconds
For documentation on this error, please visit: https://www.seleniumhq.org/exceptions/stale_element_reference.html
Build info: version: '3.141.59', revision: 'e82be7d358', time: '2018-11-14T08:17:03'
System info: host: 'AMARENDRA', ip: '10.60.1.107', os.name: 'Windows 10', os.arch: 'amd64', os.version: '10.0', java.version: '1.8.0_121'
Driver info: org.openqa.selenium.chrome.ChromeDriver
Capabilities {acceptInsecureCerts: false, acceptSslCerts: false, applicationCacheEnabled: false, browserConnectionEnabled: false, browserName: chrome, chrome: {chromedriverVersion: 74.0.3729.6 (255758eccf3d24..., userDataDir: C:\Users\AMAREN~1.SIN\AppDa...}, cssSelectorsEnabled: true, databaseEnabled: false, goog:chromeOptions: {debuggerAddress: localhost:64751}, handlesAlerts: true, hasTouchScreen: false, javascriptEnabled: true, locationContextEnabled: true, mobileEmulationEnabled: false, nativeEvents: true, networkConnectionEnabled: false, pageLoadStrategy: normal, platform: XP, platformName: XP, proxy: Proxy(), rotatable: false, setWindowRect: true, strictFileInteractability: false, takesHeapSnapshot: true, takesScreenshot: true, timeouts: {implicit: 0, pageLoad: 300000, script: 30000}, unexpectedAlertBehaviour: ignore, unhandledPromptBehavior: ignore, version: 75.0.3770.100, webStorageEnabled: true}
Session ID: d6b7dc6bb4da4c69a65fbbd29bedde91]]>
            </message>
            <full-stacktrace>
              <![CDATA[org.openqa.selenium.StaleElementReferenceException: stale element reference: element is not attached to the page document
  (Session info: chrome=75.0.3770.100)
  (Driver info: chromedriver=74.0.3729.6 (255758eccf3d244491b8a1317aa76e1ce10d57e9-refs/branch-heads/3729@{#29}),platform=Windows NT 10.0.14393 x86_64) (WARNING: The server did not provide any stacktrace information)
Command duration or timeout: 0 milliseconds
For documentation on this error, please visit: https://www.seleniumhq.org/exceptions/stale_element_reference.html
Build info: version: '3.141.59', revision: 'e82be7d358', time: '2018-11-14T08:17:03'
System info: host: 'AMARENDRA', ip: '10.60.1.107', os.name: 'Windows 10', os.arch: 'amd64', os.version: '10.0', java.version: '1.8.0_121'
Driver info: org.openqa.selenium.chrome.ChromeDriver
Capabilities {acceptInsecureCerts: false, acceptSslCerts: false, applicationCacheEnabled: false, browserConnectionEnabled: false, browserName: chrome, chrome: {chromedriverVersion: 74.0.3729.6 (255758eccf3d24..., userDataDir: C:\Users\AMAREN~1.SIN\AppDa...}, cssSelectorsEnabled: true, databaseEnabled: false, goog:chromeOptions: {debuggerAddress: localhost:64751}, handlesAlerts: true, hasTouchScreen: false, javascriptEnabled: true, locationContextEnabled: true, mobileEmulationEnabled: false, nativeEvents: true, networkConnectionEnabled: false, pageLoadStrategy: normal, platform: XP, platformName: XP, proxy: Proxy(), rotatable: false, setWindowRect: true, strictFileInteractability: false, takesHeapSnapshot: true, takesScreenshot: true, timeouts: {implicit: 0, pageLoad: 300000, script: 30000}, unexpectedAlertBehaviour: ignore, unhandledPromptBehavior: ignore, version: 75.0.3770.100, webStorageEnabled: true}
Session ID: d6b7dc6bb4da4c69a65fbbd29bedde91
	at sun.reflect.NativeConstructorAccessorImpl.newInstance0(Native Method)
	at sun.reflect.NativeConstructorAccessorImpl.newInstance(Unknown Source)
	at sun.reflect.DelegatingConstructorAccessorImpl.newInstance(Unknown Source)
	at java.lang.reflect.Constructor.newInstance(Unknown Source)
	at org.openqa.selenium.remote.ErrorHandler.createThrowable(ErrorHandler.java:214)
	at org.openqa.selenium.remote.ErrorHandler.throwIfResponseFailed(ErrorHandler.java:166)
	at org.openqa.selenium.remote.http.JsonHttpResponseCodec.reconstructValue(JsonHttpResponseCodec.java:40)
	at org.openqa.selenium.remote.http.AbstractHttpResponseCodec.decode(AbstractHttpResponseCodec.java:80)
	at org.openqa.selenium.remote.http.AbstractHttpResponseCodec.decode(AbstractHttpResponseCodec.java:44)
	at org.openqa.selenium.remote.HttpCommandExecutor.execute(HttpCommandExecutor.java:158)
	at org.openqa.selenium.remote.service.DriverCommandExecutor.execute(DriverCommandExecutor.java:83)
	at org.openqa.selenium.remote.RemoteWebDriver.execute(RemoteWebDriver.java:552)
	at org.openqa.selenium.remote.RemoteWebElement.execute(RemoteWebElement.java:285)
	at org.openqa.selenium.remote.RemoteWebElement.getText(RemoteWebElement.java:166)
	at sun.reflect.GeneratedMethodAccessor83.invoke(Unknown Source)
	at sun.reflect.DelegatingMethodAccessorImpl.invoke(Unknown Source)
	at java.lang.reflect.Method.invoke(Unknown Source)
	at org.openqa.selenium.support.pagefactory.internal.LocatingElementHandler.invoke(LocatingElementHandler.java:51)
	at com.sun.proxy.$Proxy13.getText(Unknown Source)
	at biocept.qa.utill.WorkflowCommonMethods.completeMessage(WorkflowCommonMethods.java:77)
	at biocept.qa.testcases.MolecularWorkflow.BRAFReportSignoff(MolecularWorkflow.java:394)
	at sun.reflect.NativeMethodAccessorImpl.invoke0(Native Method)
	at sun.reflect.NativeMethodAccessorImpl.invoke(Unknown Source)
	at sun.reflect.DelegatingMethodAccessorImpl.invoke(Unknown Source)
	at java.lang.reflect.Method.invoke(Unknown Source)
	at org.testng.internal.MethodInvocationHelper.invokeMethod(MethodInvocationHelper.java:85)
	at org.testng.internal.Invoker.invokeMethod(Invoker.java:639)
	at org.testng.internal.Invoker.invokeTestMethod(Invoker.java:816)
	at org.testng.internal.Invoker.invokeTestMethods(Invoker.java:1124)
	at org.testng.internal.TestMethodWorker.invokeTestMethods(TestMethodWorker.java:125)
	at org.testng.internal.TestMethodWorker.run(TestMethodWorker.java:108)
	at org.testng.TestRunner.privateRun(TestRunner.java:774)
	at org.testng.TestRunner.run(TestRunner.java:624)
	at org.testng.SuiteRunner.runTest(SuiteRunner.java:359)
	at org.testng.SuiteRunner.runSequentially(SuiteRunner.java:354)
	at org.testng.SuiteRunner.privateRun(SuiteRunner.java:312)
	at org.testng.SuiteRunner.run(SuiteRunner.java:261)
	at org.testng.SuiteRunnerWorker.runSuite(SuiteRunnerWorker.java:52)
	at org.testng.SuiteRunnerWorker.run(SuiteRunnerWorker.java:86)
	at org.testng.TestNG.runSuitesSequentially(TestNG.java:1191)
	at org.testng.TestNG.runSuitesLocally(TestNG.java:1116)
	at org.testng.TestNG.run(TestNG.java:1024)
	at org.testng.remote.AbstractRemoteTestNG.run(AbstractRemoteTestNG.java:126)
	at org.testng.remote.RemoteTestNG.initAndRun(RemoteTestNG.java:137)
	at org.testng.remote.RemoteTestNG.main(RemoteTestNG.java:58)
]]>
            </full-stacktrace>
          </exception> <!-- org.openqa.selenium.StaleElementReferenceException -->
          <reporter-output>
          </reporter-output>
        </test-method> <!-- BRAFReportSignoff -->
        <test-method status="PASS" signature="getResult(org.testng.ITestResult)[pri:0, instance:biocept.qa.testcases.MolecularWorkflow@2758fe70]" name="getResult" is-config="true" duration-ms="843" started-at="2019-06-27T15:48:36Z" finished-at="2019-06-27T15:48:37Z">
          <params>
            <param index="0">
              <value>
                <![CDATA[[TestResult name=BRAFReportSignoff status=FAILURE method=MolecularWorkflow.BRAFReportSignoff()[pri:19, instance:biocept.qa.testcases.MolecularWorkflow@2758fe70] output={null}]]]>
              </value>
            </param>
          </params>
          <reporter-output>
          </reporter-output>
        </test-method> <!-- getResult -->
        <test-method status="SKIP" signature="KRASPIActivityTitle()[pri:20, instance:biocept.qa.testcases.MolecularWorkflow@2758fe70]" name="KRASPIActivityTitle" duration-ms="0" started-at="2019-06-27T15:48:37Z" description="Verify user is able to open KRAS Molecular Professional Interpretation activity" depends-on-methods="biocept.qa.testcases.MolecularWorkflow.BRAFReportSignoff" finished-at="2019-06-27T15:48:37Z">
          <exception class="java.lang.Throwable">
            <message>
              <![CDATA[Method MolecularWorkflow.KRASPIActivityTitle()[pri:20, instance:biocept.qa.testcases.MolecularWorkflow@2758fe70] depends on not successfully finished methods]]>
            </message>
            <full-stacktrace>
              <![CDATA[java.lang.Throwable: Method MolecularWorkflow.KRASPIActivityTitle()[pri:20, instance:biocept.qa.testcases.MolecularWorkflow@2758fe70] depends on not successfully finished methods
	at org.testng.internal.Invoker.invokeTestMethods(Invoker.java:1033)
	at org.testng.internal.TestMethodWorker.invokeTestMethods(TestMethodWorker.java:125)
	at org.testng.internal.TestMethodWorker.run(TestMethodWorker.java:108)
	at org.testng.TestRunner.privateRun(TestRunner.java:774)
	at org.testng.TestRunner.run(TestRunner.java:624)
	at org.testng.SuiteRunner.runTest(SuiteRunner.java:359)
	at org.testng.SuiteRunner.runSequentially(SuiteRunner.java:354)
	at org.testng.SuiteRunner.privateRun(SuiteRunner.java:312)
	at org.testng.SuiteRunner.run(SuiteRunner.java:261)
	at org.testng.SuiteRunnerWorker.runSuite(SuiteRunnerWorker.java:52)
	at org.testng.SuiteRunnerWorker.run(SuiteRunnerWorker.java:86)
	at org.testng.TestNG.runSuitesSequentially(TestNG.java:1191)
	at org.testng.TestNG.runSuitesLocally(TestNG.java:1116)
	at org.testng.TestNG.run(TestNG.java:1024)
	at org.testng.remote.AbstractRemoteTestNG.run(AbstractRemoteTestNG.java:126)
	at org.testng.remote.RemoteTestNG.initAndRun(RemoteTestNG.java:137)
	at org.testng.remote.RemoteTestNG.main(RemoteTestNG.java:58)
]]>
            </full-stacktrace>
          </exception> <!-- java.lang.Throwable -->
          <reporter-output>
          </reporter-output>
        </test-method> <!-- KRASPIActivityTitle -->
        <test-method status="SKIP" signature="KRASPIActivityResult()[pri:21, instance:biocept.qa.testcases.MolecularWorkflow@2758fe70]" name="KRASPIActivityResult" duration-ms="0" started-at="2019-06-27T15:48:37Z" description="Verify user is able to complete the KRAS Molecular Professional Interpretation activity" depends-on-methods="biocept.qa.testcases.MolecularWorkflow.KRASPIActivityTitle" finished-at="2019-06-27T15:48:37Z">
          <exception class="java.lang.Throwable">
            <message>
              <![CDATA[Method MolecularWorkflow.KRASPIActivityResult()[pri:21, instance:biocept.qa.testcases.MolecularWorkflow@2758fe70] depends on not successfully finished methods]]>
            </message>
            <full-stacktrace>
              <![CDATA[java.lang.Throwable: Method MolecularWorkflow.KRASPIActivityResult()[pri:21, instance:biocept.qa.testcases.MolecularWorkflow@2758fe70] depends on not successfully finished methods
	at org.testng.internal.Invoker.invokeTestMethods(Invoker.java:1033)
	at org.testng.internal.TestMethodWorker.invokeTestMethods(TestMethodWorker.java:125)
	at org.testng.internal.TestMethodWorker.run(TestMethodWorker.java:108)
	at org.testng.TestRunner.privateRun(TestRunner.java:774)
	at org.testng.TestRunner.run(TestRunner.java:624)
	at org.testng.SuiteRunner.runTest(SuiteRunner.java:359)
	at org.testng.SuiteRunner.runSequentially(SuiteRunner.java:354)
	at org.testng.SuiteRunner.privateRun(SuiteRunner.java:312)
	at org.testng.SuiteRunner.run(SuiteRunner.java:261)
	at org.testng.SuiteRunnerWorker.runSuite(SuiteRunnerWorker.java:52)
	at org.testng.SuiteRunnerWorker.run(SuiteRunnerWorker.java:86)
	at org.testng.TestNG.runSuitesSequentially(TestNG.java:1191)
	at org.testng.TestNG.runSuitesLocally(TestNG.java:1116)
	at org.testng.TestNG.run(TestNG.java:1024)
	at org.testng.remote.AbstractRemoteTestNG.run(AbstractRemoteTestNG.java:126)
	at org.testng.remote.RemoteTestNG.initAndRun(RemoteTestNG.java:137)
	at org.testng.remote.RemoteTestNG.main(RemoteTestNG.java:58)
]]>
            </full-stacktrace>
          </exception> <!-- java.lang.Throwable -->
          <reporter-output>
          </reporter-output>
        </test-method> <!-- KRASPIActivityResult -->
        <test-method status="SKIP" signature="KRASReportSignoff()[pri:22, instance:biocept.qa.testcases.MolecularWorkflow@2758fe70]" name="KRASReportSignoff" duration-ms="0" started-at="2019-06-27T15:48:37Z" description="Verify user is able to Signoff the KRAS Test Report from Molecular Review &amp; Approve Worklist" depends-on-methods="biocept.qa.testcases.MolecularWorkflow.KRASPIActivityResult" finished-at="2019-06-27T15:48:37Z">
          <exception class="java.lang.Throwable">
            <message>
              <![CDATA[Method MolecularWorkflow.KRASReportSignoff()[pri:22, instance:biocept.qa.testcases.MolecularWorkflow@2758fe70] depends on not successfully finished methods]]>
            </message>
            <full-stacktrace>
              <![CDATA[java.lang.Throwable: Method MolecularWorkflow.KRASReportSignoff()[pri:22, instance:biocept.qa.testcases.MolecularWorkflow@2758fe70] depends on not successfully finished methods
	at org.testng.internal.Invoker.invokeTestMethods(Invoker.java:1033)
	at org.testng.internal.TestMethodWorker.invokeTestMethods(TestMethodWorker.java:125)
	at org.testng.internal.TestMethodWorker.run(TestMethodWorker.java:108)
	at org.testng.TestRunner.privateRun(TestRunner.java:774)
	at org.testng.TestRunner.run(TestRunner.java:624)
	at org.testng.SuiteRunner.runTest(SuiteRunner.java:359)
	at org.testng.SuiteRunner.runSequentially(SuiteRunner.java:354)
	at org.testng.SuiteRunner.privateRun(SuiteRunner.java:312)
	at org.testng.SuiteRunner.run(SuiteRunner.java:261)
	at org.testng.SuiteRunnerWorker.runSuite(SuiteRunnerWorker.java:52)
	at org.testng.SuiteRunnerWorker.run(SuiteRunnerWorker.java:86)
	at org.testng.TestNG.runSuitesSequentially(TestNG.java:1191)
	at org.testng.TestNG.runSuitesLocally(TestNG.java:1116)
	at org.testng.TestNG.run(TestNG.java:1024)
	at org.testng.remote.AbstractRemoteTestNG.run(AbstractRemoteTestNG.java:126)
	at org.testng.remote.RemoteTestNG.initAndRun(RemoteTestNG.java:137)
	at org.testng.remote.RemoteTestNG.main(RemoteTestNG.java:58)
]]>
            </full-stacktrace>
          </exception> <!-- java.lang.Throwable -->
          <reporter-output>
          </reporter-output>
        </test-method> <!-- KRASReportSignoff -->
        <test-method status="PASS" signature="LogOut()[pri:0, instance:biocept.qa.testcases.MolecularWorkflow@2758fe70]" name="LogOut" is-config="true" duration-ms="1830" started-at="2019-06-27T15:48:37Z" finished-at="2019-06-27T15:48:39Z">
          <reporter-output>
          </reporter-output>
        </test-method> <!-- LogOut -->
      </class> <!-- biocept.qa.testcases.MolecularWorkflow -->
    </test> <!-- Molecular Workflow -->
    <test name="CTC-FISH Workflow for Tech Cases" duration-ms="65902" started-at="2019-06-27T10:18:39Z" finished-at="2019-06-27T10:19:45Z">
      <class name="biocept.qa.testcases.CTC_FISHTechOnlyWorkflow">
        <test-method status="PASS" signature="setup()[pri:0, instance:biocept.qa.testcases.CTC_FISHTechOnlyWorkflow@22a67b4]" name="setup" is-config="true" duration-ms="6" started-at="2019-06-27T15:48:39Z" finished-at="2019-06-27T15:48:39Z">
          <reporter-output>
          </reporter-output>
        </test-method> <!-- setup -->
        <test-method status="FAIL" signature="AccesstionType()[pri:1, instance:biocept.qa.testcases.CTC_FISHTechOnlyWorkflow@22a67b4]" name="AccesstionType" duration-ms="45303" started-at="2019-06-27T15:48:39Z" description="Verify the accession type when user create an accession without selecting Assign Professional Work checkbox" finished-at="2019-06-27T15:49:24Z">
          <exception class="org.openqa.selenium.ElementClickInterceptedException">
            <message>
              <![CDATA[element click intercepted: Element <button type="button" class="pad3 btn btn-info btn-xs mb5" data-bind="click: $root.SetupAssignProfessionalWork" title="Assign Professional Work To Biocept">...</button> is not clickable at point (1403, 367). Other element would receive the click: <div class="modal-backdrop fade in" style="height: 706px;"></div>
  (Session info: chrome=75.0.3770.100)
  (Driver info: chromedriver=74.0.3729.6 (255758eccf3d244491b8a1317aa76e1ce10d57e9-refs/branch-heads/3729@{#29}),platform=Windows NT 10.0.14393 x86_64) (WARNING: The server did not provide any stacktrace information)
Command duration or timeout: 0 milliseconds
Build info: version: '3.141.59', revision: 'e82be7d358', time: '2018-11-14T08:17:03'
System info: host: 'AMARENDRA', ip: '10.60.1.107', os.name: 'Windows 10', os.arch: 'amd64', os.version: '10.0', java.version: '1.8.0_121'
Driver info: org.openqa.selenium.chrome.ChromeDriver
Capabilities {acceptInsecureCerts: false, acceptSslCerts: false, applicationCacheEnabled: false, browserConnectionEnabled: false, browserName: chrome, chrome: {chromedriverVersion: 74.0.3729.6 (255758eccf3d24..., userDataDir: C:\Users\AMAREN~1.SIN\AppDa...}, cssSelectorsEnabled: true, databaseEnabled: false, goog:chromeOptions: {debuggerAddress: localhost:64751}, handlesAlerts: true, hasTouchScreen: false, javascriptEnabled: true, locationContextEnabled: true, mobileEmulationEnabled: false, nativeEvents: true, networkConnectionEnabled: false, pageLoadStrategy: normal, platform: XP, platformName: XP, proxy: Proxy(), rotatable: false, setWindowRect: true, strictFileInteractability: false, takesHeapSnapshot: true, takesScreenshot: true, timeouts: {implicit: 0, pageLoad: 300000, script: 30000}, unexpectedAlertBehaviour: ignore, unhandledPromptBehavior: ignore, version: 75.0.3770.100, webStorageEnabled: true}
Session ID: d6b7dc6bb4da4c69a65fbbd29bedde91]]>
            </message>
            <full-stacktrace>
              <![CDATA[org.openqa.selenium.ElementClickInterceptedException: element click intercepted: Element <button type="button" class="pad3 btn btn-info btn-xs mb5" data-bind="click: $root.SetupAssignProfessionalWork" title="Assign Professional Work To Biocept">...</button> is not clickable at point (1403, 367). Other element would receive the click: <div class="modal-backdrop fade in" style="height: 706px;"></div>
  (Session info: chrome=75.0.3770.100)
  (Driver info: chromedriver=74.0.3729.6 (255758eccf3d244491b8a1317aa76e1ce10d57e9-refs/branch-heads/3729@{#29}),platform=Windows NT 10.0.14393 x86_64) (WARNING: The server did not provide any stacktrace information)
Command duration or timeout: 0 milliseconds
Build info: version: '3.141.59', revision: 'e82be7d358', time: '2018-11-14T08:17:03'
System info: host: 'AMARENDRA', ip: '10.60.1.107', os.name: 'Windows 10', os.arch: 'amd64', os.version: '10.0', java.version: '1.8.0_121'
Driver info: org.openqa.selenium.chrome.ChromeDriver
Capabilities {acceptInsecureCerts: false, acceptSslCerts: false, applicationCacheEnabled: false, browserConnectionEnabled: false, browserName: chrome, chrome: {chromedriverVersion: 74.0.3729.6 (255758eccf3d24..., userDataDir: C:\Users\AMAREN~1.SIN\AppDa...}, cssSelectorsEnabled: true, databaseEnabled: false, goog:chromeOptions: {debuggerAddress: localhost:64751}, handlesAlerts: true, hasTouchScreen: false, javascriptEnabled: true, locationContextEnabled: true, mobileEmulationEnabled: false, nativeEvents: true, networkConnectionEnabled: false, pageLoadStrategy: normal, platform: XP, platformName: XP, proxy: Proxy(), rotatable: false, setWindowRect: true, strictFileInteractability: false, takesHeapSnapshot: true, takesScreenshot: true, timeouts: {implicit: 0, pageLoad: 300000, script: 30000}, unexpectedAlertBehaviour: ignore, unhandledPromptBehavior: ignore, version: 75.0.3770.100, webStorageEnabled: true}
Session ID: d6b7dc6bb4da4c69a65fbbd29bedde91
	at sun.reflect.NativeConstructorAccessorImpl.newInstance0(Native Method)
	at sun.reflect.NativeConstructorAccessorImpl.newInstance(Unknown Source)
	at sun.reflect.DelegatingConstructorAccessorImpl.newInstance(Unknown Source)
	at java.lang.reflect.Constructor.newInstance(Unknown Source)
	at org.openqa.selenium.remote.ErrorHandler.createThrowable(ErrorHandler.java:214)
	at org.openqa.selenium.remote.ErrorHandler.throwIfResponseFailed(ErrorHandler.java:166)
	at org.openqa.selenium.remote.http.JsonHttpResponseCodec.reconstructValue(JsonHttpResponseCodec.java:40)
	at org.openqa.selenium.remote.http.AbstractHttpResponseCodec.decode(AbstractHttpResponseCodec.java:80)
	at org.openqa.selenium.remote.http.AbstractHttpResponseCodec.decode(AbstractHttpResponseCodec.java:44)
	at org.openqa.selenium.remote.HttpCommandExecutor.execute(HttpCommandExecutor.java:158)
	at org.openqa.selenium.remote.service.DriverCommandExecutor.execute(DriverCommandExecutor.java:83)
	at org.openqa.selenium.remote.RemoteWebDriver.execute(RemoteWebDriver.java:552)
	at org.openqa.selenium.remote.RemoteWebElement.execute(RemoteWebElement.java:285)
	at org.openqa.selenium.remote.RemoteWebElement.click(RemoteWebElement.java:84)
	at sun.reflect.GeneratedMethodAccessor18.invoke(Unknown Source)
	at sun.reflect.DelegatingMethodAccessorImpl.invoke(Unknown Source)
	at java.lang.reflect.Method.invoke(Unknown Source)
	at org.openqa.selenium.support.pagefactory.internal.LocatingElementHandler.invoke(LocatingElementHandler.java:51)
	at com.sun.proxy.$Proxy13.click(Unknown Source)
	at biocept.qa.pages.Accession.assignProfessionalWork(Accession.java:300)
	at biocept.qa.testcases.CTC_FISHTechOnlyWorkflow.AccesstionType(CTC_FISHTechOnlyWorkflow.java:121)
	at sun.reflect.NativeMethodAccessorImpl.invoke0(Native Method)
	at sun.reflect.NativeMethodAccessorImpl.invoke(Unknown Source)
	at sun.reflect.DelegatingMethodAccessorImpl.invoke(Unknown Source)
	at java.lang.reflect.Method.invoke(Unknown Source)
	at org.testng.internal.MethodInvocationHelper.invokeMethod(MethodInvocationHelper.java:85)
	at org.testng.internal.Invoker.invokeMethod(Invoker.java:639)
	at org.testng.internal.Invoker.invokeTestMethod(Invoker.java:816)
	at org.testng.internal.Invoker.invokeTestMethods(Invoker.java:1124)
	at org.testng.internal.TestMethodWorker.invokeTestMethods(TestMethodWorker.java:125)
	at org.testng.internal.TestMethodWorker.run(TestMethodWorker.java:108)
	at org.testng.TestRunner.privateRun(TestRunner.java:774)
	at org.testng.TestRunner.run(TestRunner.java:624)
	at org.testng.SuiteRunner.runTest(SuiteRunner.java:359)
	at org.testng.SuiteRunner.runSequentially(SuiteRunner.java:354)
	at org.testng.SuiteRunner.privateRun(SuiteRunner.java:312)
	at org.testng.SuiteRunner.run(SuiteRunner.java:261)
	at org.testng.SuiteRunnerWorker.runSuite(SuiteRunnerWorker.java:52)
	at org.testng.SuiteRunnerWorker.run(SuiteRunnerWorker.java:86)
	at org.testng.TestNG.runSuitesSequentially(TestNG.java:1191)
	at org.testng.TestNG.runSuitesLocally(TestNG.java:1116)
	at org.testng.TestNG.run(TestNG.java:1024)
	at org.testng.remote.AbstractRemoteTestNG.run(AbstractRemoteTestNG.java:126)
	at org.testng.remote.RemoteTestNG.initAndRun(RemoteTestNG.java:137)
	at org.testng.remote.RemoteTestNG.main(RemoteTestNG.java:58)
]]>
            </full-stacktrace>
          </exception> <!-- org.openqa.selenium.ElementClickInterceptedException -->
          <reporter-output>
          </reporter-output>
        </test-method> <!-- AccesstionType -->
        <test-method status="PASS" signature="getResult(org.testng.ITestResult)[pri:0, instance:biocept.qa.testcases.CTC_FISHTechOnlyWorkflow@22a67b4]" name="getResult" is-config="true" duration-ms="508" started-at="2019-06-27T15:49:24Z" finished-at="2019-06-27T15:49:24Z">
          <params>
            <param index="0">
              <value>
                <![CDATA[[TestResult name=AccesstionType status=FAILURE method=CTC_FISHTechOnlyWorkflow.AccesstionType()[pri:1, instance:biocept.qa.testcases.CTC_FISHTechOnlyWorkflow@22a67b4] output={null}]]]>
              </value>
            </param>
          </params>
          <reporter-output>
          </reporter-output>
        </test-method> <!-- getResult -->
        <test-method status="SKIP" signature="QC_CompleteButtonOnProfessionalInterpretation()[pri:2, instance:biocept.qa.testcases.CTC_FISHTechOnlyWorkflow@22a67b4]" name="QC_CompleteButtonOnProfessionalInterpretation" duration-ms="0" started-at="2019-06-27T15:49:24Z" description="Verify the QC CompleteButton button on Professional Interpretation page" depends-on-methods="biocept.qa.testcases.CTC_FISHTechOnlyWorkflow.AccesstionType" finished-at="2019-06-27T15:49:24Z">
          <exception class="java.lang.Throwable">
            <message>
              <![CDATA[Method CTC_FISHTechOnlyWorkflow.QC_CompleteButtonOnProfessionalInterpretation()[pri:2, instance:biocept.qa.testcases.CTC_FISHTechOnlyWorkflow@22a67b4] depends on not successfully finished methods]]>
            </message>
            <full-stacktrace>
              <![CDATA[java.lang.Throwable: Method CTC_FISHTechOnlyWorkflow.QC_CompleteButtonOnProfessionalInterpretation()[pri:2, instance:biocept.qa.testcases.CTC_FISHTechOnlyWorkflow@22a67b4] depends on not successfully finished methods
	at org.testng.internal.Invoker.invokeTestMethods(Invoker.java:1033)
	at org.testng.internal.TestMethodWorker.invokeTestMethods(TestMethodWorker.java:125)
	at org.testng.internal.TestMethodWorker.run(TestMethodWorker.java:108)
	at org.testng.TestRunner.privateRun(TestRunner.java:774)
	at org.testng.TestRunner.run(TestRunner.java:624)
	at org.testng.SuiteRunner.runTest(SuiteRunner.java:359)
	at org.testng.SuiteRunner.runSequentially(SuiteRunner.java:354)
	at org.testng.SuiteRunner.privateRun(SuiteRunner.java:312)
	at org.testng.SuiteRunner.run(SuiteRunner.java:261)
	at org.testng.SuiteRunnerWorker.runSuite(SuiteRunnerWorker.java:52)
	at org.testng.SuiteRunnerWorker.run(SuiteRunnerWorker.java:86)
	at org.testng.TestNG.runSuitesSequentially(TestNG.java:1191)
	at org.testng.TestNG.runSuitesLocally(TestNG.java:1116)
	at org.testng.TestNG.run(TestNG.java:1024)
	at org.testng.remote.AbstractRemoteTestNG.run(AbstractRemoteTestNG.java:126)
	at org.testng.remote.RemoteTestNG.initAndRun(RemoteTestNG.java:137)
	at org.testng.remote.RemoteTestNG.main(RemoteTestNG.java:58)
]]>
            </full-stacktrace>
          </exception> <!-- java.lang.Throwable -->
          <reporter-output>
          </reporter-output>
        </test-method> <!-- QC_CompleteButtonOnProfessionalInterpretation -->
        <test-method status="SKIP" signature="ConfirmationOnTechOnlyPI()[pri:3, instance:biocept.qa.testcases.CTC_FISHTechOnlyWorkflow@22a67b4]" name="ConfirmationOnTechOnlyPI" duration-ms="0" started-at="2019-06-27T15:49:24Z" description="Verify the confirmation message when user clicks on QC complete button" depends-on-methods="biocept.qa.testcases.CTC_FISHTechOnlyWorkflow.QC_CompleteButtonOnProfessionalInterpretation" finished-at="2019-06-27T15:49:24Z">
          <exception class="java.lang.Throwable">
            <message>
              <![CDATA[Method CTC_FISHTechOnlyWorkflow.ConfirmationOnTechOnlyPI()[pri:3, instance:biocept.qa.testcases.CTC_FISHTechOnlyWorkflow@22a67b4] depends on not successfully finished methods]]>
            </message>
            <full-stacktrace>
              <![CDATA[java.lang.Throwable: Method CTC_FISHTechOnlyWorkflow.ConfirmationOnTechOnlyPI()[pri:3, instance:biocept.qa.testcases.CTC_FISHTechOnlyWorkflow@22a67b4] depends on not successfully finished methods
	at org.testng.internal.Invoker.invokeTestMethods(Invoker.java:1033)
	at org.testng.internal.TestMethodWorker.invokeTestMethods(TestMethodWorker.java:125)
	at org.testng.internal.TestMethodWorker.run(TestMethodWorker.java:108)
	at org.testng.TestRunner.privateRun(TestRunner.java:774)
	at org.testng.TestRunner.run(TestRunner.java:624)
	at org.testng.SuiteRunner.runTest(SuiteRunner.java:359)
	at org.testng.SuiteRunner.runSequentially(SuiteRunner.java:354)
	at org.testng.SuiteRunner.privateRun(SuiteRunner.java:312)
	at org.testng.SuiteRunner.run(SuiteRunner.java:261)
	at org.testng.SuiteRunnerWorker.runSuite(SuiteRunnerWorker.java:52)
	at org.testng.SuiteRunnerWorker.run(SuiteRunnerWorker.java:86)
	at org.testng.TestNG.runSuitesSequentially(TestNG.java:1191)
	at org.testng.TestNG.runSuitesLocally(TestNG.java:1116)
	at org.testng.TestNG.run(TestNG.java:1024)
	at org.testng.remote.AbstractRemoteTestNG.run(AbstractRemoteTestNG.java:126)
	at org.testng.remote.RemoteTestNG.initAndRun(RemoteTestNG.java:137)
	at org.testng.remote.RemoteTestNG.main(RemoteTestNG.java:58)
]]>
            </full-stacktrace>
          </exception> <!-- java.lang.Throwable -->
          <reporter-output>
          </reporter-output>
        </test-method> <!-- ConfirmationOnTechOnlyPI -->
        <test-method status="SKIP" signature="QCComplete()[pri:4, instance:biocept.qa.testcases.CTC_FISHTechOnlyWorkflow@22a67b4]" name="QCComplete" duration-ms="0" started-at="2019-06-27T15:49:24Z" description="Verify user is able to QC Complete the PI Activity" depends-on-methods="biocept.qa.testcases.CTC_FISHTechOnlyWorkflow.ConfirmationOnTechOnlyPI" finished-at="2019-06-27T15:49:24Z">
          <exception class="java.lang.Throwable">
            <message>
              <![CDATA[Method CTC_FISHTechOnlyWorkflow.QCComplete()[pri:4, instance:biocept.qa.testcases.CTC_FISHTechOnlyWorkflow@22a67b4] depends on not successfully finished methods]]>
            </message>
            <full-stacktrace>
              <![CDATA[java.lang.Throwable: Method CTC_FISHTechOnlyWorkflow.QCComplete()[pri:4, instance:biocept.qa.testcases.CTC_FISHTechOnlyWorkflow@22a67b4] depends on not successfully finished methods
	at org.testng.internal.Invoker.invokeTestMethods(Invoker.java:1033)
	at org.testng.internal.TestMethodWorker.invokeTestMethods(TestMethodWorker.java:125)
	at org.testng.internal.TestMethodWorker.run(TestMethodWorker.java:108)
	at org.testng.TestRunner.privateRun(TestRunner.java:774)
	at org.testng.TestRunner.run(TestRunner.java:624)
	at org.testng.SuiteRunner.runTest(SuiteRunner.java:359)
	at org.testng.SuiteRunner.runSequentially(SuiteRunner.java:354)
	at org.testng.SuiteRunner.privateRun(SuiteRunner.java:312)
	at org.testng.SuiteRunner.run(SuiteRunner.java:261)
	at org.testng.SuiteRunnerWorker.runSuite(SuiteRunnerWorker.java:52)
	at org.testng.SuiteRunnerWorker.run(SuiteRunnerWorker.java:86)
	at org.testng.TestNG.runSuitesSequentially(TestNG.java:1191)
	at org.testng.TestNG.runSuitesLocally(TestNG.java:1116)
	at org.testng.TestNG.run(TestNG.java:1024)
	at org.testng.remote.AbstractRemoteTestNG.run(AbstractRemoteTestNG.java:126)
	at org.testng.remote.RemoteTestNG.initAndRun(RemoteTestNG.java:137)
	at org.testng.remote.RemoteTestNG.main(RemoteTestNG.java:58)
]]>
            </full-stacktrace>
          </exception> <!-- java.lang.Throwable -->
          <reporter-output>
          </reporter-output>
        </test-method> <!-- QCComplete -->
        <test-method status="SKIP" signature="PhysicianPortalLogin()[pri:5, instance:biocept.qa.testcases.CTC_FISHTechOnlyWorkflow@22a67b4]" name="PhysicianPortalLogin" duration-ms="0" started-at="2019-06-27T15:49:24Z" description="Verify user is able to login in Physician Portal" depends-on-methods="biocept.qa.testcases.CTC_FISHTechOnlyWorkflow.QCComplete" finished-at="2019-06-27T15:49:24Z">
          <exception class="java.lang.Throwable">
            <message>
              <![CDATA[Method CTC_FISHTechOnlyWorkflow.PhysicianPortalLogin()[pri:5, instance:biocept.qa.testcases.CTC_FISHTechOnlyWorkflow@22a67b4] depends on not successfully finished methods]]>
            </message>
            <full-stacktrace>
              <![CDATA[java.lang.Throwable: Method CTC_FISHTechOnlyWorkflow.PhysicianPortalLogin()[pri:5, instance:biocept.qa.testcases.CTC_FISHTechOnlyWorkflow@22a67b4] depends on not successfully finished methods
	at org.testng.internal.Invoker.invokeTestMethods(Invoker.java:1033)
	at org.testng.internal.TestMethodWorker.invokeTestMethods(TestMethodWorker.java:125)
	at org.testng.internal.TestMethodWorker.run(TestMethodWorker.java:108)
	at org.testng.TestRunner.privateRun(TestRunner.java:774)
	at org.testng.TestRunner.run(TestRunner.java:624)
	at org.testng.SuiteRunner.runTest(SuiteRunner.java:359)
	at org.testng.SuiteRunner.runSequentially(SuiteRunner.java:354)
	at org.testng.SuiteRunner.privateRun(SuiteRunner.java:312)
	at org.testng.SuiteRunner.run(SuiteRunner.java:261)
	at org.testng.SuiteRunnerWorker.runSuite(SuiteRunnerWorker.java:52)
	at org.testng.SuiteRunnerWorker.run(SuiteRunnerWorker.java:86)
	at org.testng.TestNG.runSuitesSequentially(TestNG.java:1191)
	at org.testng.TestNG.runSuitesLocally(TestNG.java:1116)
	at org.testng.TestNG.run(TestNG.java:1024)
	at org.testng.remote.AbstractRemoteTestNG.run(AbstractRemoteTestNG.java:126)
	at org.testng.remote.RemoteTestNG.initAndRun(RemoteTestNG.java:137)
	at org.testng.remote.RemoteTestNG.main(RemoteTestNG.java:58)
]]>
            </full-stacktrace>
          </exception> <!-- java.lang.Throwable -->
          <reporter-output>
          </reporter-output>
        </test-method> <!-- PhysicianPortalLogin -->
        <test-method status="SKIP" signature="GoBacktoPhysicianPortalButton()[pri:7, instance:biocept.qa.testcases.CTC_FISHTechOnlyWorkflow@22a67b4]" name="GoBacktoPhysicianPortalButton" duration-ms="0" started-at="2019-06-27T15:49:24Z" description="Verify Go Back to Physician Portal Button on Tech Only Professional Interpretation page." depends-on-methods="biocept.qa.testcases.CTC_FISHTechOnlyWorkflow.OrderHistoryWorklist" finished-at="2019-06-27T15:49:24Z">
          <exception class="java.lang.Throwable">
            <message>
              <![CDATA[Method CTC_FISHTechOnlyWorkflow.GoBacktoPhysicianPortalButton()[pri:7, instance:biocept.qa.testcases.CTC_FISHTechOnlyWorkflow@22a67b4] depends on not successfully finished methods]]>
            </message>
            <full-stacktrace>
              <![CDATA[java.lang.Throwable: Method CTC_FISHTechOnlyWorkflow.GoBacktoPhysicianPortalButton()[pri:7, instance:biocept.qa.testcases.CTC_FISHTechOnlyWorkflow@22a67b4] depends on not successfully finished methods
	at org.testng.internal.Invoker.invokeTestMethods(Invoker.java:1033)
	at org.testng.internal.TestMethodWorker.invokeTestMethods(TestMethodWorker.java:125)
	at org.testng.internal.TestMethodWorker.run(TestMethodWorker.java:108)
	at org.testng.TestRunner.privateRun(TestRunner.java:774)
	at org.testng.TestRunner.run(TestRunner.java:624)
	at org.testng.SuiteRunner.runTest(SuiteRunner.java:359)
	at org.testng.SuiteRunner.runSequentially(SuiteRunner.java:354)
	at org.testng.SuiteRunner.privateRun(SuiteRunner.java:312)
	at org.testng.SuiteRunner.run(SuiteRunner.java:261)
	at org.testng.SuiteRunnerWorker.runSuite(SuiteRunnerWorker.java:52)
	at org.testng.SuiteRunnerWorker.run(SuiteRunnerWorker.java:86)
	at org.testng.TestNG.runSuitesSequentially(TestNG.java:1191)
	at org.testng.TestNG.runSuitesLocally(TestNG.java:1116)
	at org.testng.TestNG.run(TestNG.java:1024)
	at org.testng.remote.AbstractRemoteTestNG.run(AbstractRemoteTestNG.java:126)
	at org.testng.remote.RemoteTestNG.initAndRun(RemoteTestNG.java:137)
	at org.testng.remote.RemoteTestNG.main(RemoteTestNG.java:58)
]]>
            </full-stacktrace>
          </exception> <!-- java.lang.Throwable -->
          <reporter-output>
          </reporter-output>
        </test-method> <!-- GoBacktoPhysicianPortalButton -->
        <test-method status="SKIP" signature="OrderHistoryWorklist()[pri:6, instance:biocept.qa.testcases.CTC_FISHTechOnlyWorkflow@22a67b4]" name="OrderHistoryWorklist" duration-ms="0" started-at="2019-06-27T15:49:24Z" description="Verify Tech Only Professional Interpretation Button on Order History Worklist" depends-on-methods="biocept.qa.testcases.CTC_FISHTechOnlyWorkflow.PhysicianPortalLogin" finished-at="2019-06-27T15:49:24Z">
          <exception class="java.lang.Throwable">
            <message>
              <![CDATA[Method CTC_FISHTechOnlyWorkflow.OrderHistoryWorklist()[pri:6, instance:biocept.qa.testcases.CTC_FISHTechOnlyWorkflow@22a67b4] depends on not successfully finished methods]]>
            </message>
            <full-stacktrace>
              <![CDATA[java.lang.Throwable: Method CTC_FISHTechOnlyWorkflow.OrderHistoryWorklist()[pri:6, instance:biocept.qa.testcases.CTC_FISHTechOnlyWorkflow@22a67b4] depends on not successfully finished methods
	at org.testng.internal.Invoker.invokeTestMethods(Invoker.java:1033)
	at org.testng.internal.TestMethodWorker.invokeTestMethods(TestMethodWorker.java:125)
	at org.testng.internal.TestMethodWorker.run(TestMethodWorker.java:108)
	at org.testng.TestRunner.privateRun(TestRunner.java:774)
	at org.testng.TestRunner.run(TestRunner.java:624)
	at org.testng.SuiteRunner.runTest(SuiteRunner.java:359)
	at org.testng.SuiteRunner.runSequentially(SuiteRunner.java:354)
	at org.testng.SuiteRunner.privateRun(SuiteRunner.java:312)
	at org.testng.SuiteRunner.run(SuiteRunner.java:261)
	at org.testng.SuiteRunnerWorker.runSuite(SuiteRunnerWorker.java:52)
	at org.testng.SuiteRunnerWorker.run(SuiteRunnerWorker.java:86)
	at org.testng.TestNG.runSuitesSequentially(TestNG.java:1191)
	at org.testng.TestNG.runSuitesLocally(TestNG.java:1116)
	at org.testng.TestNG.run(TestNG.java:1024)
	at org.testng.remote.AbstractRemoteTestNG.run(AbstractRemoteTestNG.java:126)
	at org.testng.remote.RemoteTestNG.initAndRun(RemoteTestNG.java:137)
	at org.testng.remote.RemoteTestNG.main(RemoteTestNG.java:58)
]]>
            </full-stacktrace>
          </exception> <!-- java.lang.Throwable -->
          <reporter-output>
          </reporter-output>
        </test-method> <!-- OrderHistoryWorklist -->
        <test-method status="SKIP" signature="SignoffReportFromPhysicianPortal()[pri:8, instance:biocept.qa.testcases.CTC_FISHTechOnlyWorkflow@22a67b4]" name="SignoffReportFromPhysicianPortal" duration-ms="0" started-at="2019-06-27T15:49:24Z" description="Verify user is able to signoff the report from Physician Portal." depends-on-methods="biocept.qa.testcases.CTC_FISHTechOnlyWorkflow.GoBacktoPhysicianPortalButton" finished-at="2019-06-27T15:49:24Z">
          <exception class="java.lang.Throwable">
            <message>
              <![CDATA[Method CTC_FISHTechOnlyWorkflow.SignoffReportFromPhysicianPortal()[pri:8, instance:biocept.qa.testcases.CTC_FISHTechOnlyWorkflow@22a67b4] depends on not successfully finished methods]]>
            </message>
            <full-stacktrace>
              <![CDATA[java.lang.Throwable: Method CTC_FISHTechOnlyWorkflow.SignoffReportFromPhysicianPortal()[pri:8, instance:biocept.qa.testcases.CTC_FISHTechOnlyWorkflow@22a67b4] depends on not successfully finished methods
	at org.testng.internal.Invoker.invokeTestMethods(Invoker.java:1033)
	at org.testng.internal.TestMethodWorker.invokeTestMethods(TestMethodWorker.java:125)
	at org.testng.internal.TestMethodWorker.run(TestMethodWorker.java:108)
	at org.testng.TestRunner.privateRun(TestRunner.java:774)
	at org.testng.TestRunner.run(TestRunner.java:624)
	at org.testng.SuiteRunner.runTest(SuiteRunner.java:359)
	at org.testng.SuiteRunner.runSequentially(SuiteRunner.java:354)
	at org.testng.SuiteRunner.privateRun(SuiteRunner.java:312)
	at org.testng.SuiteRunner.run(SuiteRunner.java:261)
	at org.testng.SuiteRunnerWorker.runSuite(SuiteRunnerWorker.java:52)
	at org.testng.SuiteRunnerWorker.run(SuiteRunnerWorker.java:86)
	at org.testng.TestNG.runSuitesSequentially(TestNG.java:1191)
	at org.testng.TestNG.runSuitesLocally(TestNG.java:1116)
	at org.testng.TestNG.run(TestNG.java:1024)
	at org.testng.remote.AbstractRemoteTestNG.run(AbstractRemoteTestNG.java:126)
	at org.testng.remote.RemoteTestNG.initAndRun(RemoteTestNG.java:137)
	at org.testng.remote.RemoteTestNG.main(RemoteTestNG.java:58)
]]>
            </full-stacktrace>
          </exception> <!-- java.lang.Throwable -->
          <reporter-output>
          </reporter-output>
        </test-method> <!-- SignoffReportFromPhysicianPortal -->
        <test-method status="FAIL" signature="LogOut()[pri:0, instance:biocept.qa.testcases.CTC_FISHTechOnlyWorkflow@22a67b4]" name="LogOut" is-config="true" duration-ms="0" started-at="2019-06-27T15:49:24Z" finished-at="2019-06-27T15:49:24Z">
          <exception class="org.openqa.selenium.NoSuchElementException">
            <message>
              <![CDATA[no such element: Unable to locate element: {"method":"id","selector":"welcomename"}
  (Session info: chrome=75.0.3770.100)
  (Driver info: chromedriver=74.0.3729.6 (255758eccf3d244491b8a1317aa76e1ce10d57e9-refs/branch-heads/3729@{#29}),platform=Windows NT 10.0.14393 x86_64) (WARNING: The server did not provide any stacktrace information)
Command duration or timeout: 0 milliseconds
For documentation on this error, please visit: https://www.seleniumhq.org/exceptions/no_such_element.html
Build info: version: '3.141.59', revision: 'e82be7d358', time: '2018-11-14T08:17:03'
System info: host: 'AMARENDRA', ip: '10.60.1.107', os.name: 'Windows 10', os.arch: 'amd64', os.version: '10.0', java.version: '1.8.0_121'
Driver info: org.openqa.selenium.chrome.ChromeDriver
Capabilities {acceptInsecureCerts: false, acceptSslCerts: false, applicationCacheEnabled: false, browserConnectionEnabled: false, browserName: chrome, chrome: {chromedriverVersion: 74.0.3729.6 (255758eccf3d24..., userDataDir: C:\Users\AMAREN~1.SIN\AppDa...}, cssSelectorsEnabled: true, databaseEnabled: false, goog:chromeOptions: {debuggerAddress: localhost:64751}, handlesAlerts: true, hasTouchScreen: false, javascriptEnabled: true, locationContextEnabled: true, mobileEmulationEnabled: false, nativeEvents: true, networkConnectionEnabled: false, pageLoadStrategy: normal, platform: XP, platformName: XP, proxy: Proxy(), rotatable: false, setWindowRect: true, strictFileInteractability: false, takesHeapSnapshot: true, takesScreenshot: true, timeouts: {implicit: 0, pageLoad: 300000, script: 30000}, unexpectedAlertBehaviour: ignore, unhandledPromptBehavior: ignore, version: 75.0.3770.100, webStorageEnabled: true}
Session ID: d6b7dc6bb4da4c69a65fbbd29bedde91
*** Element info: {Using=id, value=welcomename}]]>
            </message>
            <full-stacktrace>
              <![CDATA[org.openqa.selenium.NoSuchElementException: no such element: Unable to locate element: {"method":"id","selector":"welcomename"}
  (Session info: chrome=75.0.3770.100)
  (Driver info: chromedriver=74.0.3729.6 (255758eccf3d244491b8a1317aa76e1ce10d57e9-refs/branch-heads/3729@{#29}),platform=Windows NT 10.0.14393 x86_64) (WARNING: The server did not provide any stacktrace information)
Command duration or timeout: 0 milliseconds
For documentation on this error, please visit: https://www.seleniumhq.org/exceptions/no_such_element.html
Build info: version: '3.141.59', revision: 'e82be7d358', time: '2018-11-14T08:17:03'
System info: host: 'AMARENDRA', ip: '10.60.1.107', os.name: 'Windows 10', os.arch: 'amd64', os.version: '10.0', java.version: '1.8.0_121'
Driver info: org.openqa.selenium.chrome.ChromeDriver
Capabilities {acceptInsecureCerts: false, acceptSslCerts: false, applicationCacheEnabled: false, browserConnectionEnabled: false, browserName: chrome, chrome: {chromedriverVersion: 74.0.3729.6 (255758eccf3d24..., userDataDir: C:\Users\AMAREN~1.SIN\AppDa...}, cssSelectorsEnabled: true, databaseEnabled: false, goog:chromeOptions: {debuggerAddress: localhost:64751}, handlesAlerts: true, hasTouchScreen: false, javascriptEnabled: true, locationContextEnabled: true, mobileEmulationEnabled: false, nativeEvents: true, networkConnectionEnabled: false, pageLoadStrategy: normal, platform: XP, platformName: XP, proxy: Proxy(), rotatable: false, setWindowRect: true, strictFileInteractability: false, takesHeapSnapshot: true, takesScreenshot: true, timeouts: {implicit: 0, pageLoad: 300000, script: 30000}, unexpectedAlertBehaviour: ignore, unhandledPromptBehavior: ignore, version: 75.0.3770.100, webStorageEnabled: true}
Session ID: d6b7dc6bb4da4c69a65fbbd29bedde91
*** Element info: {Using=id, value=welcomename}
	at sun.reflect.NativeConstructorAccessorImpl.newInstance0(Native Method)
	at sun.reflect.NativeConstructorAccessorImpl.newInstance(Unknown Source)
	at sun.reflect.DelegatingConstructorAccessorImpl.newInstance(Unknown Source)
	at java.lang.reflect.Constructor.newInstance(Unknown Source)
	at org.openqa.selenium.remote.ErrorHandler.createThrowable(ErrorHandler.java:214)
	at org.openqa.selenium.remote.ErrorHandler.throwIfResponseFailed(ErrorHandler.java:166)
	at org.openqa.selenium.remote.http.JsonHttpResponseCodec.reconstructValue(JsonHttpResponseCodec.java:40)
	at org.openqa.selenium.remote.http.AbstractHttpResponseCodec.decode(AbstractHttpResponseCodec.java:80)
	at org.openqa.selenium.remote.http.AbstractHttpResponseCodec.decode(AbstractHttpResponseCodec.java:44)
	at org.openqa.selenium.remote.HttpCommandExecutor.execute(HttpCommandExecutor.java:158)
	at org.openqa.selenium.remote.service.DriverCommandExecutor.execute(DriverCommandExecutor.java:83)
	at org.openqa.selenium.remote.RemoteWebDriver.execute(RemoteWebDriver.java:552)
	at org.openqa.selenium.remote.RemoteWebDriver.findElement(RemoteWebDriver.java:323)
	at org.openqa.selenium.remote.RemoteWebDriver.findElementById(RemoteWebDriver.java:372)
	at org.openqa.selenium.By$ById.findElement(By.java:188)
	at org.openqa.selenium.remote.RemoteWebDriver.findElement(RemoteWebDriver.java:315)
	at org.openqa.selenium.support.pagefactory.DefaultElementLocator.findElement(DefaultElementLocator.java:69)
	at org.openqa.selenium.support.pagefactory.internal.LocatingElementHandler.invoke(LocatingElementHandler.java:38)
	at com.sun.proxy.$Proxy13.getWrappedElement(Unknown Source)
	at org.openqa.selenium.remote.internal.WebElementToJsonConverter.apply(WebElementToJsonConverter.java:50)
	at java.util.stream.ReferencePipeline$3$1.accept(Unknown Source)
	at java.util.Spliterators$ArraySpliterator.forEachRemaining(Unknown Source)
	at java.util.stream.AbstractPipeline.copyInto(Unknown Source)
	at java.util.stream.AbstractPipeline.wrapAndCopyInto(Unknown Source)
	at java.util.stream.ReduceOps$ReduceOp.evaluateSequential(Unknown Source)
	at java.util.stream.AbstractPipeline.evaluate(Unknown Source)
	at java.util.stream.ReferencePipeline.collect(Unknown Source)
	at org.openqa.selenium.remote.RemoteWebDriver.executeScript(RemoteWebDriver.java:484)
	at biocept.qa.pages.LoginAndLogOut.ClientPortalLogOut(LoginAndLogOut.java:67)
	at biocept.qa.testcases.CTC_FISHTechOnlyWorkflow.LogOut(CTC_FISHTechOnlyWorkflow.java:330)
	at sun.reflect.NativeMethodAccessorImpl.invoke0(Native Method)
	at sun.reflect.NativeMethodAccessorImpl.invoke(Unknown Source)
	at sun.reflect.DelegatingMethodAccessorImpl.invoke(Unknown Source)
	at java.lang.reflect.Method.invoke(Unknown Source)
	at org.testng.internal.MethodInvocationHelper.invokeMethod(MethodInvocationHelper.java:85)
	at org.testng.internal.Invoker.invokeConfigurationMethod(Invoker.java:510)
	at org.testng.internal.Invoker.invokeConfigurations(Invoker.java:211)
	at org.testng.internal.Invoker.invokeConfigurations(Invoker.java:138)
	at org.testng.internal.TestMethodWorker.invokeAfterClassMethods(TestMethodWorker.java:220)
	at org.testng.internal.TestMethodWorker.run(TestMethodWorker.java:111)
	at org.testng.TestRunner.privateRun(TestRunner.java:774)
	at org.testng.TestRunner.run(TestRunner.java:624)
	at org.testng.SuiteRunner.runTest(SuiteRunner.java:359)
	at org.testng.SuiteRunner.runSequentially(SuiteRunner.java:354)
	at org.testng.SuiteRunner.privateRun(SuiteRunner.java:312)
	at org.testng.SuiteRunner.run(SuiteRunner.java:261)
	at org.testng.SuiteRunnerWorker.runSuite(SuiteRunnerWorker.java:52)
	at org.testng.SuiteRunnerWorker.run(SuiteRunnerWorker.java:86)
	at org.testng.TestNG.runSuitesSequentially(TestNG.java:1191)
	at org.testng.TestNG.runSuitesLocally(TestNG.java:1116)
	at org.testng.TestNG.run(TestNG.java:1024)
	at org.testng.remote.AbstractRemoteTestNG.run(AbstractRemoteTestNG.java:126)
	at org.testng.remote.RemoteTestNG.initAndRun(RemoteTestNG.java:137)
	at org.testng.remote.RemoteTestNG.main(RemoteTestNG.java:58)
]]>
            </full-stacktrace>
          </exception> <!-- org.openqa.selenium.NoSuchElementException -->
          <reporter-output>
          </reporter-output>
        </test-method> <!-- LogOut -->
      </class> <!-- biocept.qa.testcases.CTC_FISHTechOnlyWorkflow -->
      <class name="biocept.qa.testcases.BioceptTestBase">
        <test-method status="PASS" signature="beforeSuite()[pri:0, instance:biocept.qa.testcases.BioceptTestBase@6536e911]" name="beforeSuite" is-config="true" duration-ms="257" started-at="2019-06-27T15:36:00Z" finished-at="2019-06-27T15:36:01Z">
          <reporter-output>
          </reporter-output>
        </test-method> <!-- beforeSuite -->
        <test-method status="PASS" signature="tearDown()[pri:0, instance:biocept.qa.testcases.BioceptTestBase@6536e911]" name="tearDown" is-config="true" duration-ms="936" started-at="2019-06-27T15:49:45Z" finished-at="2019-06-27T15:49:46Z">
          <reporter-output>
          </reporter-output>
        </test-method> <!-- tearDown -->
      </class> <!-- biocept.qa.testcases.BioceptTestBase -->
    </test> <!-- CTC-FISH Workflow for Tech Cases -->
  </suite> <!-- Biocept -->
</testng-results>
