<?xml version="1.0" encoding="UTF-8"?>
<!-- Generated by org.testng.reporters.JUnitReportReporter -->
<testsuite hostname="Amarendra" name="biocept.qa.testcases.NRASWorkflow" tests="10" failures="1" timestamp="12 Jun 2019 17:50:51 GMT" time="223.220" errors="0">
  <testcase name="PageTitle" time="5.373" classname="biocept.qa.testcases.NRASWorkflow"/>
  <testcase name="NRASResultingActivityTitle" time="81.744" classname="biocept.qa.testcases.NRASWorkflow"/>
  <testcase name="UploadMacroFile" time="5.920" classname="biocept.qa.testcases.NRASWorkflow"/>
  <testcase name="NRASPIActivityResult" time="9.414" classname="biocept.qa.testcases.NRASWorkflow"/>
  <testcase name="dashboard" time="0.208" classname="biocept.qa.testcases.NRASWorkflow">
    <failure type="java.lang.AssertionError" message="expected [7] but found [6]">
      <![CDATA[java.lang.AssertionError: expected [7] but found [6]
	at org.testng.Assert.fail(Assert.java:94)
	at org.testng.Assert.failNotEquals(Assert.java:496)
	at org.testng.Assert.assertEquals(Assert.java:125)
	at org.testng.Assert.assertEquals(Assert.java:372)
	at org.testng.Assert.assertEquals(Assert.java:382)
	at biocept.qa.testcases.NRASWorkflow.dashboard(NRASWorkflow.java:86)
	at sun.reflect.NativeMethodAccessorImpl.invoke0(Native Method)
	at sun.reflect.NativeMethodAccessorImpl.invoke(Unknown Source)
	at sun.reflect.DelegatingMethodAccessorImpl.invoke(Unknown Source)
	at java.lang.reflect.Method.invoke(Unknown Source)
	at org.testng.internal.MethodInvocationHelper.invokeMethod(MethodInvocationHelper.java:85)
	at org.testng.internal.Invoker.invokeMethod(Invoker.java:639)
	at org.testng.internal.Invoker.invokeTestMethod(Invoker.java:816)
	at org.testng.internal.Invoker.invokeTestMethods(Invoker.java:1124)
	at org.testng.internal.TestMethodWorker.invokeTestMethods(TestMethodWorker.java:125)
	at org.testng.internal.TestMethodWorker.run(TestMethodWorker.java:108)
	at org.testng.TestRunner.privateRun(TestRunner.java:774)
	at org.testng.TestRunner.run(TestRunner.java:624)
	at org.testng.SuiteRunner.runTest(SuiteRunner.java:359)
	at org.testng.SuiteRunner.runSequentially(SuiteRunner.java:354)
	at org.testng.SuiteRunner.privateRun(SuiteRunner.java:312)
	at org.testng.SuiteRunner.run(SuiteRunner.java:261)
	at org.testng.SuiteRunnerWorker.runSuite(SuiteRunnerWorker.java:52)
	at org.testng.SuiteRunnerWorker.run(SuiteRunnerWorker.java:86)
	at org.testng.TestNG.runSuitesSequentially(TestNG.java:1191)
	at org.testng.TestNG.runSuitesLocally(TestNG.java:1116)
	at org.testng.TestNG.run(TestNG.java:1024)
	at org.testng.remote.AbstractRemoteTestNG.run(AbstractRemoteTestNG.java:126)
	at org.testng.remote.RemoteTestNG.initAndRun(RemoteTestNG.java:137)
	at org.testng.remote.RemoteTestNG.main(RemoteTestNG.java:58)
]]>
    </failure>
  </testcase> <!-- dashboard -->
  <testcase name="BarcodePage" time="0.108" classname="biocept.qa.testcases.NRASWorkflow"/>
  <testcase name="NRASReportSignoff" time="44.055" classname="biocept.qa.testcases.NRASWorkflow"/>
  <testcase name="PlaceNewOrder" time="60.816" classname="biocept.qa.testcases.NRASWorkflow"/>
  <testcase name="NRASPIActivityTitle" time="11.319" classname="biocept.qa.testcases.NRASWorkflow"/>
  <testcase name="NRASResultingUpdateResult" time="4.263" classname="biocept.qa.testcases.NRASWorkflow"/>
</testsuite> <!-- biocept.qa.testcases.NRASWorkflow -->
