<?xml version="1.0" encoding="UTF-8"?>
<!-- Generated by org.testng.reporters.JUnitReportReporter -->
<testsuite hostname="Anmolsingh" name="biocept.qa.testcases.CTCWorkflow" tests="46" failures="0" timestamp="24 Jul 2019 10:29:57 GMT" time="437.429" errors="2">
  <testcase name="CTC_FISH_SummaryReport" time="0.411" classname="biocept.qa.testcases.CTCWorkflow"/>
  <testcase name="MyWorklistTitle" time="8.427" classname="biocept.qa.testcases.CTCWorkflow"/>
  <testcase name="QAReportingWorklist" time="14.864" classname="biocept.qa.testcases.CTCWorkflow"/>
  <testcase name="PlaceNewOrder" time="50.686" classname="biocept.qa.testcases.CTCWorkflow"/>
  <testcase name="CTCICCResultsSummaryActivityTitle" time="7.021" classname="biocept.qa.testcases.CTCWorkflow"/>
  <testcase name="QAReportingWorklistTitle" time="4.659" classname="biocept.qa.testcases.CTCWorkflow"/>
  <testcase name="BioviewScanDataActivityTitle" time="6.525" classname="biocept.qa.testcases.CTCWorkflow"/>
  <testcase name="MemsBatching" time="5.853" classname="biocept.qa.testcases.CTCWorkflow"/>
  <testcase name="MEMSProcessingActivityTitle" time="6.914" classname="biocept.qa.testcases.CTCWorkflow"/>
  <testcase name="AccesstionType" time="0.999" classname="biocept.qa.testcases.CTCWorkflow"/>
  <testcase name="BioviewScanData" time="6.712" classname="biocept.qa.testcases.CTCWorkflow"/>
  <testcase name="FISHAutobatchedworklistActivityTitle" time="6.511" classname="biocept.qa.testcases.CTCWorkflow"/>
  <testcase name="SignoffTheReportForNewVersion" time="0.000" classname="biocept.qa.testcases.CTCWorkflow">
    <error type="java.lang.Throwable" message="Method CTCWorkflow.SignoffTheReportForNewVersion()[pri:39, instance:biocept.qa.testcases.CTCWorkflow@57536d79] depends on not successfully finished methods">
      <![CDATA[java.lang.Throwable: Method CTCWorkflow.SignoffTheReportForNewVersion()[pri:39, instance:biocept.qa.testcases.CTCWorkflow@57536d79] depends on not successfully finished methods
	at org.testng.internal.Invoker.invokeTestMethods(Invoker.java:1033)
	at org.testng.internal.TestMethodWorker.invokeTestMethods(TestMethodWorker.java:125)
	at org.testng.internal.TestMethodWorker.run(TestMethodWorker.java:108)
	at org.testng.TestRunner.privateRun(TestRunner.java:774)
	at org.testng.TestRunner.run(TestRunner.java:624)
	at org.testng.SuiteRunner.runTest(SuiteRunner.java:359)
	at org.testng.SuiteRunner.runSequentially(SuiteRunner.java:354)
	at org.testng.SuiteRunner.privateRun(SuiteRunner.java:312)
	at org.testng.SuiteRunner.run(SuiteRunner.java:261)
	at org.testng.SuiteRunnerWorker.runSuite(SuiteRunnerWorker.java:52)
	at org.testng.SuiteRunnerWorker.run(SuiteRunnerWorker.java:86)
	at org.testng.TestNG.runSuitesSequentially(TestNG.java:1191)
	at org.testng.TestNG.runSuitesLocally(TestNG.java:1116)
	at org.testng.TestNG.run(TestNG.java:1024)
	at org.testng.remote.AbstractRemoteTestNG.run(AbstractRemoteTestNG.java:126)
	at org.testng.remote.RemoteTestNG.initAndRun(RemoteTestNG.java:137)
	at org.testng.remote.RemoteTestNG.main(RemoteTestNG.java:58)
]]>
    </error>
  </testcase> <!-- SignoffTheReportForNewVersion -->
  <testcase name="CTCICCResultsSummary" time="8.763" classname="biocept.qa.testcases.CTCWorkflow"/>
  <testcase name="ConfirmationPopupOnCompletedWorklist" time="3.377" classname="biocept.qa.testcases.CTCWorkflow"/>
  <testcase name="dashboard" time="0.069" classname="biocept.qa.testcases.CTCWorkflow"/>
  <testcase name="CellCepProcessing" time="6.698" classname="biocept.qa.testcases.CTCWorkflow"/>
  <testcase name="CellSepBatching" time="6.652" classname="biocept.qa.testcases.CTCWorkflow"/>
  <testcase name="CTC_FISH_SampleTraveler" time="0.048" classname="biocept.qa.testcases.CTCWorkflow"/>
  <testcase name="PatientNameOnBarcodePage" time="16.680" classname="biocept.qa.testcases.CTCWorkflow"/>
  <testcase name="GenerateLongLabel" time="0.043" classname="biocept.qa.testcases.CTCWorkflow"/>
  <testcase name="FISHReloAnalysisActivityTitle" time="7.164" classname="biocept.qa.testcases.CTCWorkflow"/>
  <testcase name="TechOnlyProfessionalInterpretation" time="6.212" classname="biocept.qa.testcases.CTCWorkflow"/>
  <testcase name="UploadAccessionImagesPageTitle" time="8.138" classname="biocept.qa.testcases.CTCWorkflow"/>
  <testcase name="FISHResultsSummary" time="29.698" classname="biocept.qa.testcases.CTCWorkflow"/>
  <testcase name="CompletedWorklist" time="5.271" classname="biocept.qa.testcases.CTCWorkflow"/>
  <testcase name="EnumerationImageReview" time="18.659" classname="biocept.qa.testcases.CTCWorkflow"/>
  <testcase name="GenerateMolecularLabel" time="0.045" classname="biocept.qa.testcases.CTCWorkflow"/>
  <testcase name="MEMSProcessing" time="5.486" classname="biocept.qa.testcases.CTCWorkflow"/>
  <testcase name="EnumerationImageReviewActivityTitle" time="7.130" classname="biocept.qa.testcases.CTCWorkflow"/>
  <testcase name="MemsBatchingActivityTitle" time="6.724" classname="biocept.qa.testcases.CTCWorkflow"/>
  <testcase name="GenerateSmallLabel" time="0.147" classname="biocept.qa.testcases.CTCWorkflow"/>
  <testcase name="FishReportSignoff_Batch" time="8.520" classname="biocept.qa.testcases.CTCWorkflow"/>
  <testcase name="FishReviewApproveTitle" time="5.303" classname="biocept.qa.testcases.CTCWorkflow"/>
  <testcase name="ReportVersionSelectionPopUp" time="82.258" classname="biocept.qa.testcases.CTCWorkflow">
    <error type="org.openqa.selenium.TimeoutException" message="Expected condition failed: waiting for visibility of Proxy element for: DefaultElementLocator &#039;By.cssSelector: h4[id=&#039;myModalLabel&#039;]&#039; (tried for 40 second(s) with 500 milliseconds interval)">
      <![CDATA[org.openqa.selenium.TimeoutException: Expected condition failed: waiting for visibility of Proxy element for: DefaultElementLocator 'By.cssSelector: h4[id='myModalLabel']' (tried for 40 second(s) with 500 milliseconds interval)
	at org.openqa.selenium.support.ui.WebDriverWait.timeoutException(WebDriverWait.java:95)
	at org.openqa.selenium.support.ui.FluentWait.until(FluentWait.java:272)
	at biocept.qa.utill.ExplicitWait.waitUntilElementToBeVisible(ExplicitWait.java:35)
	at biocept.qa.pages.FISHReviewAndApproveWorklist.reportVersionSelectionPopup(FISHReviewAndApproveWorklist.java:80)
	at biocept.qa.testcases.CTCWorkflow.ReportVersionSelectionPopUp(CTCWorkflow.java:583)
	at sun.reflect.NativeMethodAccessorImpl.invoke0(Native Method)
	at sun.reflect.NativeMethodAccessorImpl.invoke(NativeMethodAccessorImpl.java:62)
	at sun.reflect.DelegatingMethodAccessorImpl.invoke(DelegatingMethodAccessorImpl.java:43)
	at java.lang.reflect.Method.invoke(Method.java:498)
	at org.testng.internal.MethodInvocationHelper.invokeMethod(MethodInvocationHelper.java:85)
	at org.testng.internal.Invoker.invokeMethod(Invoker.java:639)
	at org.testng.internal.Invoker.invokeTestMethod(Invoker.java:816)
	at org.testng.internal.Invoker.invokeTestMethods(Invoker.java:1124)
	at org.testng.internal.TestMethodWorker.invokeTestMethods(TestMethodWorker.java:125)
	at org.testng.internal.TestMethodWorker.run(TestMethodWorker.java:108)
	at org.testng.TestRunner.privateRun(TestRunner.java:774)
	at org.testng.TestRunner.run(TestRunner.java:624)
	at org.testng.SuiteRunner.runTest(SuiteRunner.java:359)
	at org.testng.SuiteRunner.runSequentially(SuiteRunner.java:354)
	at org.testng.SuiteRunner.privateRun(SuiteRunner.java:312)
	at org.testng.SuiteRunner.run(SuiteRunner.java:261)
	at org.testng.SuiteRunnerWorker.runSuite(SuiteRunnerWorker.java:52)
	at org.testng.SuiteRunnerWorker.run(SuiteRunnerWorker.java:86)
	at org.testng.TestNG.runSuitesSequentially(TestNG.java:1191)
	at org.testng.TestNG.runSuitesLocally(TestNG.java:1116)
	at org.testng.TestNG.run(TestNG.java:1024)
	at org.testng.remote.AbstractRemoteTestNG.run(AbstractRemoteTestNG.java:126)
	at org.testng.remote.RemoteTestNG.initAndRun(RemoteTestNG.java:137)
	at org.testng.remote.RemoteTestNG.main(RemoteTestNG.java:58)
Caused by: org.openqa.selenium.NoSuchElementException: no such element: Unable to locate element: {"method":"css selector","selector":"h4[id='myModalLabel']"}
  (Session info: chrome=75.0.3770.142)
  (Driver info: chromedriver=74.0.3729.6 (255758eccf3d244491b8a1317aa76e1ce10d57e9-refs/branch-heads/3729@{#29}),platform=Windows NT 10.0.16299 x86_64) (WARNING: The server did not provide any stacktrace information)
Command duration or timeout: 0 milliseconds
For documentation on this error, please visit: https://www.seleniumhq.org/exceptions/no_such_element.html
Build info: version: '3.141.59', revision: 'e82be7d358', time: '2018-11-14T08:25:48'
System info: host: 'ANMOLSINGH', ip: '10.60.1.128', os.name: 'Windows 10', os.arch: 'amd64', os.version: '10.0', java.version: '1.8.0_161'
Driver info: org.openqa.selenium.chrome.ChromeDriver
Capabilities {acceptInsecureCerts: false, acceptSslCerts: false, applicationCacheEnabled: false, browserConnectionEnabled: false, browserName: chrome, chrome: {chromedriverVersion: 74.0.3729.6 (255758eccf3d24..., userDataDir: C:\Users\ANMOL~1.SIN\AppDat...}, cssSelectorsEnabled: true, databaseEnabled: false, goog:chromeOptions: {debuggerAddress: localhost:56156}, handlesAlerts: true, hasTouchScreen: false, javascriptEnabled: true, locationContextEnabled: true, mobileEmulationEnabled: false, nativeEvents: true, networkConnectionEnabled: false, pageLoadStrategy: normal, platform: XP, platformName: XP, proxy: Proxy(), rotatable: false, setWindowRect: true, strictFileInteractability: false, takesHeapSnapshot: true, takesScreenshot: true, timeouts: {implicit: 0, pageLoad: 300000, script: 30000}, unexpectedAlertBehaviour: ignore, unhandledPromptBehavior: ignore, version: 75.0.3770.142, webStorageEnabled: true}
Session ID: 75c9ef874d8f7b9077b324a7f7565d41
*** Element info: {Using=css selector, value=h4[id='myModalLabel']}
	at sun.reflect.NativeConstructorAccessorImpl.newInstance0(Native Method)
	at sun.reflect.NativeConstructorAccessorImpl.newInstance(NativeConstructorAccessorImpl.java:62)
	at sun.reflect.DelegatingConstructorAccessorImpl.newInstance(DelegatingConstructorAccessorImpl.java:45)
	at java.lang.reflect.Constructor.newInstance(Constructor.java:423)
	at org.openqa.selenium.remote.ErrorHandler.createThrowable(ErrorHandler.java:214)
	at org.openqa.selenium.remote.ErrorHandler.throwIfResponseFailed(ErrorHandler.java:166)
	at org.openqa.selenium.remote.http.JsonHttpResponseCodec.reconstructValue(JsonHttpResponseCodec.java:40)
	at org.openqa.selenium.remote.http.AbstractHttpResponseCodec.decode(AbstractHttpResponseCodec.java:80)
	at org.openqa.selenium.remote.http.AbstractHttpResponseCodec.decode(AbstractHttpResponseCodec.java:44)
	at org.openqa.selenium.remote.HttpCommandExecutor.execute(HttpCommandExecutor.java:158)
	at org.openqa.selenium.remote.service.DriverCommandExecutor.execute(DriverCommandExecutor.java:83)
	at org.openqa.selenium.remote.RemoteWebDriver.execute(RemoteWebDriver.java:552)
	at org.openqa.selenium.remote.RemoteWebDriver.findElement(RemoteWebDriver.java:323)
	at org.openqa.selenium.remote.RemoteWebDriver.findElementByCssSelector(RemoteWebDriver.java:420)
	at org.openqa.selenium.By$ByCssSelector.findElement(By.java:431)
	at org.openqa.selenium.remote.RemoteWebDriver.findElement(RemoteWebDriver.java:315)
	at org.openqa.selenium.support.pagefactory.DefaultElementLocator.findElement(DefaultElementLocator.java:69)
	at org.openqa.selenium.support.pagefactory.internal.LocatingElementHandler.invoke(LocatingElementHandler.java:38)
	at com.sun.proxy.$Proxy13.isDisplayed(Unknown Source)
	at org.openqa.selenium.support.ui.ExpectedConditions.elementIfVisible(ExpectedConditions.java:314)
	at org.openqa.selenium.support.ui.ExpectedConditions.access$000(ExpectedConditions.java:43)
	at org.openqa.selenium.support.ui.ExpectedConditions$10.apply(ExpectedConditions.java:300)
	at org.openqa.selenium.support.ui.ExpectedConditions$10.apply(ExpectedConditions.java:297)
	at org.openqa.selenium.support.ui.FluentWait.until(FluentWait.java:249)
	... 27 more
]]>
    </error>
  </testcase> <!-- ReportVersionSelectionPopUp -->
  <testcase name="FISHResultsSummaryActivityTitle" time="8.748" classname="biocept.qa.testcases.CTCWorkflow"/>
  <testcase name="CellCepProcessingActivityTitle" time="5.256" classname="biocept.qa.testcases.CTCWorkflow"/>
  <testcase name="DownloadPlasmaCSV" time="0.069" classname="biocept.qa.testcases.CTCWorkflow"/>
  <testcase name="FISHAutobatchedworklist" time="6.718" classname="biocept.qa.testcases.CTCWorkflow"/>
  <testcase name="CTC_FISH_ScoreSheet" time="0.040" classname="biocept.qa.testcases.CTCWorkflow"/>
  <testcase name="ActivityTitleAfterReOpen" time="24.091" classname="biocept.qa.testcases.CTCWorkflow"/>
  <testcase name="FISHReloAnalysis" time="8.633" classname="biocept.qa.testcases.CTCWorkflow"/>
  <testcase name="LIMSLogin" time="10.953" classname="biocept.qa.testcases.CTCWorkflow"/>
  <testcase name="CellSepBatchingActivityTitle" time="7.495" classname="biocept.qa.testcases.CTCWorkflow"/>
  <testcase name="PIActivityTitle" time="7.671" classname="biocept.qa.testcases.CTCWorkflow"/>
  <testcase name="FishBatchReviewApproveWorklistTitle" time="5.088" classname="biocept.qa.testcases.CTCWorkflow"/>
</testsuite> <!-- biocept.qa.testcases.CTCWorkflow -->
