<?xml version="1.0" encoding="UTF-8"?>
<!-- Generated by org.testng.reporters.JUnitReportReporter -->
<testsuite hostname="Amarendra" name="biocept.qa.testcases.KRASWorkflow" tests="13" failures="1" timestamp="13 Jun 2019 15:57:57 GMT" time="284.070" errors="0">
  <testcase name="PageTitle" time="6.603" classname="biocept.qa.testcases.KRASWorkflow"/>
  <testcase name="KRASResultingUpdateResult" time="10.054" classname="biocept.qa.testcases.KRASWorkflow"/>
  <testcase name="KRASPIActivityResult" time="10.449" classname="biocept.qa.testcases.KRASWorkflow"/>
  <testcase name="KRASReportSignoff" time="49.152" classname="biocept.qa.testcases.KRASWorkflow"/>
  <testcase name="UploadMacroFile" time="7.904" classname="biocept.qa.testcases.KRASWorkflow"/>
  <testcase name="UploadSequenceImages" time="11.205" classname="biocept.qa.testcases.KRASWorkflow"/>
  <testcase name="dashboard" time="0.043" classname="biocept.qa.testcases.KRASWorkflow">
    <failure type="java.lang.AssertionError" message="expected [6] but found [7]">
      <![CDATA[java.lang.AssertionError: expected [6] but found [7]
	at org.testng.Assert.fail(Assert.java:94)
	at org.testng.Assert.failNotEquals(Assert.java:496)
	at org.testng.Assert.assertEquals(Assert.java:125)
	at org.testng.Assert.assertEquals(Assert.java:372)
	at org.testng.Assert.assertEquals(Assert.java:382)
	at biocept.qa.testcases.KRASWorkflow.dashboard(KRASWorkflow.java:81)
	at sun.reflect.NativeMethodAccessorImpl.invoke0(Native Method)
	at sun.reflect.NativeMethodAccessorImpl.invoke(Unknown Source)
	at sun.reflect.DelegatingMethodAccessorImpl.invoke(Unknown Source)
	at java.lang.reflect.Method.invoke(Unknown Source)
	at org.testng.internal.MethodInvocationHelper.invokeMethod(MethodInvocationHelper.java:85)
	at org.testng.internal.Invoker.invokeMethod(Invoker.java:639)
	at org.testng.internal.Invoker.invokeTestMethod(Invoker.java:816)
	at org.testng.internal.Invoker.invokeTestMethods(Invoker.java:1124)
	at org.testng.internal.TestMethodWorker.invokeTestMethods(TestMethodWorker.java:125)
	at org.testng.internal.TestMethodWorker.run(TestMethodWorker.java:108)
	at org.testng.TestRunner.privateRun(TestRunner.java:774)
	at org.testng.TestRunner.run(TestRunner.java:624)
	at org.testng.SuiteRunner.runTest(SuiteRunner.java:359)
	at org.testng.SuiteRunner.runSequentially(SuiteRunner.java:354)
	at org.testng.SuiteRunner.privateRun(SuiteRunner.java:312)
	at org.testng.SuiteRunner.run(SuiteRunner.java:261)
	at org.testng.SuiteRunnerWorker.runSuite(SuiteRunnerWorker.java:52)
	at org.testng.SuiteRunnerWorker.run(SuiteRunnerWorker.java:86)
	at org.testng.TestNG.runSuitesSequentially(TestNG.java:1191)
	at org.testng.TestNG.runSuitesLocally(TestNG.java:1116)
	at org.testng.TestNG.run(TestNG.java:1024)
	at org.testng.remote.AbstractRemoteTestNG.run(AbstractRemoteTestNG.java:126)
	at org.testng.remote.RemoteTestNG.initAndRun(RemoteTestNG.java:137)
	at org.testng.remote.RemoteTestNG.main(RemoteTestNG.java:58)
]]>
    </failure>
  </testcase> <!-- dashboard -->
  <testcase name="BarcodePage" time="0.138" classname="biocept.qa.testcases.KRASWorkflow"/>
  <testcase name="PlaceNewOrder" time="64.505" classname="biocept.qa.testcases.KRASWorkflow"/>
  <testcase name="KRASSequencingActivityResult" time="8.890" classname="biocept.qa.testcases.KRASWorkflow"/>
  <testcase name="KRASResultingActivityTitle" time="65.947" classname="biocept.qa.testcases.KRASWorkflow"/>
  <testcase name="KRASSequencingActivityTitle" time="40.618" classname="biocept.qa.testcases.KRASWorkflow"/>
  <testcase name="KRASPIActivityTitle" time="8.562" classname="biocept.qa.testcases.KRASWorkflow"/>
</testsuite> <!-- biocept.qa.testcases.KRASWorkflow -->
